{"C:\\Users\\joshs\\Documents\\Sandbox\\dub-ai-tracker\\src\\ai\\coach_system_prompt.ts": {"path":"C:\\Users\\joshs\\Documents\\Sandbox\\dub-ai-tracker\\src\\ai\\coach_system_prompt.ts","statementMap":{"0":{"start":{"line":12,"column":98},"end":{"line":38,"column":1}},"1":{"start":{"line":40,"column":25},"end":{"line":61,"column":1}},"2":{"start":{"line":64,"column":15},"end":{"line":64,"column":27}},"3":{"start":{"line":65,"column":19},"end":{"line":65,"column":42}},"4":{"start":{"line":67,"column":26},"end":{"line":67,"column":28}},"5":{"start":{"line":70,"column":2},"end":{"line":75,"column":4}},"6":{"start":{"line":78,"column":2},"end":{"line":78,"column":65}},"7":{"start":{"line":79,"column":2},"end":{"line":81,"column":3}},"8":{"start":{"line":80,"column":4},"end":{"line":80,"column":44}},"9":{"start":{"line":83,"column":56},"end":{"line":104,"column":3}},"10":{"start":{"line":105,"column":2},"end":{"line":105,"column":34}},"11":{"start":{"line":109,"column":2},"end":{"line":125,"column":3}},"12":{"start":{"line":110,"column":22},"end":{"line":123,"column":6}},"13":{"start":{"line":111,"column":6},"end":{"line":122,"column":7}},"14":{"start":{"line":113,"column":10},"end":{"line":113,"column":287}},"15":{"start":{"line":115,"column":10},"end":{"line":115,"column":311}},"16":{"start":{"line":117,"column":10},"end":{"line":117,"column":188}},"17":{"start":{"line":119,"column":10},"end":{"line":119,"column":208}},"18":{"start":{"line":121,"column":10},"end":{"line":121,"column":26}},"19":{"start":{"line":124,"column":4},"end":{"line":124,"column":77}},"20":{"start":{"line":127,"column":2},"end":{"line":151,"column":4}},"21":{"start":{"line":154,"column":2},"end":{"line":165,"column":3}},"22":{"start":{"line":155,"column":14},"end":{"line":155,"column":29}},"23":{"start":{"line":156,"column":16},"end":{"line":156,"column":96}},"24":{"start":{"line":157,"column":21},"end":{"line":157,"column":122}},"25":{"start":{"line":158,"column":25},"end":{"line":160,"column":10}},"26":{"start":{"line":161,"column":19},"end":{"line":161,"column":105}},"27":{"start":{"line":162,"column":19},"end":{"line":162,"column":60}},"28":{"start":{"line":163,"column":17},"end":{"line":163,"column":48}},"29":{"start":{"line":164,"column":4},"end":{"line":164,"column":136}},"30":{"start":{"line":167,"column":2},"end":{"line":172,"column":3}},"31":{"start":{"line":168,"column":19},"end":{"line":168,"column":57}},"32":{"start":{"line":169,"column":17},"end":{"line":169,"column":62}},"33":{"start":{"line":170,"column":22},"end":{"line":170,"column":96}},"34":{"start":{"line":171,"column":4},"end":{"line":171,"column":156}},"35":{"start":{"line":174,"column":13},"end":{"line":174,"column":31}},"36":{"start":{"line":175,"column":16},"end":{"line":175,"column":53}},"37":{"start":{"line":176,"column":25},"end":{"line":176,"column":63}},"38":{"start":{"line":177,"column":30},"end":{"line":177,"column":32}},"39":{"start":{"line":178,"column":2},"end":{"line":178,"column":70}},"40":{"start":{"line":178,"column":23},"end":{"line":178,"column":70}},"41":{"start":{"line":179,"column":2},"end":{"line":179,"column":76}},"42":{"start":{"line":179,"column":25},"end":{"line":179,"column":76}},"43":{"start":{"line":180,"column":2},"end":{"line":180,"column":79}},"44":{"start":{"line":180,"column":26},"end":{"line":180,"column":79}},"45":{"start":{"line":181,"column":18},"end":{"line":181,"column":71}},"46":{"start":{"line":182,"column":2},"end":{"line":182,"column":332}},"47":{"start":{"line":184,"column":2},"end":{"line":186,"column":3}},"48":{"start":{"line":185,"column":4},"end":{"line":185,"column":55}},"49":{"start":{"line":188,"column":2},"end":{"line":190,"column":3}},"50":{"start":{"line":189,"column":4},"end":{"line":189,"column":24}},"51":{"start":{"line":192,"column":2},"end":{"line":194,"column":3}},"52":{"start":{"line":193,"column":4},"end":{"line":193,"column":98}},"53":{"start":{"line":193,"column":68},"end":{"line":193,"column":81}},"54":{"start":{"line":196,"column":2},"end":{"line":198,"column":3}},"55":{"start":{"line":197,"column":4},"end":{"line":197,"column":157}},"56":{"start":{"line":197,"column":64},"end":{"line":197,"column":140}},"57":{"start":{"line":200,"column":2},"end":{"line":202,"column":3}},"58":{"start":{"line":201,"column":4},"end":{"line":201,"column":138}},"59":{"start":{"line":201,"column":63},"end":{"line":201,"column":121}},"60":{"start":{"line":204,"column":2},"end":{"line":206,"column":3}},"61":{"start":{"line":205,"column":4},"end":{"line":205,"column":40}},"62":{"start":{"line":208,"column":2},"end":{"line":210,"column":3}},"63":{"start":{"line":209,"column":4},"end":{"line":209,"column":198}},"64":{"start":{"line":212,"column":2},"end":{"line":224,"column":3}},"65":{"start":{"line":213,"column":21},"end":{"line":213,"column":95}},"66":{"start":{"line":214,"column":25},"end":{"line":216,"column":14}},"67":{"start":{"line":215,"column":48},"end":{"line":215,"column":60}},"68":{"start":{"line":217,"column":21},"end":{"line":217,"column":96}},"69":{"start":{"line":218,"column":22},"end":{"line":218,"column":159}},"70":{"start":{"line":219,"column":23},"end":{"line":219,"column":108}},"71":{"start":{"line":220,"column":4},"end":{"line":223,"column":6}},"72":{"start":{"line":226,"column":2},"end":{"line":226,"column":28}},"73":{"start":{"line":229,"column":40},"end":{"line":237,"column":1}},"74":{"start":{"line":242,"column":61},"end":{"line":255,"column":1}},"75":{"start":{"line":261,"column":13},"end":{"line":261,"column":21}},"76":{"start":{"line":262,"column":29},"end":{"line":262,"column":31}},"77":{"start":{"line":263,"column":17},"end":{"line":263,"column":22}},"78":{"start":{"line":267,"column":20},"end":{"line":267,"column":38}},"79":{"start":{"line":268,"column":2},"end":{"line":276,"column":3}},"80":{"start":{"line":269,"column":4},"end":{"line":275,"column":5}},"81":{"start":{"line":270,"column":20},"end":{"line":270,"column":81}},"82":{"start":{"line":271,"column":26},"end":{"line":271,"column":82}},"83":{"start":{"line":272,"column":6},"end":{"line":272,"column":46}},"84":{"start":{"line":273,"column":6},"end":{"line":273,"column":79}},"85":{"start":{"line":274,"column":6},"end":{"line":274,"column":22}},"86":{"start":{"line":279,"column":32},"end":{"line":281,"column":3}},"87":{"start":{"line":280,"column":11},"end":{"line":280,"column":49}},"88":{"start":{"line":283,"column":2},"end":{"line":299,"column":3}},"89":{"start":{"line":284,"column":26},"end":{"line":284,"column":44}},"90":{"start":{"line":285,"column":4},"end":{"line":294,"column":5}},"91":{"start":{"line":286,"column":6},"end":{"line":293,"column":7}},"92":{"start":{"line":287,"column":22},"end":{"line":287,"column":86}},"93":{"start":{"line":288,"column":8},"end":{"line":288,"column":39}},"94":{"start":{"line":289,"column":8},"end":{"line":291,"column":10}},"95":{"start":{"line":292,"column":8},"end":{"line":292,"column":24}},"96":{"start":{"line":295,"column":4},"end":{"line":298,"column":5}},"97":{"start":{"line":295,"column":29},"end":{"line":295,"column":62}},"98":{"start":{"line":296,"column":6},"end":{"line":297,"column":130}},"99":{"start":{"line":301,"column":2},"end":{"line":301,"column":38}}},"fnMap":{"0":{"name":"buildSystemPrompt","decl":{"start":{"line":63,"column":16},"end":{"line":63,"column":33}},"loc":{"start":{"line":63,"column":125},"end":{"line":227,"column":1}},"line":63},"1":{"name":"(anonymous_1)","decl":{"start":{"line":110,"column":48},"end":{"line":110,"column":49}},"loc":{"start":{"line":110,"column":55},"end":{"line":123,"column":5}},"line":110},"2":{"name":"(anonymous_2)","decl":{"start":{"line":193,"column":61},"end":{"line":193,"column":62}},"loc":{"start":{"line":193,"column":68},"end":{"line":193,"column":81}},"line":193},"3":{"name":"(anonymous_3)","decl":{"start":{"line":197,"column":57},"end":{"line":197,"column":58}},"loc":{"start":{"line":197,"column":64},"end":{"line":197,"column":140}},"line":197},"4":{"name":"(anonymous_4)","decl":{"start":{"line":201,"column":56},"end":{"line":201,"column":57}},"loc":{"start":{"line":201,"column":63},"end":{"line":201,"column":121}},"line":201},"5":{"name":"(anonymous_5)","decl":{"start":{"line":215,"column":41},"end":{"line":215,"column":42}},"loc":{"start":{"line":215,"column":48},"end":{"line":215,"column":60}},"line":215},"6":{"name":"filterCoachResponse","decl":{"start":{"line":257,"column":16},"end":{"line":257,"column":35}},"loc":{"start":{"line":260,"column":59},"end":{"line":302,"column":1}},"line":260},"7":{"name":"(anonymous_7)","decl":{"start":{"line":280,"column":4},"end":{"line":280,"column":5}},"loc":{"start":{"line":280,"column":11},"end":{"line":280,"column":49}},"line":280},"8":{"name":"(anonymous_8)","decl":{"start":{"line":295,"column":22},"end":{"line":295,"column":23}},"loc":{"start":{"line":295,"column":29},"end":{"line":295,"column":62}},"line":295}},"branchMap":{"0":{"loc":{"start":{"line":79,"column":2},"end":{"line":81,"column":3}},"type":"if","locations":[{"start":{"line":79,"column":2},"end":{"line":81,"column":3}},{"start":{},"end":{}}],"line":79},"1":{"loc":{"start":{"line":109,"column":2},"end":{"line":125,"column":3}},"type":"if","locations":[{"start":{"line":109,"column":2},"end":{"line":125,"column":3}},{"start":{},"end":{}}],"line":109},"2":{"loc":{"start":{"line":111,"column":6},"end":{"line":122,"column":7}},"type":"switch","locations":[{"start":{"line":112,"column":8},"end":{"line":113,"column":287}},{"start":{"line":114,"column":8},"end":{"line":115,"column":311}},{"start":{"line":116,"column":8},"end":{"line":117,"column":188}},{"start":{"line":118,"column":8},"end":{"line":119,"column":208}},{"start":{"line":120,"column":8},"end":{"line":121,"column":26}}],"line":111},"3":{"loc":{"start":{"line":154,"column":2},"end":{"line":165,"column":3}},"type":"if","locations":[{"start":{"line":154,"column":2},"end":{"line":165,"column":3}},{"start":{},"end":{}}],"line":154},"4":{"loc":{"start":{"line":156,"column":16},"end":{"line":156,"column":96}},"type":"cond-expr","locations":[{"start":{"line":156,"column":24},"end":{"line":156,"column":90}},{"start":{"line":156,"column":93},"end":{"line":156,"column":96}}],"line":156},"5":{"loc":{"start":{"line":157,"column":21},"end":{"line":157,"column":122}},"type":"cond-expr","locations":[{"start":{"line":157,"column":53},"end":{"line":157,"column":55}},{"start":{"line":157,"column":58},"end":{"line":157,"column":122}}],"line":157},"6":{"loc":{"start":{"line":157,"column":58},"end":{"line":157,"column":122}},"type":"cond-expr","locations":[{"start":{"line":157,"column":81},"end":{"line":157,"column":84}},{"start":{"line":157,"column":87},"end":{"line":157,"column":122}}],"line":157},"7":{"loc":{"start":{"line":157,"column":87},"end":{"line":157,"column":122}},"type":"cond-expr","locations":[{"start":{"line":157,"column":95},"end":{"line":157,"column":117}},{"start":{"line":157,"column":120},"end":{"line":157,"column":122}}],"line":157},"8":{"loc":{"start":{"line":158,"column":25},"end":{"line":160,"column":10}},"type":"cond-expr","locations":[{"start":{"line":159,"column":8},"end":{"line":159,"column":44}},{"start":{"line":160,"column":8},"end":{"line":160,"column":10}}],"line":158},"9":{"loc":{"start":{"line":158,"column":25},"end":{"line":158,"column":73}},"type":"binary-expr","locations":[{"start":{"line":158,"column":25},"end":{"line":158,"column":35}},{"start":{"line":158,"column":39},"end":{"line":158,"column":73}}],"line":158},"10":{"loc":{"start":{"line":161,"column":19},"end":{"line":161,"column":105}},"type":"cond-expr","locations":[{"start":{"line":161,"column":37},"end":{"line":161,"column":99}},{"start":{"line":161,"column":102},"end":{"line":161,"column":105}}],"line":161},"11":{"loc":{"start":{"line":162,"column":19},"end":{"line":162,"column":60}},"type":"cond-expr","locations":[{"start":{"line":162,"column":34},"end":{"line":162,"column":54}},{"start":{"line":162,"column":57},"end":{"line":162,"column":60}}],"line":162},"12":{"loc":{"start":{"line":163,"column":17},"end":{"line":163,"column":48}},"type":"binary-expr","locations":[{"start":{"line":163,"column":17},"end":{"line":163,"column":34}},{"start":{"line":163,"column":38},"end":{"line":163,"column":48}}],"line":163},"13":{"loc":{"start":{"line":164,"column":28},"end":{"line":164,"column":44}},"type":"binary-expr","locations":[{"start":{"line":164,"column":28},"end":{"line":164,"column":34}},{"start":{"line":164,"column":38},"end":{"line":164,"column":44}}],"line":164},"14":{"loc":{"start":{"line":164,"column":54},"end":{"line":164,"column":84}},"type":"cond-expr","locations":[{"start":{"line":164,"column":65},"end":{"line":164,"column":79}},{"start":{"line":164,"column":82},"end":{"line":164,"column":84}}],"line":164},"15":{"loc":{"start":{"line":167,"column":2},"end":{"line":172,"column":3}},"type":"if","locations":[{"start":{"line":167,"column":2},"end":{"line":172,"column":3}},{"start":{},"end":{}}],"line":167},"16":{"loc":{"start":{"line":167,"column":6},"end":{"line":167,"column":49}},"type":"binary-expr","locations":[{"start":{"line":167,"column":6},"end":{"line":167,"column":25}},{"start":{"line":167,"column":29},"end":{"line":167,"column":49}}],"line":167},"17":{"loc":{"start":{"line":168,"column":19},"end":{"line":168,"column":57}},"type":"binary-expr","locations":[{"start":{"line":168,"column":19},"end":{"line":168,"column":41}},{"start":{"line":168,"column":45},"end":{"line":168,"column":57}}],"line":168},"18":{"loc":{"start":{"line":170,"column":22},"end":{"line":170,"column":96}},"type":"cond-expr","locations":[{"start":{"line":170,"column":33},"end":{"line":170,"column":50}},{"start":{"line":170,"column":53},"end":{"line":170,"column":96}}],"line":170},"19":{"loc":{"start":{"line":170,"column":53},"end":{"line":170,"column":96}},"type":"cond-expr","locations":[{"start":{"line":170,"column":64},"end":{"line":170,"column":91}},{"start":{"line":170,"column":94},"end":{"line":170,"column":96}}],"line":170},"20":{"loc":{"start":{"line":171,"column":120},"end":{"line":171,"column":152}},"type":"cond-expr","locations":[{"start":{"line":171,"column":132},"end":{"line":171,"column":147}},{"start":{"line":171,"column":150},"end":{"line":171,"column":152}}],"line":171},"21":{"loc":{"start":{"line":176,"column":25},"end":{"line":176,"column":63}},"type":"binary-expr","locations":[{"start":{"line":176,"column":25},"end":{"line":176,"column":47}},{"start":{"line":176,"column":51},"end":{"line":176,"column":63}}],"line":176},"22":{"loc":{"start":{"line":178,"column":2},"end":{"line":178,"column":70}},"type":"if","locations":[{"start":{"line":178,"column":2},"end":{"line":178,"column":70}},{"start":{},"end":{}}],"line":178},"23":{"loc":{"start":{"line":179,"column":2},"end":{"line":179,"column":76}},"type":"if","locations":[{"start":{"line":179,"column":2},"end":{"line":179,"column":76}},{"start":{},"end":{}}],"line":179},"24":{"loc":{"start":{"line":180,"column":2},"end":{"line":180,"column":79}},"type":"if","locations":[{"start":{"line":180,"column":2},"end":{"line":180,"column":79}},{"start":{},"end":{}}],"line":180},"25":{"loc":{"start":{"line":181,"column":18},"end":{"line":181,"column":71}},"type":"cond-expr","locations":[{"start":{"line":181,"column":41},"end":{"line":181,"column":66}},{"start":{"line":181,"column":69},"end":{"line":181,"column":71}}],"line":181},"26":{"loc":{"start":{"line":182,"column":61},"end":{"line":182,"column":110}},"type":"cond-expr","locations":[{"start":{"line":182,"column":78},"end":{"line":182,"column":104}},{"start":{"line":182,"column":107},"end":{"line":182,"column":110}}],"line":182},"27":{"loc":{"start":{"line":182,"column":153},"end":{"line":182,"column":246}},"type":"cond-expr","locations":[{"start":{"line":182,"column":170},"end":{"line":182,"column":240}},{"start":{"line":182,"column":243},"end":{"line":182,"column":246}}],"line":182},"28":{"loc":{"start":{"line":184,"column":2},"end":{"line":186,"column":3}},"type":"if","locations":[{"start":{"line":184,"column":2},"end":{"line":186,"column":3}},{"start":{},"end":{}}],"line":184},"29":{"loc":{"start":{"line":192,"column":2},"end":{"line":194,"column":3}},"type":"if","locations":[{"start":{"line":192,"column":2},"end":{"line":194,"column":3}},{"start":{},"end":{}}],"line":192},"30":{"loc":{"start":{"line":196,"column":2},"end":{"line":198,"column":3}},"type":"if","locations":[{"start":{"line":196,"column":2},"end":{"line":198,"column":3}},{"start":{},"end":{}}],"line":196},"31":{"loc":{"start":{"line":200,"column":2},"end":{"line":202,"column":3}},"type":"if","locations":[{"start":{"line":200,"column":2},"end":{"line":202,"column":3}},{"start":{},"end":{}}],"line":200},"32":{"loc":{"start":{"line":204,"column":2},"end":{"line":206,"column":3}},"type":"if","locations":[{"start":{"line":204,"column":2},"end":{"line":206,"column":3}},{"start":{},"end":{}}],"line":204},"33":{"loc":{"start":{"line":208,"column":2},"end":{"line":210,"column":3}},"type":"if","locations":[{"start":{"line":208,"column":2},"end":{"line":210,"column":3}},{"start":{},"end":{}}],"line":208},"34":{"loc":{"start":{"line":212,"column":2},"end":{"line":224,"column":3}},"type":"if","locations":[{"start":{"line":212,"column":2},"end":{"line":224,"column":3}},{"start":{},"end":{}}],"line":212},"35":{"loc":{"start":{"line":213,"column":21},"end":{"line":213,"column":95}},"type":"cond-expr","locations":[{"start":{"line":213,"column":56},"end":{"line":213,"column":87}},{"start":{"line":213,"column":90},"end":{"line":213,"column":95}}],"line":213},"36":{"loc":{"start":{"line":214,"column":25},"end":{"line":216,"column":14}},"type":"cond-expr","locations":[{"start":{"line":215,"column":8},"end":{"line":215,"column":71}},{"start":{"line":216,"column":8},"end":{"line":216,"column":14}}],"line":214},"37":{"loc":{"start":{"line":217,"column":21},"end":{"line":217,"column":96}},"type":"cond-expr","locations":[{"start":{"line":217,"column":56},"end":{"line":217,"column":87}},{"start":{"line":217,"column":90},"end":{"line":217,"column":96}}],"line":217},"38":{"loc":{"start":{"line":218,"column":35},"end":{"line":218,"column":81}},"type":"binary-expr","locations":[{"start":{"line":218,"column":35},"end":{"line":218,"column":57}},{"start":{"line":218,"column":61},"end":{"line":218,"column":73}},{"start":{"line":218,"column":77},"end":{"line":218,"column":81}}],"line":218},"39":{"loc":{"start":{"line":219,"column":36},"end":{"line":219,"column":75}},"type":"binary-expr","locations":[{"start":{"line":219,"column":36},"end":{"line":219,"column":68}},{"start":{"line":219,"column":72},"end":{"line":219,"column":75}}],"line":219},"40":{"loc":{"start":{"line":269,"column":4},"end":{"line":275,"column":5}},"type":"if","locations":[{"start":{"line":269,"column":4},"end":{"line":275,"column":5}},{"start":{},"end":{}}],"line":269},"41":{"loc":{"start":{"line":271,"column":26},"end":{"line":271,"column":82}},"type":"binary-expr","locations":[{"start":{"line":271,"column":26},"end":{"line":271,"column":74}},{"start":{"line":271,"column":78},"end":{"line":271,"column":82}}],"line":271},"42":{"loc":{"start":{"line":283,"column":2},"end":{"line":299,"column":3}},"type":"if","locations":[{"start":{"line":283,"column":2},"end":{"line":299,"column":3}},{"start":{},"end":{}}],"line":283},"43":{"loc":{"start":{"line":286,"column":6},"end":{"line":293,"column":7}},"type":"if","locations":[{"start":{"line":286,"column":6},"end":{"line":293,"column":7}},{"start":{},"end":{}}],"line":286},"44":{"loc":{"start":{"line":295,"column":4},"end":{"line":298,"column":5}},"type":"if","locations":[{"start":{"line":295,"column":4},"end":{"line":298,"column":5}},{"start":{},"end":{}}],"line":295}},"s":{"0":3,"1":3,"2":12,"3":12,"4":12,"5":12,"6":12,"7":12,"8":0,"9":12,"10":12,"11":12,"12":4,"13":5,"14":1,"15":4,"16":0,"17":0,"18":0,"19":4,"20":12,"21":12,"22":12,"23":12,"24":12,"25":12,"26":12,"27":12,"28":12,"29":12,"30":12,"31":12,"32":12,"33":12,"34":12,"35":12,"36":12,"37":12,"38":12,"39":12,"40":12,"41":12,"42":12,"43":12,"44":12,"45":12,"46":12,"47":12,"48":12,"49":12,"50":1,"51":12,"52":1,"53":1,"54":12,"55":1,"56":1,"57":12,"58":2,"59":2,"60":12,"61":0,"62":12,"63":0,"64":12,"65":1,"66":1,"67":0,"68":1,"69":1,"70":1,"71":1,"72":12,"73":3,"74":3,"75":0,"76":0,"77":0,"78":0,"79":0,"80":0,"81":0,"82":0,"83":0,"84":0,"85":0,"86":0,"87":0,"88":0,"89":0,"90":0,"91":0,"92":0,"93":0,"94":0,"95":0,"96":0,"97":0,"98":0,"99":0},"f":{"0":12,"1":5,"2":1,"3":1,"4":2,"5":0,"6":0,"7":0,"8":0},"b":{"0":[0,12],"1":[4,8],"2":[1,4,0,0,0],"3":[12,0],"4":[12,0],"5":[0,12],"6":[0,12],"7":[12,0],"8":[0,12],"9":[12,0],"10":[12,0],"11":[12,0],"12":[12,0],"13":[12,0],"14":[12,0],"15":[12,0],"16":[12,12],"17":[12,0],"18":[12,0],"19":[0,0],"20":[12,0],"21":[12,0],"22":[12,0],"23":[12,0],"24":[12,0],"25":[12,0],"26":[12,0],"27":[12,0],"28":[12,0],"29":[1,11],"30":[1,11],"31":[2,10],"32":[0,12],"33":[0,12],"34":[1,11],"35":[1,0],"36":[0,1],"37":[0,1],"38":[1,0,0],"39":[1,0],"40":[0,0],"41":[0,0],"42":[0,0],"43":[0,0],"44":[0,0]},"_coverageSchema":"1a1c01bbd47fc00a2c39e90264f33305004495a9","hash":"fa920228c81a313143de387433444a303701787f"}
,"C:\\Users\\joshs\\Documents\\Sandbox\\dub-ai-tracker\\src\\ai\\context_builder.ts": {"path":"C:\\Users\\joshs\\Documents\\Sandbox\\dub-ai-tracker\\src\\ai\\context_builder.ts","statementMap":{"0":{"start":{"line":54,"column":12},"end":{"line":54,"column":22}},"1":{"start":{"line":55,"column":2},"end":{"line":55,"column":35}},"2":{"start":{"line":56,"column":2},"end":{"line":56,"column":115}},"3":{"start":{"line":60,"column":23},"end":{"line":60,"column":95}},"4":{"start":{"line":61,"column":25},"end":{"line":61,"column":81}},"5":{"start":{"line":62,"column":24},"end":{"line":68,"column":1}},"6":{"start":{"line":69,"column":27},"end":{"line":69,"column":89}},"7":{"start":{"line":70,"column":25},"end":{"line":70,"column":121}},"8":{"start":{"line":71,"column":20},"end":{"line":71,"column":102}},"9":{"start":{"line":72,"column":23},"end":{"line":72,"column":77}},"10":{"start":{"line":73,"column":28},"end":{"line":73,"column":93}},"11":{"start":{"line":74,"column":28},"end":{"line":74,"column":77}},"12":{"start":{"line":75,"column":25},"end":{"line":75,"column":80}},"13":{"start":{"line":76,"column":28},"end":{"line":76,"column":105}},"14":{"start":{"line":79,"column":16},"end":{"line":79,"column":37}},"15":{"start":{"line":80,"column":2},"end":{"line":80,"column":51}},"16":{"start":{"line":80,"column":31},"end":{"line":80,"column":49}},"17":{"start":{"line":86,"column":26},"end":{"line":90,"column":3}},"18":{"start":{"line":91,"column":2},"end":{"line":95,"column":3}},"19":{"start":{"line":92,"column":4},"end":{"line":94,"column":5}},"20":{"start":{"line":93,"column":6},"end":{"line":93,"column":98}},"21":{"start":{"line":102,"column":16},"end":{"line":102,"column":33}},"22":{"start":{"line":105,"column":64},"end":{"line":110,"column":4}},"23":{"start":{"line":112,"column":22},"end":{"line":112,"column":40}},"24":{"start":{"line":127,"column":6},"end":{"line":139,"column":4}},"25":{"start":{"line":141,"column":16},"end":{"line":141,"column":33}},"26":{"start":{"line":142,"column":17},"end":{"line":142,"column":35}},"27":{"start":{"line":143,"column":20},"end":{"line":143,"column":41}},"28":{"start":{"line":144,"column":16},"end":{"line":144,"column":33}},"29":{"start":{"line":146,"column":31},"end":{"line":146,"column":33}},"30":{"start":{"line":147,"column":2},"end":{"line":147,"column":58}},"31":{"start":{"line":147,"column":24},"end":{"line":147,"column":58}},"32":{"start":{"line":148,"column":2},"end":{"line":148,"column":60}},"33":{"start":{"line":148,"column":25},"end":{"line":148,"column":60}},"34":{"start":{"line":149,"column":2},"end":{"line":149,"column":52}},"35":{"start":{"line":149,"column":18},"end":{"line":149,"column":52}},"36":{"start":{"line":150,"column":2},"end":{"line":150,"column":59}},"37":{"start":{"line":150,"column":24},"end":{"line":150,"column":59}},"38":{"start":{"line":151,"column":2},"end":{"line":151,"column":54}},"39":{"start":{"line":151,"column":17},"end":{"line":151,"column":54}},"40":{"start":{"line":152,"column":26},"end":{"line":152,"column":46}},"41":{"start":{"line":153,"column":2},"end":{"line":153,"column":67}},"42":{"start":{"line":153,"column":34},"end":{"line":153,"column":67}},"43":{"start":{"line":154,"column":21},"end":{"line":154,"column":36}},"44":{"start":{"line":155,"column":2},"end":{"line":155,"column":63}},"45":{"start":{"line":155,"column":29},"end":{"line":155,"column":63}},"46":{"start":{"line":157,"column":19},"end":{"line":157,"column":39}},"47":{"start":{"line":158,"column":25},"end":{"line":158,"column":83}},"48":{"start":{"line":158,"column":51},"end":{"line":158,"column":79}},"49":{"start":{"line":160,"column":38},"end":{"line":178,"column":3}},"50":{"start":{"line":161,"column":46},"end":{"line":161,"column":87}},"51":{"start":{"line":163,"column":38},"end":{"line":163,"column":80}},"52":{"start":{"line":164,"column":36},"end":{"line":164,"column":76}},"53":{"start":{"line":165,"column":34},"end":{"line":165,"column":72}},"54":{"start":{"line":166,"column":38},"end":{"line":166,"column":53}},"55":{"start":{"line":167,"column":44},"end":{"line":167,"column":59}},"56":{"start":{"line":169,"column":34},"end":{"line":169,"column":49}},"57":{"start":{"line":170,"column":52},"end":{"line":170,"column":63}},"58":{"start":{"line":171,"column":51},"end":{"line":171,"column":67}},"59":{"start":{"line":171,"column":86},"end":{"line":171,"column":99}},"60":{"start":{"line":171,"column":135},"end":{"line":171,"column":151}},"61":{"start":{"line":172,"column":52},"end":{"line":172,"column":69}},"62":{"start":{"line":172,"column":88},"end":{"line":172,"column":102}},"63":{"start":{"line":172,"column":138},"end":{"line":172,"column":155}},"64":{"start":{"line":181,"column":27},"end":{"line":181,"column":31}},"65":{"start":{"line":182,"column":28},"end":{"line":182,"column":32}},"66":{"start":{"line":183,"column":37},"end":{"line":183,"column":41}},"67":{"start":{"line":184,"column":2},"end":{"line":203,"column":3}},"68":{"start":{"line":191,"column":16},"end":{"line":191,"column":39}},"69":{"start":{"line":192,"column":21},"end":{"line":192,"column":48}},"70":{"start":{"line":193,"column":21},"end":{"line":193,"column":54}},"71":{"start":{"line":194,"column":4},"end":{"line":194,"column":125}},"72":{"start":{"line":195,"column":4},"end":{"line":195,"column":54}},"73":{"start":{"line":196,"column":4},"end":{"line":202,"column":7}},"74":{"start":{"line":206,"column":40},"end":{"line":206,"column":42}},"75":{"start":{"line":209,"column":24},"end":{"line":209,"column":55}},"76":{"start":{"line":210,"column":2},"end":{"line":212,"column":3}},"77":{"start":{"line":211,"column":4},"end":{"line":211,"column":121}},"78":{"start":{"line":215,"column":2},"end":{"line":228,"column":3}},"79":{"start":{"line":216,"column":4},"end":{"line":227,"column":5}},"80":{"start":{"line":217,"column":30},"end":{"line":217,"column":32}},"81":{"start":{"line":218,"column":6},"end":{"line":218,"column":109}},"82":{"start":{"line":218,"column":46},"end":{"line":218,"column":109}},"83":{"start":{"line":219,"column":6},"end":{"line":219,"column":107}},"84":{"start":{"line":219,"column":47},"end":{"line":219,"column":107}},"85":{"start":{"line":220,"column":6},"end":{"line":220,"column":114}},"86":{"start":{"line":220,"column":49},"end":{"line":220,"column":114}},"87":{"start":{"line":221,"column":6},"end":{"line":221,"column":98}},"88":{"start":{"line":221,"column":42},"end":{"line":221,"column":98}},"89":{"start":{"line":222,"column":6},"end":{"line":222,"column":104}},"90":{"start":{"line":222,"column":44},"end":{"line":222,"column":104}},"91":{"start":{"line":223,"column":6},"end":{"line":223,"column":107}},"92":{"start":{"line":223,"column":45},"end":{"line":223,"column":107}},"93":{"start":{"line":224,"column":6},"end":{"line":226,"column":7}},"94":{"start":{"line":225,"column":8},"end":{"line":225,"column":60}},"95":{"start":{"line":231,"column":41},"end":{"line":231,"column":43}},"96":{"start":{"line":232,"column":2},"end":{"line":234,"column":3}},"97":{"start":{"line":233,"column":4},"end":{"line":233,"column":93}},"98":{"start":{"line":240,"column":34},"end":{"line":240,"column":36}},"99":{"start":{"line":242,"column":26},"end":{"line":242,"column":62}},"100":{"start":{"line":243,"column":43},"end":{"line":243,"column":45}},"101":{"start":{"line":244,"column":4},"end":{"line":258,"column":5}},"102":{"start":{"line":245,"column":22},"end":{"line":245,"column":58}},"103":{"start":{"line":246,"column":6},"end":{"line":257,"column":7}},"104":{"start":{"line":247,"column":8},"end":{"line":256,"column":9}},"105":{"start":{"line":248,"column":10},"end":{"line":255,"column":11}},"106":{"start":{"line":249,"column":12},"end":{"line":254,"column":15}},"107":{"start":{"line":261,"column":27},"end":{"line":263,"column":5}},"108":{"start":{"line":262,"column":13},"end":{"line":262,"column":50}},"109":{"start":{"line":266,"column":26},"end":{"line":268,"column":10}},"110":{"start":{"line":267,"column":36},"end":{"line":267,"column":72}},"111":{"start":{"line":270,"column":4},"end":{"line":270,"column":53}},"112":{"start":{"line":273,"column":17},"end":{"line":273,"column":34}},"113":{"start":{"line":274,"column":4},"end":{"line":278,"column":7}},"114":{"start":{"line":275,"column":6},"end":{"line":275,"column":45}},"115":{"start":{"line":275,"column":32},"end":{"line":275,"column":45}},"116":{"start":{"line":276,"column":6},"end":{"line":276,"column":27}},"117":{"start":{"line":277,"column":6},"end":{"line":277,"column":18}},"118":{"start":{"line":282,"column":43},"end":{"line":282,"column":47}},"119":{"start":{"line":283,"column":2},"end":{"line":309,"column":3}},"120":{"start":{"line":284,"column":19},"end":{"line":284,"column":58}},"121":{"start":{"line":285,"column":4},"end":{"line":308,"column":5}},"122":{"start":{"line":286,"column":24},"end":{"line":286,"column":44}},"123":{"start":{"line":287,"column":20},"end":{"line":287,"column":63}},"124":{"start":{"line":288,"column":6},"end":{"line":307,"column":7}},"125":{"start":{"line":289,"column":8},"end":{"line":300,"column":10}},"126":{"start":{"line":292,"column":27},"end":{"line":292,"column":36}},"127":{"start":{"line":293,"column":25},"end":{"line":299,"column":13}},"128":{"start":{"line":301,"column":8},"end":{"line":306,"column":9}},"129":{"start":{"line":302,"column":25},"end":{"line":304,"column":22}},"130":{"start":{"line":303,"column":24},"end":{"line":303,"column":93}},"131":{"start":{"line":305,"column":10},"end":{"line":305,"column":78}},"132":{"start":{"line":312,"column":34},"end":{"line":312,"column":38}},"133":{"start":{"line":313,"column":2},"end":{"line":319,"column":3}},"134":{"start":{"line":314,"column":23},"end":{"line":314,"column":91}},"135":{"start":{"line":315,"column":4},"end":{"line":318,"column":5}},"136":{"start":{"line":316,"column":6},"end":{"line":316,"column":45}},"137":{"start":{"line":317,"column":6},"end":{"line":317,"column":99}},"138":{"start":{"line":325,"column":47},"end":{"line":329,"column":5}},"139":{"start":{"line":325,"column":87},"end":{"line":329,"column":3}},"140":{"start":{"line":332,"column":34},"end":{"line":332,"column":36}},"141":{"start":{"line":333,"column":2},"end":{"line":339,"column":3}},"142":{"start":{"line":334,"column":18},"end":{"line":334,"column":99}},"143":{"start":{"line":335,"column":4},"end":{"line":338,"column":5}},"144":{"start":{"line":336,"column":6},"end":{"line":336,"column":75}},"145":{"start":{"line":336,"column":41},"end":{"line":336,"column":73}},"146":{"start":{"line":337,"column":6},"end":{"line":337,"column":79}},"147":{"start":{"line":342,"column":2},"end":{"line":347,"column":3}},"148":{"start":{"line":343,"column":4},"end":{"line":346,"column":5}},"149":{"start":{"line":344,"column":20},"end":{"line":344,"column":86}},"150":{"start":{"line":344,"column":47},"end":{"line":344,"column":85}},"151":{"start":{"line":345,"column":6},"end":{"line":345,"column":69}},"152":{"start":{"line":350,"column":2},"end":{"line":357,"column":3}},"153":{"start":{"line":351,"column":4},"end":{"line":356,"column":5}},"154":{"start":{"line":352,"column":20},"end":{"line":354,"column":7}},"155":{"start":{"line":353,"column":8},"end":{"line":353,"column":91}},"156":{"start":{"line":355,"column":6},"end":{"line":355,"column":64}},"157":{"start":{"line":360,"column":21},"end":{"line":360,"column":26}},"158":{"start":{"line":361,"column":2},"end":{"line":364,"column":3}},"159":{"start":{"line":362,"column":25},"end":{"line":362,"column":112}},"160":{"start":{"line":363,"column":4},"end":{"line":363,"column":57}},"161":{"start":{"line":367,"column":2},"end":{"line":390,"column":3}},"162":{"start":{"line":369,"column":23},"end":{"line":369,"column":48}},"163":{"start":{"line":370,"column":4},"end":{"line":382,"column":5}},"164":{"start":{"line":370,"column":17},"end":{"line":370,"column":18}},"165":{"start":{"line":371,"column":19},"end":{"line":371,"column":36}},"166":{"start":{"line":372,"column":23},"end":{"line":372,"column":90}},"167":{"start":{"line":373,"column":6},"end":{"line":381,"column":7}},"168":{"start":{"line":374,"column":8},"end":{"line":380,"column":9}},"169":{"start":{"line":375,"column":10},"end":{"line":379,"column":11}},"170":{"start":{"line":376,"column":12},"end":{"line":378,"column":13}},"171":{"start":{"line":377,"column":14},"end":{"line":377,"column":68}},"172":{"start":{"line":383,"column":4},"end":{"line":389,"column":5}},"173":{"start":{"line":384,"column":20},"end":{"line":387,"column":18}},"174":{"start":{"line":385,"column":24},"end":{"line":385,"column":35}},"175":{"start":{"line":386,"column":32},"end":{"line":386,"column":51}},"176":{"start":{"line":388,"column":6},"end":{"line":388,"column":65}},"177":{"start":{"line":393,"column":36},"end":{"line":393,"column":38}},"178":{"start":{"line":397,"column":4},"end":{"line":399,"column":20}},"179":{"start":{"line":401,"column":4},"end":{"line":403,"column":63}},"180":{"start":{"line":406,"column":2},"end":{"line":411,"column":3}},"181":{"start":{"line":407,"column":4},"end":{"line":410,"column":7}},"182":{"start":{"line":415,"column":18},"end":{"line":415,"column":19}},"183":{"start":{"line":416,"column":4},"end":{"line":425,"column":5}},"184":{"start":{"line":416,"column":17},"end":{"line":416,"column":18}},"185":{"start":{"line":417,"column":19},"end":{"line":417,"column":36}},"186":{"start":{"line":418,"column":23},"end":{"line":418,"column":108}},"187":{"start":{"line":419,"column":21},"end":{"line":419,"column":35}},"188":{"start":{"line":420,"column":6},"end":{"line":420,"column":40}},"189":{"start":{"line":420,"column":31},"end":{"line":420,"column":40}},"190":{"start":{"line":421,"column":21},"end":{"line":421,"column":90}},"191":{"start":{"line":421,"column":45},"end":{"line":421,"column":86}},"192":{"start":{"line":422,"column":6},"end":{"line":424,"column":7}},"193":{"start":{"line":423,"column":8},"end":{"line":423,"column":18}},"194":{"start":{"line":426,"column":4},"end":{"line":431,"column":5}},"195":{"start":{"line":427,"column":6},"end":{"line":430,"column":9}},"196":{"start":{"line":435,"column":2},"end":{"line":445,"column":3}},"197":{"start":{"line":436,"column":21},"end":{"line":436,"column":52}},"198":{"start":{"line":437,"column":20},"end":{"line":437,"column":63}},"199":{"start":{"line":438,"column":16},"end":{"line":438,"column":46}},"200":{"start":{"line":439,"column":4},"end":{"line":444,"column":5}},"201":{"start":{"line":440,"column":6},"end":{"line":443,"column":9}},"202":{"start":{"line":448,"column":2},"end":{"line":462,"column":3}},"203":{"start":{"line":453,"column":21},"end":{"line":453,"column":52}},"204":{"start":{"line":454,"column":20},"end":{"line":454,"column":63}},"205":{"start":{"line":455,"column":16},"end":{"line":455,"column":46}},"206":{"start":{"line":456,"column":4},"end":{"line":461,"column":5}},"207":{"start":{"line":457,"column":6},"end":{"line":460,"column":9}},"208":{"start":{"line":465,"column":20},"end":{"line":465,"column":45}},"209":{"start":{"line":468,"column":26},"end":{"line":468,"column":67}},"210":{"start":{"line":469,"column":2},"end":{"line":471,"column":3}},"211":{"start":{"line":470,"column":4},"end":{"line":470,"column":67}},"212":{"start":{"line":473,"column":32},"end":{"line":519,"column":3}},"213":{"start":{"line":522,"column":22},"end":{"line":522,"column":76}},"214":{"start":{"line":523,"column":2},"end":{"line":523,"column":38}},"215":{"start":{"line":525,"column":2},"end":{"line":525,"column":42}},"216":{"start":{"line":530,"column":26},"end":{"line":530,"column":28}},"217":{"start":{"line":531,"column":28},"end":{"line":531,"column":30}},"218":{"start":{"line":532,"column":23},"end":{"line":539,"column":12}},"219":{"start":{"line":541,"column":2},"end":{"line":547,"column":3}},"220":{"start":{"line":541,"column":15},"end":{"line":541,"column":16}},"221":{"start":{"line":542,"column":17},"end":{"line":542,"column":34}},"222":{"start":{"line":543,"column":4},"end":{"line":543,"column":21}},"223":{"start":{"line":544,"column":4},"end":{"line":546,"column":5}},"224":{"start":{"line":545,"column":6},"end":{"line":545,"column":42}},"225":{"start":{"line":549,"column":16},"end":{"line":549,"column":52}},"226":{"start":{"line":550,"column":17},"end":{"line":550,"column":42}},"227":{"start":{"line":551,"column":2},"end":{"line":553,"column":3}},"228":{"start":{"line":552,"column":4},"end":{"line":552,"column":42}},"229":{"start":{"line":552,"column":21},"end":{"line":552,"column":42}},"230":{"start":{"line":556,"column":16},"end":{"line":556,"column":49}},"231":{"start":{"line":557,"column":4},"end":{"line":557,"column":55}},"232":{"start":{"line":560,"column":21},"end":{"line":560,"column":22}},"233":{"start":{"line":561,"column":16},"end":{"line":572,"column":3}},"234":{"start":{"line":574,"column":2},"end":{"line":616,"column":3}},"235":{"start":{"line":575,"column":18},"end":{"line":575,"column":65}},"236":{"start":{"line":576,"column":4},"end":{"line":581,"column":5}},"237":{"start":{"line":577,"column":6},"end":{"line":577,"column":96}},"238":{"start":{"line":577,"column":49},"end":{"line":577,"column":90}},"239":{"start":{"line":578,"column":6},"end":{"line":578,"column":96}},"240":{"start":{"line":578,"column":48},"end":{"line":578,"column":90}},"241":{"start":{"line":579,"column":6},"end":{"line":579,"column":92}},"242":{"start":{"line":579,"column":46},"end":{"line":579,"column":86}},"243":{"start":{"line":580,"column":6},"end":{"line":580,"column":88}},"244":{"start":{"line":580,"column":44},"end":{"line":580,"column":82}},"245":{"start":{"line":583,"column":19},"end":{"line":583,"column":68}},"246":{"start":{"line":584,"column":4},"end":{"line":586,"column":5}},"247":{"start":{"line":585,"column":6},"end":{"line":585,"column":68}},"248":{"start":{"line":585,"column":47},"end":{"line":585,"column":62}},"249":{"start":{"line":588,"column":23},"end":{"line":588,"column":70}},"250":{"start":{"line":589,"column":4},"end":{"line":592,"column":5}},"251":{"start":{"line":590,"column":20},"end":{"line":590,"column":113}},"252":{"start":{"line":591,"column":6},"end":{"line":591,"column":59}},"253":{"start":{"line":591,"column":35},"end":{"line":591,"column":59}},"254":{"start":{"line":594,"column":24},"end":{"line":594,"column":71}},"255":{"start":{"line":595,"column":4},"end":{"line":605,"column":5}},"256":{"start":{"line":596,"column":6},"end":{"line":596,"column":89}},"257":{"start":{"line":596,"column":51},"end":{"line":596,"column":62}},"258":{"start":{"line":597,"column":25},"end":{"line":597,"column":68}},"259":{"start":{"line":597,"column":51},"end":{"line":597,"column":67}},"260":{"start":{"line":598,"column":6},"end":{"line":600,"column":7}},"261":{"start":{"line":599,"column":8},"end":{"line":599,"column":93}},"262":{"start":{"line":599,"column":54},"end":{"line":599,"column":67}},"263":{"start":{"line":601,"column":26},"end":{"line":601,"column":70}},"264":{"start":{"line":601,"column":52},"end":{"line":601,"column":69}},"265":{"start":{"line":602,"column":6},"end":{"line":604,"column":7}},"266":{"start":{"line":603,"column":8},"end":{"line":603,"column":97}},"267":{"start":{"line":603,"column":56},"end":{"line":603,"column":70}},"268":{"start":{"line":607,"column":22},"end":{"line":607,"column":67}},"269":{"start":{"line":608,"column":4},"end":{"line":610,"column":5}},"270":{"start":{"line":609,"column":6},"end":{"line":609,"column":46}},"271":{"start":{"line":612,"column":27},"end":{"line":612,"column":80}},"272":{"start":{"line":613,"column":4},"end":{"line":615,"column":5}},"273":{"start":{"line":614,"column":6},"end":{"line":614,"column":21}},"274":{"start":{"line":618,"column":14},"end":{"line":618,"column":100}},"275":{"start":{"line":618,"column":33},"end":{"line":618,"column":100}},"276":{"start":{"line":618,"column":71},"end":{"line":618,"column":76}},"277":{"start":{"line":620,"column":2},"end":{"line":633,"column":4}}},"fnMap":{"0":{"name":"pastDateString","decl":{"start":{"line":53,"column":9},"end":{"line":53,"column":23}},"loc":{"start":{"line":53,"column":49},"end":{"line":57,"column":1}},"line":53},"1":{"name":"messageMatchesKeywords","decl":{"start":{"line":78,"column":9},"end":{"line":78,"column":31}},"loc":{"start":{"line":78,"column":78},"end":{"line":81,"column":1}},"line":78},"2":{"name":"(anonymous_2)","decl":{"start":{"line":80,"column":23},"end":{"line":80,"column":24}},"loc":{"start":{"line":80,"column":31},"end":{"line":80,"column":49}},"line":80},"3":{"name":"assertNoTherapyContent","decl":{"start":{"line":84,"column":9},"end":{"line":84,"column":31}},"loc":{"start":{"line":84,"column":61},"end":{"line":96,"column":1}},"line":84},"4":{"name":"buildCoachContext","decl":{"start":{"line":98,"column":22},"end":{"line":98,"column":39}},"loc":{"start":{"line":101,"column":3},"end":{"line":526,"column":1}},"line":101},"5":{"name":"(anonymous_5)","decl":{"start":{"line":158,"column":41},"end":{"line":158,"column":42}},"loc":{"start":{"line":158,"column":51},"end":{"line":158,"column":79}},"line":158},"6":{"name":"(anonymous_6)","decl":{"start":{"line":161,"column":36},"end":{"line":161,"column":37}},"loc":{"start":{"line":161,"column":46},"end":{"line":161,"column":87}},"line":161},"7":{"name":"(anonymous_7)","decl":{"start":{"line":163,"column":28},"end":{"line":163,"column":29}},"loc":{"start":{"line":163,"column":38},"end":{"line":163,"column":80}},"line":163},"8":{"name":"(anonymous_8)","decl":{"start":{"line":164,"column":26},"end":{"line":164,"column":27}},"loc":{"start":{"line":164,"column":36},"end":{"line":164,"column":76}},"line":164},"9":{"name":"(anonymous_9)","decl":{"start":{"line":165,"column":24},"end":{"line":165,"column":25}},"loc":{"start":{"line":165,"column":34},"end":{"line":165,"column":72}},"line":165},"10":{"name":"(anonymous_10)","decl":{"start":{"line":166,"column":28},"end":{"line":166,"column":29}},"loc":{"start":{"line":166,"column":38},"end":{"line":166,"column":53}},"line":166},"11":{"name":"(anonymous_11)","decl":{"start":{"line":167,"column":34},"end":{"line":167,"column":35}},"loc":{"start":{"line":167,"column":44},"end":{"line":167,"column":59}},"line":167},"12":{"name":"(anonymous_12)","decl":{"start":{"line":169,"column":27},"end":{"line":169,"column":28}},"loc":{"start":{"line":169,"column":34},"end":{"line":169,"column":49}},"line":169},"13":{"name":"(anonymous_13)","decl":{"start":{"line":170,"column":42},"end":{"line":170,"column":43}},"loc":{"start":{"line":170,"column":52},"end":{"line":170,"column":63}},"line":170},"14":{"name":"(anonymous_14)","decl":{"start":{"line":171,"column":44},"end":{"line":171,"column":45}},"loc":{"start":{"line":171,"column":51},"end":{"line":171,"column":67}},"line":171},"15":{"name":"(anonymous_15)","decl":{"start":{"line":171,"column":76},"end":{"line":171,"column":77}},"loc":{"start":{"line":171,"column":86},"end":{"line":171,"column":99}},"line":171},"16":{"name":"(anonymous_16)","decl":{"start":{"line":171,"column":128},"end":{"line":171,"column":129}},"loc":{"start":{"line":171,"column":135},"end":{"line":171,"column":151}},"line":171},"17":{"name":"(anonymous_17)","decl":{"start":{"line":172,"column":45},"end":{"line":172,"column":46}},"loc":{"start":{"line":172,"column":52},"end":{"line":172,"column":69}},"line":172},"18":{"name":"(anonymous_18)","decl":{"start":{"line":172,"column":78},"end":{"line":172,"column":79}},"loc":{"start":{"line":172,"column":88},"end":{"line":172,"column":102}},"line":172},"19":{"name":"(anonymous_19)","decl":{"start":{"line":172,"column":131},"end":{"line":172,"column":132}},"loc":{"start":{"line":172,"column":138},"end":{"line":172,"column":155}},"line":172},"20":{"name":"(anonymous_20)","decl":{"start":{"line":262,"column":6},"end":{"line":262,"column":7}},"loc":{"start":{"line":262,"column":13},"end":{"line":262,"column":50}},"line":262},"21":{"name":"(anonymous_21)","decl":{"start":{"line":267,"column":29},"end":{"line":267,"column":30}},"loc":{"start":{"line":267,"column":36},"end":{"line":267,"column":72}},"line":267},"22":{"name":"(anonymous_22)","decl":{"start":{"line":274,"column":31},"end":{"line":274,"column":32}},"loc":{"start":{"line":274,"column":38},"end":{"line":278,"column":5}},"line":274},"23":{"name":"(anonymous_23)","decl":{"start":{"line":292,"column":20},"end":{"line":292,"column":21}},"loc":{"start":{"line":292,"column":27},"end":{"line":292,"column":36}},"line":292},"24":{"name":"(anonymous_24)","decl":{"start":{"line":293,"column":17},"end":{"line":293,"column":18}},"loc":{"start":{"line":293,"column":25},"end":{"line":299,"column":13}},"line":293},"25":{"name":"(anonymous_25)","decl":{"start":{"line":303,"column":17},"end":{"line":303,"column":18}},"loc":{"start":{"line":303,"column":24},"end":{"line":303,"column":93}},"line":303},"26":{"name":"(anonymous_26)","decl":{"start":{"line":325,"column":79},"end":{"line":325,"column":80}},"loc":{"start":{"line":325,"column":87},"end":{"line":329,"column":3}},"line":325},"27":{"name":"(anonymous_27)","decl":{"start":{"line":336,"column":34},"end":{"line":336,"column":35}},"loc":{"start":{"line":336,"column":41},"end":{"line":336,"column":73}},"line":336},"28":{"name":"(anonymous_28)","decl":{"start":{"line":344,"column":40},"end":{"line":344,"column":41}},"loc":{"start":{"line":344,"column":47},"end":{"line":344,"column":85}},"line":344},"29":{"name":"(anonymous_29)","decl":{"start":{"line":352,"column":35},"end":{"line":352,"column":36}},"loc":{"start":{"line":353,"column":8},"end":{"line":353,"column":91}},"line":353},"30":{"name":"(anonymous_30)","decl":{"start":{"line":385,"column":14},"end":{"line":385,"column":15}},"loc":{"start":{"line":385,"column":24},"end":{"line":385,"column":35}},"line":385},"31":{"name":"(anonymous_31)","decl":{"start":{"line":386,"column":13},"end":{"line":386,"column":14}},"loc":{"start":{"line":386,"column":32},"end":{"line":386,"column":51}},"line":386},"32":{"name":"(anonymous_32)","decl":{"start":{"line":421,"column":35},"end":{"line":421,"column":36}},"loc":{"start":{"line":421,"column":45},"end":{"line":421,"column":86}},"line":421},"33":{"name":"compute7DayRolling","decl":{"start":{"line":528,"column":15},"end":{"line":528,"column":33}},"loc":{"start":{"line":528,"column":80},"end":{"line":634,"column":1}},"line":528},"34":{"name":"parse","decl":{"start":{"line":555,"column":11},"end":{"line":555,"column":16}},"loc":{"start":{"line":555,"column":60},"end":{"line":558,"column":3}},"line":555},"35":{"name":"(anonymous_35)","decl":{"start":{"line":577,"column":39},"end":{"line":577,"column":40}},"loc":{"start":{"line":577,"column":49},"end":{"line":577,"column":90}},"line":577},"36":{"name":"(anonymous_36)","decl":{"start":{"line":578,"column":38},"end":{"line":578,"column":39}},"loc":{"start":{"line":578,"column":48},"end":{"line":578,"column":90}},"line":578},"37":{"name":"(anonymous_37)","decl":{"start":{"line":579,"column":36},"end":{"line":579,"column":37}},"loc":{"start":{"line":579,"column":46},"end":{"line":579,"column":86}},"line":579},"38":{"name":"(anonymous_38)","decl":{"start":{"line":580,"column":34},"end":{"line":580,"column":35}},"loc":{"start":{"line":580,"column":44},"end":{"line":580,"column":82}},"line":580},"39":{"name":"(anonymous_39)","decl":{"start":{"line":585,"column":37},"end":{"line":585,"column":38}},"loc":{"start":{"line":585,"column":47},"end":{"line":585,"column":62}},"line":585},"40":{"name":"(anonymous_40)","decl":{"start":{"line":596,"column":41},"end":{"line":596,"column":42}},"loc":{"start":{"line":596,"column":51},"end":{"line":596,"column":62}},"line":596},"41":{"name":"(anonymous_41)","decl":{"start":{"line":597,"column":44},"end":{"line":597,"column":45}},"loc":{"start":{"line":597,"column":51},"end":{"line":597,"column":67}},"line":597},"42":{"name":"(anonymous_42)","decl":{"start":{"line":599,"column":44},"end":{"line":599,"column":45}},"loc":{"start":{"line":599,"column":54},"end":{"line":599,"column":67}},"line":599},"43":{"name":"(anonymous_43)","decl":{"start":{"line":601,"column":45},"end":{"line":601,"column":46}},"loc":{"start":{"line":601,"column":52},"end":{"line":601,"column":69}},"line":601},"44":{"name":"(anonymous_44)","decl":{"start":{"line":603,"column":46},"end":{"line":603,"column":47}},"loc":{"start":{"line":603,"column":56},"end":{"line":603,"column":70}},"line":603},"45":{"name":"(anonymous_45)","decl":{"start":{"line":618,"column":14},"end":{"line":618,"column":15}},"loc":{"start":{"line":618,"column":33},"end":{"line":618,"column":100}},"line":618},"46":{"name":"(anonymous_46)","decl":{"start":{"line":618,"column":61},"end":{"line":618,"column":62}},"loc":{"start":{"line":618,"column":71},"end":{"line":618,"column":76}},"line":618}},"branchMap":{"0":{"loc":{"start":{"line":92,"column":4},"end":{"line":94,"column":5}},"type":"if","locations":[{"start":{"line":92,"column":4},"end":{"line":94,"column":5}},{"start":{},"end":{}}],"line":92},"1":{"loc":{"start":{"line":112,"column":22},"end":{"line":112,"column":40}},"type":"binary-expr","locations":[{"start":{"line":112,"column":22},"end":{"line":112,"column":26}},{"start":{"line":112,"column":30},"end":{"line":112,"column":40}}],"line":112},"2":{"loc":{"start":{"line":141,"column":16},"end":{"line":141,"column":33}},"type":"binary-expr","locations":[{"start":{"line":141,"column":16},"end":{"line":141,"column":27}},{"start":{"line":141,"column":31},"end":{"line":141,"column":33}}],"line":141},"3":{"loc":{"start":{"line":142,"column":17},"end":{"line":142,"column":35}},"type":"binary-expr","locations":[{"start":{"line":142,"column":17},"end":{"line":142,"column":29}},{"start":{"line":142,"column":33},"end":{"line":142,"column":35}}],"line":142},"4":{"loc":{"start":{"line":143,"column":20},"end":{"line":143,"column":41}},"type":"binary-expr","locations":[{"start":{"line":143,"column":20},"end":{"line":143,"column":35}},{"start":{"line":143,"column":39},"end":{"line":143,"column":41}}],"line":143},"5":{"loc":{"start":{"line":144,"column":16},"end":{"line":144,"column":33}},"type":"binary-expr","locations":[{"start":{"line":144,"column":16},"end":{"line":144,"column":27}},{"start":{"line":144,"column":31},"end":{"line":144,"column":33}}],"line":144},"6":{"loc":{"start":{"line":147,"column":2},"end":{"line":147,"column":58}},"type":"if","locations":[{"start":{"line":147,"column":2},"end":{"line":147,"column":58}},{"start":{},"end":{}}],"line":147},"7":{"loc":{"start":{"line":148,"column":2},"end":{"line":148,"column":60}},"type":"if","locations":[{"start":{"line":148,"column":2},"end":{"line":148,"column":60}},{"start":{},"end":{}}],"line":148},"8":{"loc":{"start":{"line":149,"column":2},"end":{"line":149,"column":52}},"type":"if","locations":[{"start":{"line":149,"column":2},"end":{"line":149,"column":52}},{"start":{},"end":{}}],"line":149},"9":{"loc":{"start":{"line":150,"column":2},"end":{"line":150,"column":59}},"type":"if","locations":[{"start":{"line":150,"column":2},"end":{"line":150,"column":59}},{"start":{},"end":{}}],"line":150},"10":{"loc":{"start":{"line":151,"column":2},"end":{"line":151,"column":54}},"type":"if","locations":[{"start":{"line":151,"column":2},"end":{"line":151,"column":54}},{"start":{},"end":{}}],"line":151},"11":{"loc":{"start":{"line":152,"column":26},"end":{"line":152,"column":46}},"type":"binary-expr","locations":[{"start":{"line":152,"column":26},"end":{"line":152,"column":40}},{"start":{"line":152,"column":44},"end":{"line":152,"column":46}}],"line":152},"12":{"loc":{"start":{"line":153,"column":2},"end":{"line":153,"column":67}},"type":"if","locations":[{"start":{"line":153,"column":2},"end":{"line":153,"column":67}},{"start":{},"end":{}}],"line":153},"13":{"loc":{"start":{"line":154,"column":21},"end":{"line":154,"column":36}},"type":"binary-expr","locations":[{"start":{"line":154,"column":21},"end":{"line":154,"column":30}},{"start":{"line":154,"column":34},"end":{"line":154,"column":36}}],"line":154},"14":{"loc":{"start":{"line":155,"column":2},"end":{"line":155,"column":63}},"type":"if","locations":[{"start":{"line":155,"column":2},"end":{"line":155,"column":63}},{"start":{},"end":{}}],"line":155},"15":{"loc":{"start":{"line":157,"column":19},"end":{"line":157,"column":39}},"type":"binary-expr","locations":[{"start":{"line":157,"column":19},"end":{"line":157,"column":33}},{"start":{"line":157,"column":37},"end":{"line":157,"column":39}}],"line":157},"16":{"loc":{"start":{"line":158,"column":56},"end":{"line":158,"column":78}},"type":"binary-expr","locations":[{"start":{"line":158,"column":56},"end":{"line":158,"column":73}},{"start":{"line":158,"column":77},"end":{"line":158,"column":78}}],"line":158},"17":{"loc":{"start":{"line":161,"column":51},"end":{"line":161,"column":86}},"type":"binary-expr","locations":[{"start":{"line":161,"column":51},"end":{"line":161,"column":81}},{"start":{"line":161,"column":85},"end":{"line":161,"column":86}}],"line":161},"18":{"loc":{"start":{"line":163,"column":43},"end":{"line":163,"column":79}},"type":"binary-expr","locations":[{"start":{"line":163,"column":43},"end":{"line":163,"column":74}},{"start":{"line":163,"column":78},"end":{"line":163,"column":79}}],"line":163},"19":{"loc":{"start":{"line":164,"column":41},"end":{"line":164,"column":75}},"type":"binary-expr","locations":[{"start":{"line":164,"column":41},"end":{"line":164,"column":70}},{"start":{"line":164,"column":74},"end":{"line":164,"column":75}}],"line":164},"20":{"loc":{"start":{"line":165,"column":39},"end":{"line":165,"column":71}},"type":"binary-expr","locations":[{"start":{"line":165,"column":39},"end":{"line":165,"column":66}},{"start":{"line":165,"column":70},"end":{"line":165,"column":71}}],"line":165},"21":{"loc":{"start":{"line":168,"column":11},"end":{"line":168,"column":39}},"type":"binary-expr","locations":[{"start":{"line":168,"column":11},"end":{"line":168,"column":34}},{"start":{"line":168,"column":38},"end":{"line":168,"column":39}}],"line":168},"22":{"loc":{"start":{"line":170,"column":10},"end":{"line":170,"column":89}},"type":"cond-expr","locations":[{"start":{"line":170,"column":29},"end":{"line":170,"column":82}},{"start":{"line":170,"column":85},"end":{"line":170,"column":89}}],"line":170},"23":{"loc":{"start":{"line":171,"column":12},"end":{"line":171,"column":178}},"type":"cond-expr","locations":[{"start":{"line":171,"column":31},"end":{"line":171,"column":171}},{"start":{"line":171,"column":174},"end":{"line":171,"column":178}}],"line":171},"24":{"loc":{"start":{"line":171,"column":31},"end":{"line":171,"column":171}},"type":"binary-expr","locations":[{"start":{"line":171,"column":31},"end":{"line":171,"column":163}},{"start":{"line":171,"column":167},"end":{"line":171,"column":171}}],"line":171},"25":{"loc":{"start":{"line":172,"column":13},"end":{"line":172,"column":182}},"type":"cond-expr","locations":[{"start":{"line":172,"column":32},"end":{"line":172,"column":175}},{"start":{"line":172,"column":178},"end":{"line":172,"column":182}}],"line":172},"26":{"loc":{"start":{"line":172,"column":32},"end":{"line":172,"column":175}},"type":"binary-expr","locations":[{"start":{"line":172,"column":32},"end":{"line":172,"column":167}},{"start":{"line":172,"column":171},"end":{"line":172,"column":175}}],"line":172},"27":{"loc":{"start":{"line":173,"column":17},"end":{"line":175,"column":12}},"type":"cond-expr","locations":[{"start":{"line":174,"column":8},"end":{"line":174,"column":101}},{"start":{"line":175,"column":8},"end":{"line":175,"column":12}}],"line":173},"28":{"loc":{"start":{"line":173,"column":17},"end":{"line":173,"column":61}},"type":"binary-expr","locations":[{"start":{"line":173,"column":17},"end":{"line":173,"column":36}},{"start":{"line":173,"column":40},"end":{"line":173,"column":61}}],"line":173},"29":{"loc":{"start":{"line":176,"column":19},"end":{"line":176,"column":46}},"type":"binary-expr","locations":[{"start":{"line":176,"column":19},"end":{"line":176,"column":38}},{"start":{"line":176,"column":42},"end":{"line":176,"column":46}}],"line":176},"30":{"loc":{"start":{"line":184,"column":2},"end":{"line":203,"column":3}},"type":"if","locations":[{"start":{"line":184,"column":2},"end":{"line":203,"column":3}},{"start":{},"end":{}}],"line":184},"31":{"loc":{"start":{"line":185,"column":4},"end":{"line":189,"column":35}},"type":"binary-expr","locations":[{"start":{"line":185,"column":4},"end":{"line":185,"column":31}},{"start":{"line":186,"column":4},"end":{"line":186,"column":34}},{"start":{"line":187,"column":4},"end":{"line":187,"column":24}},{"start":{"line":188,"column":4},"end":{"line":188,"column":24}},{"start":{"line":189,"column":4},"end":{"line":189,"column":35}}],"line":185},"32":{"loc":{"start":{"line":198,"column":21},"end":{"line":198,"column":58}},"type":"binary-expr","locations":[{"start":{"line":198,"column":21},"end":{"line":198,"column":44}},{"start":{"line":198,"column":48},"end":{"line":198,"column":58}}],"line":198},"33":{"loc":{"start":{"line":200,"column":22},"end":{"line":200,"column":66}},"type":"binary-expr","locations":[{"start":{"line":200,"column":22},"end":{"line":200,"column":53}},{"start":{"line":200,"column":57},"end":{"line":200,"column":66}}],"line":200},"34":{"loc":{"start":{"line":201,"column":23},"end":{"line":201,"column":66}},"type":"binary-expr","locations":[{"start":{"line":201,"column":23},"end":{"line":201,"column":53}},{"start":{"line":201,"column":57},"end":{"line":201,"column":66}}],"line":201},"35":{"loc":{"start":{"line":210,"column":2},"end":{"line":212,"column":3}},"type":"if","locations":[{"start":{"line":210,"column":2},"end":{"line":212,"column":3}},{"start":{},"end":{}}],"line":210},"36":{"loc":{"start":{"line":215,"column":2},"end":{"line":228,"column":3}},"type":"if","locations":[{"start":{"line":215,"column":2},"end":{"line":228,"column":3}},{"start":{},"end":{}}],"line":215},"37":{"loc":{"start":{"line":216,"column":4},"end":{"line":227,"column":5}},"type":"if","locations":[{"start":{"line":216,"column":4},"end":{"line":227,"column":5}},{"start":{},"end":{}}],"line":216},"38":{"loc":{"start":{"line":218,"column":6},"end":{"line":218,"column":109}},"type":"if","locations":[{"start":{"line":218,"column":6},"end":{"line":218,"column":109}},{"start":{},"end":{}}],"line":218},"39":{"loc":{"start":{"line":219,"column":6},"end":{"line":219,"column":107}},"type":"if","locations":[{"start":{"line":219,"column":6},"end":{"line":219,"column":107}},{"start":{},"end":{}}],"line":219},"40":{"loc":{"start":{"line":220,"column":6},"end":{"line":220,"column":114}},"type":"if","locations":[{"start":{"line":220,"column":6},"end":{"line":220,"column":114}},{"start":{},"end":{}}],"line":220},"41":{"loc":{"start":{"line":221,"column":6},"end":{"line":221,"column":98}},"type":"if","locations":[{"start":{"line":221,"column":6},"end":{"line":221,"column":98}},{"start":{},"end":{}}],"line":221},"42":{"loc":{"start":{"line":222,"column":6},"end":{"line":222,"column":104}},"type":"if","locations":[{"start":{"line":222,"column":6},"end":{"line":222,"column":104}},{"start":{},"end":{}}],"line":222},"43":{"loc":{"start":{"line":223,"column":6},"end":{"line":223,"column":107}},"type":"if","locations":[{"start":{"line":223,"column":6},"end":{"line":223,"column":107}},{"start":{},"end":{}}],"line":223},"44":{"loc":{"start":{"line":224,"column":6},"end":{"line":226,"column":7}},"type":"if","locations":[{"start":{"line":224,"column":6},"end":{"line":226,"column":7}},{"start":{},"end":{}}],"line":224},"45":{"loc":{"start":{"line":232,"column":2},"end":{"line":234,"column":3}},"type":"if","locations":[{"start":{"line":232,"column":2},"end":{"line":234,"column":3}},{"start":{},"end":{}}],"line":232},"46":{"loc":{"start":{"line":233,"column":21},"end":{"line":233,"column":92}},"type":"binary-expr","locations":[{"start":{"line":233,"column":22},"end":{"line":233,"column":85}},{"start":{"line":233,"column":90},"end":{"line":233,"column":92}}],"line":233},"47":{"loc":{"start":{"line":246,"column":6},"end":{"line":257,"column":7}},"type":"if","locations":[{"start":{"line":246,"column":6},"end":{"line":257,"column":7}},{"start":{},"end":{}}],"line":246},"48":{"loc":{"start":{"line":248,"column":10},"end":{"line":255,"column":11}},"type":"if","locations":[{"start":{"line":248,"column":10},"end":{"line":255,"column":11}},{"start":{},"end":{}}],"line":248},"49":{"loc":{"start":{"line":262,"column":13},"end":{"line":262,"column":50}},"type":"binary-expr","locations":[{"start":{"line":262,"column":13},"end":{"line":262,"column":28}},{"start":{"line":262,"column":32},"end":{"line":262,"column":50}}],"line":262},"50":{"loc":{"start":{"line":266,"column":26},"end":{"line":268,"column":10}},"type":"cond-expr","locations":[{"start":{"line":267,"column":8},"end":{"line":267,"column":73}},{"start":{"line":268,"column":8},"end":{"line":268,"column":10}}],"line":266},"51":{"loc":{"start":{"line":267,"column":36},"end":{"line":267,"column":72}},"type":"binary-expr","locations":[{"start":{"line":267,"column":36},"end":{"line":267,"column":50}},{"start":{"line":267,"column":54},"end":{"line":267,"column":72}}],"line":267},"52":{"loc":{"start":{"line":275,"column":6},"end":{"line":275,"column":45}},"type":"if","locations":[{"start":{"line":275,"column":6},"end":{"line":275,"column":45}},{"start":{},"end":{}}],"line":275},"53":{"loc":{"start":{"line":283,"column":2},"end":{"line":309,"column":3}},"type":"if","locations":[{"start":{"line":283,"column":2},"end":{"line":309,"column":3}},{"start":{},"end":{}}],"line":283},"54":{"loc":{"start":{"line":285,"column":4},"end":{"line":308,"column":5}},"type":"if","locations":[{"start":{"line":285,"column":4},"end":{"line":308,"column":5}},{"start":{},"end":{}}],"line":285},"55":{"loc":{"start":{"line":288,"column":6},"end":{"line":307,"column":7}},"type":"if","locations":[{"start":{"line":288,"column":6},"end":{"line":307,"column":7}},{"start":{},"end":{}}],"line":288},"56":{"loc":{"start":{"line":297,"column":34},"end":{"line":297,"column":62}},"type":"binary-expr","locations":[{"start":{"line":297,"column":34},"end":{"line":297,"column":55}},{"start":{"line":297,"column":59},"end":{"line":297,"column":62}}],"line":297},"57":{"loc":{"start":{"line":297,"column":66},"end":{"line":297,"column":95}},"type":"binary-expr","locations":[{"start":{"line":297,"column":66},"end":{"line":297,"column":88}},{"start":{"line":297,"column":92},"end":{"line":297,"column":95}}],"line":297},"58":{"loc":{"start":{"line":298,"column":22},"end":{"line":298,"column":125}},"type":"cond-expr","locations":[{"start":{"line":298,"column":93},"end":{"line":298,"column":108}},{"start":{"line":298,"column":111},"end":{"line":298,"column":125}}],"line":298},"59":{"loc":{"start":{"line":298,"column":23},"end":{"line":298,"column":89}},"type":"binary-expr","locations":[{"start":{"line":298,"column":23},"end":{"line":298,"column":53}},{"start":{"line":298,"column":57},"end":{"line":298,"column":89}}],"line":298},"60":{"loc":{"start":{"line":301,"column":8},"end":{"line":306,"column":9}},"type":"if","locations":[{"start":{"line":301,"column":8},"end":{"line":306,"column":9}},{"start":{},"end":{}}],"line":301},"61":{"loc":{"start":{"line":313,"column":2},"end":{"line":319,"column":3}},"type":"if","locations":[{"start":{"line":313,"column":2},"end":{"line":319,"column":3}},{"start":{},"end":{}}],"line":313},"62":{"loc":{"start":{"line":315,"column":4},"end":{"line":318,"column":5}},"type":"if","locations":[{"start":{"line":315,"column":4},"end":{"line":318,"column":5}},{"start":{},"end":{}}],"line":315},"63":{"loc":{"start":{"line":317,"column":68},"end":{"line":317,"column":95}},"type":"binary-expr","locations":[{"start":{"line":317,"column":68},"end":{"line":317,"column":88}},{"start":{"line":317,"column":92},"end":{"line":317,"column":95}}],"line":317},"64":{"loc":{"start":{"line":325,"column":48},"end":{"line":325,"column":73}},"type":"binary-expr","locations":[{"start":{"line":325,"column":48},"end":{"line":325,"column":67}},{"start":{"line":325,"column":71},"end":{"line":325,"column":73}}],"line":325},"65":{"loc":{"start":{"line":333,"column":2},"end":{"line":339,"column":3}},"type":"if","locations":[{"start":{"line":333,"column":2},"end":{"line":339,"column":3}},{"start":{},"end":{}}],"line":333},"66":{"loc":{"start":{"line":335,"column":4},"end":{"line":338,"column":5}},"type":"if","locations":[{"start":{"line":335,"column":4},"end":{"line":338,"column":5}},{"start":{},"end":{}}],"line":335},"67":{"loc":{"start":{"line":335,"column":8},"end":{"line":335,"column":33}},"type":"binary-expr","locations":[{"start":{"line":335,"column":8},"end":{"line":335,"column":13}},{"start":{"line":335,"column":17},"end":{"line":335,"column":33}}],"line":335},"68":{"loc":{"start":{"line":342,"column":2},"end":{"line":347,"column":3}},"type":"if","locations":[{"start":{"line":342,"column":2},"end":{"line":347,"column":3}},{"start":{},"end":{}}],"line":342},"69":{"loc":{"start":{"line":343,"column":4},"end":{"line":346,"column":5}},"type":"if","locations":[{"start":{"line":343,"column":4},"end":{"line":346,"column":5}},{"start":{},"end":{}}],"line":343},"70":{"loc":{"start":{"line":350,"column":2},"end":{"line":357,"column":3}},"type":"if","locations":[{"start":{"line":350,"column":2},"end":{"line":357,"column":3}},{"start":{},"end":{}}],"line":350},"71":{"loc":{"start":{"line":351,"column":4},"end":{"line":356,"column":5}},"type":"if","locations":[{"start":{"line":351,"column":4},"end":{"line":356,"column":5}},{"start":{},"end":{}}],"line":351},"72":{"loc":{"start":{"line":353,"column":39},"end":{"line":353,"column":89}},"type":"cond-expr","locations":[{"start":{"line":353,"column":61},"end":{"line":353,"column":84}},{"start":{"line":353,"column":87},"end":{"line":353,"column":89}}],"line":353},"73":{"loc":{"start":{"line":361,"column":2},"end":{"line":364,"column":3}},"type":"if","locations":[{"start":{"line":361,"column":2},"end":{"line":364,"column":3}},{"start":{},"end":{}}],"line":361},"74":{"loc":{"start":{"line":363,"column":19},"end":{"line":363,"column":56}},"type":"binary-expr","locations":[{"start":{"line":363,"column":19},"end":{"line":363,"column":47}},{"start":{"line":363,"column":51},"end":{"line":363,"column":56}}],"line":363},"75":{"loc":{"start":{"line":367,"column":2},"end":{"line":390,"column":3}},"type":"if","locations":[{"start":{"line":367,"column":2},"end":{"line":390,"column":3}},{"start":{},"end":{}}],"line":367},"76":{"loc":{"start":{"line":373,"column":6},"end":{"line":381,"column":7}},"type":"if","locations":[{"start":{"line":373,"column":6},"end":{"line":381,"column":7}},{"start":{},"end":{}}],"line":373},"77":{"loc":{"start":{"line":375,"column":10},"end":{"line":379,"column":11}},"type":"if","locations":[{"start":{"line":375,"column":10},"end":{"line":379,"column":11}},{"start":{},"end":{}}],"line":375},"78":{"loc":{"start":{"line":377,"column":36},"end":{"line":377,"column":61}},"type":"binary-expr","locations":[{"start":{"line":377,"column":36},"end":{"line":377,"column":56}},{"start":{"line":377,"column":60},"end":{"line":377,"column":61}}],"line":377},"79":{"loc":{"start":{"line":383,"column":4},"end":{"line":389,"column":5}},"type":"if","locations":[{"start":{"line":383,"column":4},"end":{"line":389,"column":5}},{"start":{},"end":{}}],"line":383},"80":{"loc":{"start":{"line":397,"column":4},"end":{"line":399,"column":20}},"type":"cond-expr","locations":[{"start":{"line":398,"column":8},"end":{"line":398,"column":33}},{"start":{"line":399,"column":8},"end":{"line":399,"column":20}}],"line":397},"81":{"loc":{"start":{"line":397,"column":4},"end":{"line":397,"column":61}},"type":"binary-expr","locations":[{"start":{"line":397,"column":4},"end":{"line":397,"column":31}},{"start":{"line":397,"column":35},"end":{"line":397,"column":61}}],"line":397},"82":{"loc":{"start":{"line":401,"column":4},"end":{"line":403,"column":63}},"type":"cond-expr","locations":[{"start":{"line":401,"column":40},"end":{"line":401,"column":60}},{"start":{"line":402,"column":4},"end":{"line":403,"column":63}}],"line":401},"83":{"loc":{"start":{"line":402,"column":4},"end":{"line":403,"column":63}},"type":"cond-expr","locations":[{"start":{"line":402,"column":38},"end":{"line":402,"column":56}},{"start":{"line":403,"column":4},"end":{"line":403,"column":63}}],"line":402},"84":{"loc":{"start":{"line":406,"column":2},"end":{"line":411,"column":3}},"type":"if","locations":[{"start":{"line":406,"column":2},"end":{"line":411,"column":3}},{"start":{},"end":{}}],"line":406},"85":{"loc":{"start":{"line":406,"column":6},"end":{"line":406,"column":88}},"type":"binary-expr","locations":[{"start":{"line":406,"column":6},"end":{"line":406,"column":22}},{"start":{"line":406,"column":26},"end":{"line":406,"column":88}}],"line":406},"86":{"loc":{"start":{"line":418,"column":23},"end":{"line":418,"column":108}},"type":"cond-expr","locations":[{"start":{"line":418,"column":33},"end":{"line":418,"column":38}},{"start":{"line":418,"column":41},"end":{"line":418,"column":108}}],"line":418},"87":{"loc":{"start":{"line":419,"column":21},"end":{"line":419,"column":35}},"type":"binary-expr","locations":[{"start":{"line":419,"column":21},"end":{"line":419,"column":29}},{"start":{"line":419,"column":33},"end":{"line":419,"column":35}}],"line":419},"88":{"loc":{"start":{"line":420,"column":6},"end":{"line":420,"column":40}},"type":"if","locations":[{"start":{"line":420,"column":6},"end":{"line":420,"column":40}},{"start":{},"end":{}}],"line":420},"89":{"loc":{"start":{"line":421,"column":50},"end":{"line":421,"column":85}},"type":"binary-expr","locations":[{"start":{"line":421,"column":50},"end":{"line":421,"column":80}},{"start":{"line":421,"column":84},"end":{"line":421,"column":85}}],"line":421},"90":{"loc":{"start":{"line":422,"column":6},"end":{"line":424,"column":7}},"type":"if","locations":[{"start":{"line":422,"column":6},"end":{"line":424,"column":7}},{"start":{},"end":{}}],"line":422},"91":{"loc":{"start":{"line":422,"column":10},"end":{"line":422,"column":45}},"type":"binary-expr","locations":[{"start":{"line":422,"column":10},"end":{"line":422,"column":20}},{"start":{"line":422,"column":24},"end":{"line":422,"column":45}}],"line":422},"92":{"loc":{"start":{"line":426,"column":4},"end":{"line":431,"column":5}},"type":"if","locations":[{"start":{"line":426,"column":4},"end":{"line":431,"column":5}},{"start":{},"end":{}}],"line":426},"93":{"loc":{"start":{"line":435,"column":2},"end":{"line":445,"column":3}},"type":"if","locations":[{"start":{"line":435,"column":2},"end":{"line":445,"column":3}},{"start":{},"end":{}}],"line":435},"94":{"loc":{"start":{"line":435,"column":6},"end":{"line":435,"column":67}},"type":"binary-expr","locations":[{"start":{"line":435,"column":6},"end":{"line":435,"column":33}},{"start":{"line":435,"column":37},"end":{"line":435,"column":67}}],"line":435},"95":{"loc":{"start":{"line":439,"column":4},"end":{"line":444,"column":5}},"type":"if","locations":[{"start":{"line":439,"column":4},"end":{"line":444,"column":5}},{"start":{},"end":{}}],"line":439},"96":{"loc":{"start":{"line":448,"column":2},"end":{"line":462,"column":3}},"type":"if","locations":[{"start":{"line":448,"column":2},"end":{"line":462,"column":3}},{"start":{},"end":{}}],"line":448},"97":{"loc":{"start":{"line":449,"column":4},"end":{"line":451,"column":39}},"type":"binary-expr","locations":[{"start":{"line":449,"column":4},"end":{"line":449,"column":31}},{"start":{"line":450,"column":4},"end":{"line":450,"column":34}},{"start":{"line":451,"column":4},"end":{"line":451,"column":39}}],"line":449},"98":{"loc":{"start":{"line":456,"column":4},"end":{"line":461,"column":5}},"type":"if","locations":[{"start":{"line":456,"column":4},"end":{"line":461,"column":5}},{"start":{},"end":{}}],"line":456},"99":{"loc":{"start":{"line":469,"column":2},"end":{"line":471,"column":3}},"type":"if","locations":[{"start":{"line":469,"column":2},"end":{"line":471,"column":3}},{"start":{},"end":{}}],"line":469},"100":{"loc":{"start":{"line":474,"column":13},"end":{"line":487,"column":5}},"type":"binary-expr","locations":[{"start":{"line":474,"column":13},"end":{"line":474,"column":20}},{"start":{"line":474,"column":24},"end":{"line":487,"column":5}}],"line":474},"101":{"loc":{"start":{"line":507,"column":20},"end":{"line":507,"column":54}},"type":"binary-expr","locations":[{"start":{"line":507,"column":20},"end":{"line":507,"column":46}},{"start":{"line":507,"column":50},"end":{"line":507,"column":54}}],"line":507},"102":{"loc":{"start":{"line":552,"column":4},"end":{"line":552,"column":42}},"type":"if","locations":[{"start":{"line":552,"column":4},"end":{"line":552,"column":42}},{"start":{},"end":{}}],"line":552},"103":{"loc":{"start":{"line":557,"column":11},"end":{"line":557,"column":54}},"type":"cond-expr","locations":[{"start":{"line":557,"column":26},"end":{"line":557,"column":46}},{"start":{"line":557,"column":50},"end":{"line":557,"column":54}}],"line":557},"104":{"loc":{"start":{"line":576,"column":4},"end":{"line":581,"column":5}},"type":"if","locations":[{"start":{"line":576,"column":4},"end":{"line":581,"column":5}},{"start":{},"end":{}}],"line":576},"105":{"loc":{"start":{"line":576,"column":8},"end":{"line":576,"column":33}},"type":"binary-expr","locations":[{"start":{"line":576,"column":8},"end":{"line":576,"column":13}},{"start":{"line":576,"column":17},"end":{"line":576,"column":33}}],"line":576},"106":{"loc":{"start":{"line":577,"column":54},"end":{"line":577,"column":89}},"type":"binary-expr","locations":[{"start":{"line":577,"column":54},"end":{"line":577,"column":84}},{"start":{"line":577,"column":88},"end":{"line":577,"column":89}}],"line":577},"107":{"loc":{"start":{"line":578,"column":53},"end":{"line":578,"column":89}},"type":"binary-expr","locations":[{"start":{"line":578,"column":53},"end":{"line":578,"column":84}},{"start":{"line":578,"column":88},"end":{"line":578,"column":89}}],"line":578},"108":{"loc":{"start":{"line":579,"column":51},"end":{"line":579,"column":85}},"type":"binary-expr","locations":[{"start":{"line":579,"column":51},"end":{"line":579,"column":80}},{"start":{"line":579,"column":84},"end":{"line":579,"column":85}}],"line":579},"109":{"loc":{"start":{"line":580,"column":49},"end":{"line":580,"column":81}},"type":"binary-expr","locations":[{"start":{"line":580,"column":49},"end":{"line":580,"column":76}},{"start":{"line":580,"column":80},"end":{"line":580,"column":81}}],"line":580},"110":{"loc":{"start":{"line":584,"column":4},"end":{"line":586,"column":5}},"type":"if","locations":[{"start":{"line":584,"column":4},"end":{"line":586,"column":5}},{"start":{},"end":{}}],"line":584},"111":{"loc":{"start":{"line":584,"column":8},"end":{"line":584,"column":35}},"type":"binary-expr","locations":[{"start":{"line":584,"column":8},"end":{"line":584,"column":14}},{"start":{"line":584,"column":18},"end":{"line":584,"column":35}}],"line":584},"112":{"loc":{"start":{"line":589,"column":4},"end":{"line":592,"column":5}},"type":"if","locations":[{"start":{"line":589,"column":4},"end":{"line":592,"column":5}},{"start":{},"end":{}}],"line":589},"113":{"loc":{"start":{"line":589,"column":8},"end":{"line":589,"column":52}},"type":"binary-expr","locations":[{"start":{"line":589,"column":8},"end":{"line":589,"column":27}},{"start":{"line":589,"column":31},"end":{"line":589,"column":52}}],"line":589},"114":{"loc":{"start":{"line":591,"column":6},"end":{"line":591,"column":59}},"type":"if","locations":[{"start":{"line":591,"column":6},"end":{"line":591,"column":59}},{"start":{},"end":{}}],"line":591},"115":{"loc":{"start":{"line":591,"column":10},"end":{"line":591,"column":33}},"type":"binary-expr","locations":[{"start":{"line":591,"column":10},"end":{"line":591,"column":19}},{"start":{"line":591,"column":23},"end":{"line":591,"column":33}}],"line":591},"116":{"loc":{"start":{"line":595,"column":4},"end":{"line":605,"column":5}},"type":"if","locations":[{"start":{"line":595,"column":4},"end":{"line":605,"column":5}},{"start":{},"end":{}}],"line":595},"117":{"loc":{"start":{"line":595,"column":8},"end":{"line":595,"column":45}},"type":"binary-expr","locations":[{"start":{"line":595,"column":8},"end":{"line":595,"column":19}},{"start":{"line":595,"column":23},"end":{"line":595,"column":45}}],"line":595},"118":{"loc":{"start":{"line":598,"column":6},"end":{"line":600,"column":7}},"type":"if","locations":[{"start":{"line":598,"column":6},"end":{"line":600,"column":7}},{"start":{},"end":{}}],"line":598},"119":{"loc":{"start":{"line":602,"column":6},"end":{"line":604,"column":7}},"type":"if","locations":[{"start":{"line":602,"column":6},"end":{"line":604,"column":7}},{"start":{},"end":{}}],"line":602},"120":{"loc":{"start":{"line":608,"column":4},"end":{"line":610,"column":5}},"type":"if","locations":[{"start":{"line":608,"column":4},"end":{"line":610,"column":5}},{"start":{},"end":{}}],"line":608},"121":{"loc":{"start":{"line":613,"column":4},"end":{"line":615,"column":5}},"type":"if","locations":[{"start":{"line":613,"column":4},"end":{"line":615,"column":5}},{"start":{},"end":{}}],"line":613},"122":{"loc":{"start":{"line":613,"column":8},"end":{"line":613,"column":51}},"type":"binary-expr","locations":[{"start":{"line":613,"column":8},"end":{"line":613,"column":22}},{"start":{"line":613,"column":26},"end":{"line":613,"column":51}}],"line":613},"123":{"loc":{"start":{"line":618,"column":33},"end":{"line":618,"column":100}},"type":"cond-expr","locations":[{"start":{"line":618,"column":50},"end":{"line":618,"column":93}},{"start":{"line":618,"column":96},"end":{"line":618,"column":100}}],"line":618}},"s":{"0":322,"1":322,"2":322,"3":4,"4":4,"5":4,"6":4,"7":4,"8":4,"9":4,"10":4,"11":4,"12":4,"13":4,"14":230,"15":230,"16":1695,"17":23,"18":23,"19":69,"20":0,"21":23,"22":23,"23":23,"24":23,"25":23,"26":23,"27":23,"28":23,"29":23,"30":23,"31":4,"32":23,"33":0,"34":23,"35":0,"36":23,"37":1,"38":23,"39":0,"40":23,"41":23,"42":2,"43":23,"44":23,"45":2,"46":23,"47":23,"48":0,"49":23,"50":4,"51":4,"52":4,"53":4,"54":0,"55":0,"56":0,"57":1,"58":1,"59":1,"60":1,"61":1,"62":1,"63":1,"64":23,"65":23,"66":23,"67":23,"68":23,"69":23,"70":23,"71":23,"72":23,"73":23,"74":23,"75":23,"76":23,"77":0,"78":23,"79":4,"80":4,"81":4,"82":2,"83":4,"84":2,"85":4,"86":0,"87":4,"88":0,"89":4,"90":0,"91":4,"92":0,"93":4,"94":2,"95":23,"96":23,"97":0,"98":23,"99":23,"100":23,"101":23,"102":0,"103":0,"104":0,"105":0,"106":0,"107":23,"108":0,"109":23,"110":0,"111":23,"112":23,"113":23,"114":0,"115":0,"116":0,"117":0,"118":23,"119":23,"120":2,"121":2,"122":0,"123":0,"124":0,"125":0,"126":0,"127":0,"128":0,"129":0,"130":0,"131":0,"132":23,"133":23,"134":0,"135":0,"136":0,"137":0,"138":23,"139":6,"140":23,"141":23,"142":0,"143":0,"144":0,"145":0,"146":0,"147":23,"148":2,"149":2,"150":2,"151":2,"152":23,"153":2,"154":2,"155":2,"156":2,"157":23,"158":23,"159":1,"160":1,"161":23,"162":0,"163":0,"164":0,"165":0,"166":0,"167":0,"168":0,"169":0,"170":0,"171":0,"172":0,"173":0,"174":0,"175":0,"176":0,"177":23,"178":
[...]
,"C:\\Users\\joshs\\Documents\\Sandbox\\dub-ai-tracker\\src\\utils\\storage.ts": {"path":"C:\\Users\\joshs\\Documents\\Sandbox\\dub-ai-tracker\\src\\utils\\storage.ts","statementMap":{"0":{"start":{"line":13,"column":28},"end":{"line":109,"column":10}},"1":{"start":{"line":118,"column":2},"end":{"line":118,"column":30}},"2":{"start":{"line":132,"column":4},"end":{"line":132,"column":19}},"3":{"start":{"line":133,"column":4},"end":{"line":133,"column":31}},"4":{"start":{"line":142,"column":28},"end":{"line":142,"column":39}},"5":{"start":{"line":143,"column":29},"end":{"line":143,"column":46}},"6":{"start":{"line":146,"column":46},"end":{"line":150,"column":1}},"7":{"start":{"line":157,"column":14},"end":{"line":157,"column":32}},"8":{"start":{"line":158,"column":2},"end":{"line":158,"column":57}},"9":{"start":{"line":158,"column":44},"end":{"line":158,"column":57}},"10":{"start":{"line":159,"column":2},"end":{"line":159,"column":40}},"11":{"start":{"line":159,"column":27},"end":{"line":159,"column":40}},"12":{"start":{"line":161,"column":2},"end":{"line":161,"column":43}},"13":{"start":{"line":168,"column":34},"end":{"line":168,"column":38}},"14":{"start":{"line":169,"column":21},"end":{"line":169,"column":22}},"15":{"start":{"line":170,"column":18},"end":{"line":170,"column":22}},"16":{"start":{"line":173,"column":2},"end":{"line":173,"column":20}},"17":{"start":{"line":180,"column":19},"end":{"line":180,"column":51}},"18":{"start":{"line":201,"column":16},"end":{"line":201,"column":21}},"19":{"start":{"line":203,"column":18},"end":{"line":231,"column":4}},"20":{"start":{"line":204,"column":18},"end":{"line":204,"column":28}},"21":{"start":{"line":207,"column":6},"end":{"line":207,"column":26}},"22":{"start":{"line":207,"column":19},"end":{"line":207,"column":26}},"23":{"start":{"line":208,"column":6},"end":{"line":208,"column":21}},"24":{"start":{"line":209,"column":6},"end":{"line":209,"column":110}},"25":{"start":{"line":210,"column":6},"end":{"line":210,"column":24}},"26":{"start":{"line":214,"column":18},"end":{"line":214,"column":63}},"27":{"start":{"line":214,"column":35},"end":{"line":214,"column":58}},"28":{"start":{"line":219,"column":6},"end":{"line":222,"column":7}},"29":{"start":{"line":220,"column":8},"end":{"line":220,"column":28}},"30":{"start":{"line":221,"column":8},"end":{"line":221,"column":15}},"31":{"start":{"line":223,"column":6},"end":{"line":227,"column":7}},"32":{"start":{"line":224,"column":8},"end":{"line":224,"column":28}},"33":{"start":{"line":225,"column":8},"end":{"line":225,"column":25}},"34":{"start":{"line":226,"column":8},"end":{"line":226,"column":15}},"35":{"start":{"line":228,"column":6},"end":{"line":228,"column":38}},"36":{"start":{"line":230,"column":4},"end":{"line":230,"column":36}},"37":{"start":{"line":233,"column":2},"end":{"line":238,"column":3}},"38":{"start":{"line":234,"column":19},"end":{"line":234,"column":57}},"39":{"start":{"line":235,"column":4},"end":{"line":235,"column":18}},"40":{"start":{"line":237,"column":4},"end":{"line":237,"column":19}},"41":{"start":{"line":242,"column":36},"end":{"line":242,"column":40}},"42":{"start":{"line":253,"column":2},"end":{"line":271,"column":3}},"43":{"start":{"line":254,"column":16},"end":{"line":259,"column":5}},"44":{"start":{"line":260,"column":4},"end":{"line":262,"column":5}},"45":{"start":{"line":261,"column":6},"end":{"line":261,"column":18}},"46":{"start":{"line":263,"column":4},"end":{"line":263,"column":32}},"47":{"start":{"line":265,"column":4},"end":{"line":270,"column":6}},"48":{"start":{"line":279,"column":2},"end":{"line":311,"column":3}},"49":{"start":{"line":281,"column":19},"end":{"line":281,"column":45}},"50":{"start":{"line":282,"column":16},"end":{"line":282,"column":38}},"51":{"start":{"line":285,"column":21},"end":{"line":285,"column":35}},"52":{"start":{"line":287,"column":4},"end":{"line":293,"column":5}},"53":{"start":{"line":288,"column":6},"end":{"line":292,"column":8}},"54":{"start":{"line":295,"column":4},"end":{"line":297,"column":5}},"55":{"start":{"line":296,"column":6},"end":{"line":296,"column":122}},"56":{"start":{"line":299,"column":4},"end":{"line":299,"column":41}},"57":{"start":{"line":302,"column":4},"end":{"line":302,"column":25}},"58":{"start":{"line":304,"column":4},"end":{"line":304,"column":51}},"59":{"start":{"line":304,"column":39},"end":{"line":304,"column":51}},"60":{"start":{"line":305,"column":4},"end":{"line":310,"column":6}},"61":{"start":{"line":319,"column":2},"end":{"line":330,"column":3}},"62":{"start":{"line":320,"column":4},"end":{"line":320,"column":39}},"63":{"start":{"line":322,"column":4},"end":{"line":322,"column":25}},"64":{"start":{"line":324,"column":4},"end":{"line":329,"column":6}},"65":{"start":{"line":338,"column":2},"end":{"line":353,"column":3}},"66":{"start":{"line":340,"column":16},"end":{"line":340,"column":26}},"67":{"start":{"line":341,"column":4},"end":{"line":344,"column":5}},"68":{"start":{"line":342,"column":6},"end":{"line":342,"column":63}},"69":{"start":{"line":343,"column":6},"end":{"line":343,"column":27}},"70":{"start":{"line":345,"column":4},"end":{"line":345,"column":58}},"71":{"start":{"line":345,"column":36},"end":{"line":345,"column":56}},"72":{"start":{"line":347,"column":4},"end":{"line":352,"column":6}},"73":{"start":{"line":361,"column":2},"end":{"line":379,"column":3}},"74":{"start":{"line":362,"column":18},"end":{"line":362,"column":51}},"75":{"start":{"line":363,"column":19},"end":{"line":363,"column":46}},"76":{"start":{"line":364,"column":4},"end":{"line":370,"column":5}},"77":{"start":{"line":365,"column":6},"end":{"line":369,"column":7}},"78":{"start":{"line":366,"column":8},"end":{"line":366,"column":30}},"79":{"start":{"line":368,"column":8},"end":{"line":368,"column":46}},"80":{"start":{"line":371,"column":4},"end":{"line":371,"column":18}},"81":{"start":{"line":373,"column":4},"end":{"line":378,"column":6}},"82":{"start":{"line":386,"column":2},"end":{"line":396,"column":3}},"83":{"start":{"line":387,"column":4},"end":{"line":387,"column":41}},"84":{"start":{"line":388,"column":4},"end":{"line":388,"column":25}},"85":{"start":{"line":390,"column":4},"end":{"line":395,"column":6}},"86":{"start":{"line":404,"column":2},"end":{"line":417,"column":3}},"87":{"start":{"line":405,"column":20},"end":{"line":405,"column":45}},"88":{"start":{"line":406,"column":4},"end":{"line":408,"column":5}},"89":{"start":{"line":407,"column":6},"end":{"line":407,"column":46}},"90":{"start":{"line":409,"column":4},"end":{"line":409,"column":25}},"91":{"start":{"line":411,"column":4},"end":{"line":416,"column":6}},"92":{"start":{"line":427,"column":18},"end":{"line":427,"column":37}},"93":{"start":{"line":428,"column":2},"end":{"line":428,"column":29}},"94":{"start":{"line":428,"column":15},"end":{"line":428,"column":29}},"95":{"start":{"line":430,"column":23},"end":{"line":434,"column":6}},"96":{"start":{"line":431,"column":21},"end":{"line":431,"column":55}},"97":{"start":{"line":432,"column":4},"end":{"line":432,"column":24}},"98":{"start":{"line":433,"column":4},"end":{"line":433,"column":36}},"99":{"start":{"line":436,"column":2},"end":{"line":436,"column":36}},"100":{"start":{"line":437,"column":2},"end":{"line":441,"column":3}},"101":{"start":{"line":438,"column":4},"end":{"line":438,"column":23}},"102":{"start":{"line":440,"column":4},"end":{"line":440,"column":27}}},"fnMap":{"0":{"name":"dateKey","decl":{"start":{"line":117,"column":16},"end":{"line":117,"column":23}},"loc":{"start":{"line":117,"column":63},"end":{"line":119,"column":1}},"line":117},"1":{"name":"(anonymous_1)","decl":{"start":{"line":126,"column":2},"end":{"line":126,"column":3}},"loc":{"start":{"line":131,"column":4},"end":{"line":134,"column":3}},"line":131},"2":{"name":"enforceItemCap","decl":{"start":{"line":156,"column":9},"end":{"line":156,"column":23}},"loc":{"start":{"line":156,"column":53},"end":{"line":162,"column":1}},"line":156},"3":{"name":"invalidateKeyCache","decl":{"start":{"line":172,"column":9},"end":{"line":172,"column":27}},"loc":{"start":{"line":172,"column":36},"end":{"line":174,"column":1}},"line":172},"4":{"name":"asyncWithTimeout","decl":{"start":{"line":195,"column":22},"end":{"line":195,"column":38}},"loc":{"start":{"line":200,"column":14},"end":{"line":239,"column":1}},"line":200},"5":{"name":"(anonymous_5)","decl":{"start":{"line":203,"column":33},"end":{"line":203,"column":34}},"loc":{"start":{"line":203,"column":46},"end":{"line":231,"column":3}},"line":203},"6":{"name":"onTimeout","decl":{"start":{"line":206,"column":13},"end":{"line":206,"column":22}},"loc":{"start":{"line":206,"column":39},"end":{"line":211,"column":5}},"line":206},"7":{"name":"(anonymous_7)","decl":{"start":{"line":214,"column":29},"end":{"line":214,"column":30}},"loc":{"start":{"line":214,"column":35},"end":{"line":214,"column":58}},"line":214},"8":{"name":"rafCheck","decl":{"start":{"line":218,"column":13},"end":{"line":218,"column":21}},"loc":{"start":{"line":218,"column":24},"end":{"line":229,"column":5}},"line":218},"9":{"name":"storageGet","decl":{"start":{"line":252,"column":22},"end":{"line":252,"column":32}},"loc":{"start":{"line":252,"column":68},"end":{"line":272,"column":1}},"line":252},"10":{"name":"storageSet","decl":{"start":{"line":278,"column":22},"end":{"line":278,"column":32}},"loc":{"start":{"line":278,"column":74},"end":{"line":312,"column":1}},"line":278},"11":{"name":"storageDelete","decl":{"start":{"line":318,"column":22},"end":{"line":318,"column":35}},"loc":{"start":{"line":318,"column":64},"end":{"line":331,"column":1}},"line":318},"12":{"name":"storageList","decl":{"start":{"line":337,"column":22},"end":{"line":337,"column":33}},"loc":{"start":{"line":337,"column":69},"end":{"line":354,"column":1}},"line":337},"13":{"name":"(anonymous_13)","decl":{"start":{"line":345,"column":29},"end":{"line":345,"column":30}},"loc":{"start":{"line":345,"column":36},"end":{"line":345,"column":56}},"line":345},"14":{"name":"storageGetMultiple","decl":{"start":{"line":360,"column":22},"end":{"line":360,"column":40}},"loc":{"start":{"line":360,"column":92},"end":{"line":380,"column":1}},"line":360},"15":{"name":"storageDeleteMultiple","decl":{"start":{"line":385,"column":22},"end":{"line":385,"column":43}},"loc":{"start":{"line":385,"column":75},"end":{"line":397,"column":1}},"line":385},"16":{"name":"storageClearAll","decl":{"start":{"line":403,"column":22},"end":{"line":403,"column":37}},"loc":{"start":{"line":403,"column":55},"end":{"line":418,"column":1}},"line":403},"17":{"name":"storageAppend","decl":{"start":{"line":425,"column":22},"end":{"line":425,"column":35}},"loc":{"start":{"line":425,"column":76},"end":{"line":442,"column":1}},"line":425},"18":{"name":"(anonymous_18)","decl":{"start":{"line":430,"column":24},"end":{"line":430,"column":25}},"loc":{"start":{"line":430,"column":36},"end":{"line":434,"column":3}},"line":430}},"branchMap":{"0":{"loc":{"start":{"line":158,"column":2},"end":{"line":158,"column":57}},"type":"if","locations":[{"start":{"line":158,"column":2},"end":{"line":158,"column":57}},{"start":{},"end":{}}],"line":158},"1":{"loc":{"start":{"line":158,"column":6},"end":{"line":158,"column":42}},"type":"binary-expr","locations":[{"start":{"line":158,"column":6},"end":{"line":158,"column":17}},{"start":{"line":158,"column":21},"end":{"line":158,"column":42}}],"line":158},"2":{"loc":{"start":{"line":159,"column":2},"end":{"line":159,"column":40}},"type":"if","locations":[{"start":{"line":159,"column":2},"end":{"line":159,"column":40}},{"start":{},"end":{}}],"line":159},"3":{"loc":{"start":{"line":207,"column":6},"end":{"line":207,"column":26}},"type":"if","locations":[{"start":{"line":207,"column":6},"end":{"line":207,"column":26}},{"start":{},"end":{}}],"line":207},"4":{"loc":{"start":{"line":209,"column":63},"end":{"line":209,"column":89}},"type":"cond-expr","locations":[{"start":{"line":209,"column":71},"end":{"line":209,"column":84}},{"start":{"line":209,"column":87},"end":{"line":209,"column":89}}],"line":209},"5":{"loc":{"start":{"line":219,"column":6},"end":{"line":222,"column":7}},"type":"if","locations":[{"start":{"line":219,"column":6},"end":{"line":222,"column":7}},{"start":{},"end":{}}],"line":219},"6":{"loc":{"start":{"line":223,"column":6},"end":{"line":227,"column":7}},"type":"if","locations":[{"start":{"line":223,"column":6},"end":{"line":227,"column":7}},{"start":{},"end":{}}],"line":223},"7":{"loc":{"start":{"line":260,"column":4},"end":{"line":262,"column":5}},"type":"if","locations":[{"start":{"line":260,"column":4},"end":{"line":262,"column":5}},{"start":{},"end":{}}],"line":260},"8":{"loc":{"start":{"line":287,"column":4},"end":{"line":293,"column":5}},"type":"if","locations":[{"start":{"line":287,"column":4},"end":{"line":293,"column":5}},{"start":{},"end":{}}],"line":287},"9":{"loc":{"start":{"line":295,"column":4},"end":{"line":297,"column":5}},"type":"if","locations":[{"start":{"line":295,"column":4},"end":{"line":297,"column":5}},{"start":{},"end":{}}],"line":295},"10":{"loc":{"start":{"line":304,"column":4},"end":{"line":304,"column":51}},"type":"if","locations":[{"start":{"line":304,"column":4},"end":{"line":304,"column":51}},{"start":{},"end":{}}],"line":304},"11":{"loc":{"start":{"line":341,"column":4},"end":{"line":344,"column":5}},"type":"if","locations":[{"start":{"line":341,"column":4},"end":{"line":344,"column":5}},{"start":{},"end":{}}],"line":341},"12":{"loc":{"start":{"line":341,"column":8},"end":{"line":341,"column":55}},"type":"binary-expr","locations":[{"start":{"line":341,"column":8},"end":{"line":341,"column":19}},{"start":{"line":341,"column":23},"end":{"line":341,"column":55}}],"line":341},"13":{"loc":{"start":{"line":365,"column":6},"end":{"line":369,"column":7}},"type":"if","locations":[{"start":{"line":365,"column":6},"end":{"line":369,"column":7}},{"start":{"line":367,"column":13},"end":{"line":369,"column":7}}],"line":365},"14":{"loc":{"start":{"line":406,"column":4},"end":{"line":408,"column":5}},"type":"if","locations":[{"start":{"line":406,"column":4},"end":{"line":408,"column":5}},{"start":{},"end":{}}],"line":406},"15":{"loc":{"start":{"line":428,"column":2},"end":{"line":428,"column":29}},"type":"if","locations":[{"start":{"line":428,"column":2},"end":{"line":428,"column":29}},{"start":{},"end":{}}],"line":428},"16":{"loc":{"start":{"line":431,"column":21},"end":{"line":431,"column":55}},"type":"binary-expr","locations":[{"start":{"line":431,"column":22},"end":{"line":431,"column":48}},{"start":{"line":431,"column":53},"end":{"line":431,"column":55}}],"line":431}},"s":{"0":17,"1":2761,"2":1,"3":1,"4":17,"5":17,"6":17,"7":36,"8":36,"9":36,"10":0,"11":0,"12":0,"13":17,"14":17,"15":17,"16":39,"17":17,"18":818,"19":818,"20":818,"21":0,"22":0,"23":0,"24":0,"25":0,"26":818,"27":0,"28":0,"29":0,"30":0,"31":0,"32":0,"33":0,"34":0,"35":0,"36":818,"37":818,"38":818,"39":818,"40":818,"41":17,"42":781,"43":781,"44":781,"45":624,"46":157,"47":0,"48":36,"49":36,"50":36,"51":36,"52":36,"53":0,"54":36,"55":0,"56":36,"57":36,"58":0,"59":0,"60":0,"61":3,"62":3,"63":3,"64":0,"65":49,"66":49,"67":49,"68":27,"69":27,"70":49,"71":195,"72":0,"73":26,"74":26,"75":26,"76":26,"77":178,"78":148,"79":30,"80":26,"81":0,"82":0,"83":0,"84":0,"85":0,"86":0,"87":0,"88":0,"89":0,"90":0,"91":0,"92":0,"93":0,"94":0,"95":0,"96":0,"97":0,"98":0,"99":0,"100":0,"101":0,"102":0},"f":{"0":2761,"1":1,"2":36,"3":39,"4":818,"5":818,"6":0,"7":0,"8":0,"9":781,"10":36,"11":3,"12":49,"13":195,"14":26,"15":0,"16":0,"17":0,"18":0},"b":{"0":[36,0],"1":[36,0],"2":[0,0],"3":[0,0],"4":[0,0],"5":[0,0],"6":[0,0],"7":[624,157],"8":[0,36],"9":[0,36],"10":[0,0],"11":[27,22],"12":[49,22],"13":[148,30],"14":[0,0],"15":[0,0],"16":[0,0]},"_coverageSchema":"1a1c01bbd47fc00a2c39e90264f33305004495a9","hash":"c6956d4135d30eca7358a330cf56939ae74552aa"}
,"C:\\Users\\joshs\\Documents\\Sandbox\\dub-ai-tracker\\src\\utils\\tokenEstimator.ts": {"path":"C:\\Users\\joshs\\Documents\\Sandbox\\dub-ai-tracker\\src\\utils\\tokenEstimator.ts","statementMap":{"0":{"start":{"line":9,"column":2},"end":{"line":9,"column":36}}},"fnMap":{"0":{"name":"estimateTokens","decl":{"start":{"line":8,"column":16},"end":{"line":8,"column":30}},"loc":{"start":{"line":8,"column":53},"end":{"line":10,"column":1}},"line":8}},"branchMap":{},"s":{"0":3},"f":{"0":3},"b":{},"_coverageSchema":"1a1c01bbd47fc00a2c39e90264f33305004495a9","hash":"d27bfc86e46a76b7967d70a093a5c7c38d0c7150"}
,"C:\\Users\\joshs\\Documents\\Sandbox\\dub-ai-tracker\\src\\utils\\tracking.ts": {"path":"C:\\Users\\joshs\\Documents\\Sandbox\\dub-ai-tracker\\src\\utils\\tracking.ts","statementMap":{"0":{"start":{"line":10,"column":58},"end":{"line":10,"column":72}},"1":{"start":{"line":13,"column":2},"end":{"line":21,"column":3}},"2":{"start":{"line":14,"column":23},"end":{"line":14,"column":62}},"3":{"start":{"line":15,"column":4},"end":{"line":15,"column":63}},"4":{"start":{"line":16,"column":4},"end":{"line":16,"column":38}},"5":{"start":{"line":19,"column":4},"end":{"line":19,"column":29}},"6":{"start":{"line":20,"column":4},"end":{"line":20,"column":16}},"7":{"start":{"line":25,"column":2},"end":{"line":27,"column":3}},"8":{"start":{"line":26,"column":4},"end":{"line":26,"column":38}},"9":{"start":{"line":28,"column":2},"end":{"line":35,"column":3}},"10":{"start":{"line":29,"column":23},"end":{"line":29,"column":58}},"11":{"start":{"line":30,"column":4},"end":{"line":30,"column":48}},"12":{"start":{"line":30,"column":35},"end":{"line":30,"column":48}},"13":{"start":{"line":31,"column":4},"end":{"line":31,"column":63}},"14":{"start":{"line":32,"column":4},"end":{"line":32,"column":38}},"15":{"start":{"line":34,"column":4},"end":{"line":34,"column":16}}},"fnMap":{"0":{"name":"requestTrackingPermission","decl":{"start":{"line":12,"column":22},"end":{"line":12,"column":47}},"loc":{"start":{"line":12,"column":68},"end":{"line":22,"column":1}},"line":12},"1":{"name":"isTrackingAllowed","decl":{"start":{"line":24,"column":22},"end":{"line":24,"column":39}},"loc":{"start":{"line":24,"column":60},"end":{"line":36,"column":1}},"line":24}},"branchMap":{"0":{"loc":{"start":{"line":15,"column":19},"end":{"line":15,"column":62}},"type":"cond-expr","locations":[{"start":{"line":15,"column":42},"end":{"line":15,"column":51}},{"start":{"line":15,"column":54},"end":{"line":15,"column":62}}],"line":15},"1":{"loc":{"start":{"line":25,"column":2},"end":{"line":27,"column":3}},"type":"if","locations":[{"start":{"line":25,"column":2},"end":{"line":27,"column":3}},{"start":{},"end":{}}],"line":25},"2":{"loc":{"start":{"line":30,"column":4},"end":{"line":30,"column":48}},"type":"if","locations":[{"start":{"line":30,"column":4},"end":{"line":30,"column":48}},{"start":{},"end":{}}],"line":30},"3":{"loc":{"start":{"line":31,"column":19},"end":{"line":31,"column":62}},"type":"cond-expr","locations":[{"start":{"line":31,"column":42},"end":{"line":31,"column":51}},{"start":{"line":31,"column":54},"end":{"line":31,"column":62}}],"line":31}},"s":{"0":1,"1":0,"2":0,"3":0,"4":0,"5":0,"6":0,"7":0,"8":0,"9":0,"10":0,"11":0,"12":0,"13":0,"14":0,"15":0},"f":{"0":0,"1":0},"b":{"0":[0,0],"1":[0,0],"2":[0,0],"3":[0,0]},"_coverageSchema":"1a1c01bbd47fc00a2c39e90264f33305004495a9","hash":"0572df7511ce6a68e5eb2fd1b3f01a84aa6ffc72"}
}
