TN:
SF:src\ai\coach_system_prompt.ts
FN:63,buildSystemPrompt
FN:110,(anonymous_1)
FN:193,(anonymous_2)
FN:197,(anonymous_3)
FN:201,(anonymous_4)
FN:215,(anonymous_5)
FN:257,filterCoachResponse
FN:280,(anonymous_7)
FN:295,(anonymous_8)
FNF:9
FNH:5
FNDA:12,buildSystemPrompt
FNDA:5,(anonymous_1)
FNDA:1,(anonymous_2)
FNDA:1,(anonymous_3)
FNDA:2,(anonymous_4)
FNDA:0,(anonymous_5)
FNDA:0,filterCoachResponse
FNDA:0,(anonymous_7)
FNDA:0,(anonymous_8)
DA:12,3
DA:40,3
DA:64,12
DA:65,12
DA:67,12
DA:70,12
DA:78,12
DA:79,12
DA:80,0
DA:83,12
DA:105,12
DA:109,12
DA:110,4
DA:111,5
DA:113,1
DA:115,4
DA:117,0
DA:119,0
DA:121,0
DA:124,4
DA:127,12
DA:154,12
DA:155,12
DA:156,12
DA:157,12
DA:158,12
DA:161,12
DA:162,12
DA:163,12
DA:164,12
DA:167,12
DA:168,12
DA:169,12
DA:170,12
DA:171,12
DA:174,12
DA:175,12
DA:176,12
DA:177,12
DA:178,12
DA:179,12
DA:180,12
DA:181,12
DA:182,12
DA:184,12
DA:185,12
DA:188,12
DA:189,1
DA:192,12
DA:193,1
DA:196,12
DA:197,1
DA:200,12
DA:201,2
DA:204,12
DA:205,0
DA:208,12
DA:209,0
DA:212,12
DA:213,1
DA:214,1
DA:215,0
DA:217,1
DA:218,1
DA:219,1
DA:220,1
DA:226,12
DA:229,3
DA:242,3
DA:261,0
DA:262,0
DA:263,0
DA:267,0
DA:268,0
DA:269,0
DA:270,0
DA:271,0
DA:272,0
DA:273,0
DA:274,0
DA:279,0
DA:280,0
DA:283,0
DA:284,0
DA:285,0
DA:286,0
DA:287,0
DA:288,0
DA:289,0
DA:292,0
DA:295,0
DA:296,0
DA:301,0
LF:93
LH:62
BRDA:79,0,0,0
BRDA:79,0,1,12
BRDA:109,1,0,4
BRDA:109,1,1,8
BRDA:111,2,0,1
BRDA:111,2,1,4
BRDA:111,2,2,0
BRDA:111,2,3,0
BRDA:111,2,4,0
BRDA:154,3,0,12
BRDA:154,3,1,0
BRDA:156,4,0,12
BRDA:156,4,1,0
BRDA:157,5,0,0
BRDA:157,5,1,12
BRDA:157,6,0,0
BRDA:157,6,1,12
BRDA:157,7,0,12
BRDA:157,7,1,0
BRDA:158,8,0,0
BRDA:158,8,1,12
BRDA:158,9,0,12
BRDA:158,9,1,0
BRDA:161,10,0,12
BRDA:161,10,1,0
BRDA:162,11,0,12
BRDA:162,11,1,0
BRDA:163,12,0,12
BRDA:163,12,1,0
BRDA:164,13,0,12
BRDA:164,13,1,0
BRDA:164,14,0,12
BRDA:164,14,1,0
BRDA:167,15,0,12
BRDA:167,15,1,0
BRDA:167,16,0,12
BRDA:167,16,1,12
BRDA:168,17,0,12
BRDA:168,17,1,0
BRDA:170,18,0,12
BRDA:170,18,1,0
BRDA:170,19,0,0
BRDA:170,19,1,0
BRDA:171,20,0,12
BRDA:171,20,1,0
BRDA:176,21,0,12
BRDA:176,21,1,0
BRDA:178,22,0,12
BRDA:178,22,1,0
BRDA:179,23,0,12
BRDA:179,23,1,0
BRDA:180,24,0,12
BRDA:180,24,1,0
BRDA:181,25,0,12
BRDA:181,25,1,0
BRDA:182,26,0,12
BRDA:182,26,1,0
BRDA:182,27,0,12
BRDA:182,27,1,0
BRDA:184,28,0,12
BRDA:184,28,1,0
BRDA:192,29,0,1
BRDA:192,29,1,11
BRDA:196,30,0,1
BRDA:196,30,1,11
BRDA:200,31,0,2
BRDA:200,31,1,10
BRDA:204,32,0,0
BRDA:204,32,1,12
BRDA:208,33,0,0
BRDA:208,33,1,12
BRDA:212,34,0,1
BRDA:212,34,1,11
BRDA:213,35,0,1
BRDA:213,35,1,0
BRDA:214,36,0,0
BRDA:214,36,1,1
BRDA:217,37,0,0
BRDA:217,37,1,1
BRDA:218,38,0,1
BRDA:218,38,1,0
BRDA:218,38,2,0
BRDA:219,39,0,1
BRDA:219,39,1,0
BRDA:269,40,0,0
BRDA:269,40,1,0
BRDA:271,41,0,0
BRDA:271,41,1,0
BRDA:283,42,0,0
BRDA:283,42,1,0
BRDA:286,43,0,0
BRDA:286,43,1,0
BRDA:295,44,0,0
BRDA:295,44,1,0
BRF:94
BRH:46
end_of_record
TN:
SF:src\ai\context_builder.ts
FN:53,pastDateString
FN:78,messageMatchesKeywords
FN:80,(anonymous_2)
FN:84,assertNoTherapyContent
FN:98,buildCoachContext
FN:158,(anonymous_5)
FN:161,(anonymous_6)
FN:163,(anonymous_7)
FN:164,(anonymous_8)
FN:165,(anonymous_9)
FN:166,(anonymous_10)
FN:167,(anonymous_11)
FN:169,(anonymous_12)
FN:170,(anonymous_13)
FN:171,(anonymous_14)
FN:171,(anonymous_15)
FN:171,(anonymous_16)
FN:172,(anonymous_17)
FN:172,(anonymous_18)
FN:172,(anonymous_19)
FN:262,(anonymous_20)
FN:267,(anonymous_21)
FN:274,(anonymous_22)
FN:292,(anonymous_23)
FN:293,(anonymous_24)
FN:303,(anonymous_25)
FN:325,(anonymous_26)
FN:336,(anonymous_27)
FN:344,(anonymous_28)
FN:352,(anonymous_29)
FN:385,(anonymous_30)
FN:386,(anonymous_31)
FN:421,(anonymous_32)
FN:528,compute7DayRolling
FN:555,parse
FN:577,(anonymous_35)
FN:578,(anonymous_36)
FN:579,(anonymous_37)
FN:580,(anonymous_38)
FN:585,(anonymous_39)
FN:596,(anonymous_40)
FN:597,(anonymous_41)
FN:599,(anonymous_42)
FN:601,(anonymous_43)
FN:603,(anonymous_44)
FN:618,(anonymous_45)
FN:618,(anonymous_46)
FNF:47
FNH:33
FNDA:322,pastDateString
FNDA:230,messageMatchesKeywords
FNDA:1695,(anonymous_2)
FNDA:23,assertNoTherapyContent
FNDA:23,buildCoachContext
FNDA:0,(anonymous_5)
FNDA:4,(anonymous_6)
FNDA:4,(anonymous_7)
FNDA:4,(anonymous_8)
FNDA:4,(anonymous_9)
FNDA:0,(anonymous_10)
FNDA:0,(anonymous_11)
FNDA:0,(anonymous_12)
FNDA:1,(anonymous_13)
FNDA:1,(anonymous_14)
FNDA:1,(anonymous_15)
FNDA:1,(anonymous_16)
FNDA:1,(anonymous_17)
FNDA:1,(anonymous_18)
FNDA:1,(anonymous_19)
FNDA:0,(anonymous_20)
FNDA:0,(anonymous_21)
FNDA:0,(anonymous_22)
FNDA:0,(anonymous_23)
FNDA:0,(anonymous_24)
FNDA:0,(anonymous_25)
FNDA:6,(anonymous_26)
FNDA:0,(anonymous_27)
FNDA:2,(anonymous_28)
FNDA:2,(anonymous_29)
FNDA:0,(anonymous_30)
FNDA:0,(anonymous_31)
FNDA:12,(anonymous_32)
FNDA:23,compute7DayRolling
FNDA:966,parse
FNDA:12,(anonymous_35)
FNDA:12,(anonymous_36)
FNDA:12,(anonymous_37)
FNDA:12,(anonymous_38)
FNDA:0,(anonymous_39)
FNDA:1,(anonymous_40)
FNDA:1,(anonymous_41)
FNDA:1,(anonymous_42)
FNDA:1,(anonymous_43)
FNDA:1,(anonymous_44)
FNDA:230,(anonymous_45)
FNDA:51,(anonymous_46)
DA:54,322
DA:55,322
DA:56,322
DA:60,4
DA:61,4
DA:62,4
DA:69,4
DA:70,4
DA:71,4
DA:72,4
DA:73,4
DA:74,4
DA:75,4
DA:76,4
DA:79,230
DA:80,1695
DA:86,23
DA:91,23
DA:92,69
DA:93,0
DA:102,23
DA:105,23
DA:112,23
DA:127,23
DA:141,23
DA:142,23
DA:143,23
DA:144,23
DA:146,23
DA:147,23
DA:148,23
DA:149,23
DA:150,23
DA:151,23
DA:152,23
DA:153,23
DA:154,23
DA:155,23
DA:157,23
DA:158,23
DA:160,23
DA:161,4
DA:163,4
DA:164,4
DA:165,4
DA:166,0
DA:167,0
DA:169,0
DA:170,1
DA:171,1
DA:172,1
DA:181,23
DA:182,23
DA:183,23
DA:184,23
DA:191,23
DA:192,23
DA:193,23
DA:194,23
DA:195,23
DA:196,23
DA:206,23
DA:209,23
DA:210,23
DA:211,0
DA:215,23
DA:216,4
DA:217,4
DA:218,4
DA:219,4
DA:220,4
DA:221,4
DA:222,4
DA:223,4
DA:224,4
DA:225,2
DA:231,23
DA:232,23
DA:233,0
DA:240,23
DA:242,23
DA:243,23
DA:244,23
DA:245,0
DA:246,0
DA:247,0
DA:248,0
DA:249,0
DA:261,23
DA:262,0
DA:266,23
DA:267,0
DA:270,23
DA:273,23
DA:274,23
DA:275,0
DA:276,0
DA:277,0
DA:282,23
DA:283,23
DA:284,2
DA:285,2
DA:286,0
DA:287,0
DA:288,0
DA:289,0
DA:292,0
DA:293,0
DA:301,0
DA:302,0
DA:303,0
DA:305,0
DA:312,23
DA:313,23
DA:314,0
DA:315,0
DA:316,0
DA:317,0
DA:325,23
DA:332,23
DA:333,23
DA:334,0
DA:335,0
DA:336,0
DA:337,0
DA:342,23
DA:343,2
DA:344,2
DA:345,2
DA:350,23
DA:351,2
DA:352,2
DA:353,2
DA:355,2
DA:360,23
DA:361,23
DA:362,1
DA:363,1
DA:367,23
DA:369,0
DA:370,0
DA:371,0
DA:372,0
DA:373,0
DA:374,0
DA:375,0
DA:376,0
DA:377,0
DA:383,0
DA:384,0
DA:385,0
DA:386,0
DA:388,0
DA:393,23
DA:397,23
DA:401,23
DA:406,23
DA:407,4
DA:415,23
DA:416,23
DA:417,161
DA:418,161
DA:419,161
DA:420,161
DA:421,12
DA:422,12
DA:423,7
DA:426,23
DA:427,1
DA:435,23
DA:436,23
DA:437,23
DA:438,23
DA:439,23
DA:440,1
DA:448,23
DA:453,5
DA:454,5
DA:455,5
DA:456,5
DA:457,5
DA:465,23
DA:468,23
DA:469,23
DA:470,1
DA:473,23
DA:522,23
DA:523,23
DA:525,23
DA:530,23
DA:531,23
DA:532,23
DA:541,23
DA:542,161
DA:543,161
DA:544,161
DA:545,966
DA:549,23
DA:550,23
DA:551,23
DA:552,966
DA:556,966
DA:557,966
DA:560,23
DA:561,23
DA:574,23
DA:575,161
DA:576,161
DA:577,12
DA:578,12
DA:579,12
DA:580,12
DA:583,161
DA:584,161
DA:585,0
DA:588,161
DA:589,161
DA:590,0
DA:591,0
DA:594,161
DA:595,161
DA:596,1
DA:597,1
DA:598,1
DA:599,1
DA:601,1
DA:602,1
DA:603,1
DA:607,161
DA:608,161
DA:609,0
DA:612,161
DA:613,161
DA:614,0
DA:618,230
DA:620,23
LF:236
LH:183
BRDA:92,0,0,0
BRDA:92,0,1,69
BRDA:112,1,0,23
BRDA:112,1,1,0
BRDA:141,2,0,23
BRDA:141,2,1,19
BRDA:142,3,0,23
BRDA:142,3,1,23
BRDA:143,4,0,23
BRDA:143,4,1,23
BRDA:144,5,0,23
BRDA:144,5,1,22
BRDA:147,6,0,4
BRDA:147,6,1,19
BRDA:148,7,0,0
BRDA:148,7,1,23
BRDA:149,8,0,0
BRDA:149,8,1,23
BRDA:150,9,0,1
BRDA:150,9,1,22
BRDA:151,10,0,0
BRDA:151,10,1,23
BRDA:152,11,0,23
BRDA:152,11,1,21
BRDA:153,12,0,2
BRDA:153,12,1,21
BRDA:154,13,0,23
BRDA:154,13,1,21
BRDA:155,14,0,2
BRDA:155,14,1,21
BRDA:157,15,0,23
BRDA:157,15,1,23
BRDA:158,16,0,0
BRDA:158,16,1,0
BRDA:161,17,0,4
BRDA:161,17,1,0
BRDA:163,18,0,4
BRDA:163,18,1,0
BRDA:164,19,0,4
BRDA:164,19,1,0
BRDA:165,20,0,4
BRDA:165,20,1,0
BRDA:168,21,0,23
BRDA:168,21,1,23
BRDA:170,22,0,1
BRDA:170,22,1,22
BRDA:171,23,0,1
BRDA:171,23,1,22
BRDA:171,24,0,1
BRDA:171,24,1,0
BRDA:172,25,0,1
BRDA:172,25,1,22
BRDA:172,26,0,1
BRDA:172,26,1,0
BRDA:173,27,0,0
BRDA:173,27,1,23
BRDA:173,28,0,23
BRDA:173,28,1,0
BRDA:176,29,0,23
BRDA:176,29,1,23
BRDA:184,30,0,23
BRDA:184,30,1,0
BRDA:185,31,0,23
BRDA:185,31,1,23
BRDA:185,31,2,23
BRDA:185,31,3,23
BRDA:185,31,4,23
BRDA:198,32,0,23
BRDA:198,32,1,0
BRDA:200,33,0,23
BRDA:200,33,1,18
BRDA:201,34,0,23
BRDA:201,34,1,23
BRDA:210,35,0,0
BRDA:210,35,1,23
BRDA:215,36,0,4
BRDA:215,36,1,19
BRDA:216,37,0,4
BRDA:216,37,1,0
BRDA:218,38,0,2
BRDA:218,38,1,2
BRDA:219,39,0,2
BRDA:219,39,1,2
BRDA:220,40,0,0
BRDA:220,40,1,4
BRDA:221,41,0,0
BRDA:221,41,1,4
BRDA:222,42,0,0
BRDA:222,42,1,4
BRDA:223,43,0,0
BRDA:223,43,1,4
BRDA:224,44,0,2
BRDA:224,44,1,2
BRDA:232,45,0,0
BRDA:232,45,1,23
BRDA:233,46,0,0
BRDA:233,46,1,0
BRDA:246,47,0,0
BRDA:246,47,1,0
BRDA:248,48,0,0
BRDA:248,48,1,0
BRDA:262,49,0,0
BRDA:262,49,1,0
BRDA:266,50,0,3
BRDA:266,50,1,20
BRDA:267,51,0,0
BRDA:267,51,1,0
BRDA:275,52,0,0
BRDA:275,52,1,0
BRDA:283,53,0,2
BRDA:283,53,1,21
BRDA:285,54,0,0
BRDA:285,54,1,2
BRDA:288,55,0,0
BRDA:288,55,1,0
BRDA:297,56,0,0
BRDA:297,56,1,0
BRDA:297,57,0,0
BRDA:297,57,1,0
BRDA:298,58,0,0
BRDA:298,58,1,0
BRDA:298,59,0,0
BRDA:298,59,1,0
BRDA:301,60,0,0
BRDA:301,60,1,0
BRDA:313,61,0,0
BRDA:313,61,1,23
BRDA:315,62,0,0
BRDA:315,62,1,0
BRDA:317,63,0,0
BRDA:317,63,1,0
BRDA:325,64,0,23
BRDA:325,64,1,18
BRDA:333,65,0,0
BRDA:333,65,1,23
BRDA:335,66,0,0
BRDA:335,66,1,0
BRDA:335,67,0,0
BRDA:335,67,1,0
BRDA:342,68,0,2
BRDA:342,68,1,21
BRDA:343,69,0,2
BRDA:343,69,1,0
BRDA:350,70,0,2
BRDA:350,70,1,21
BRDA:351,71,0,2
BRDA:351,71,1,0
BRDA:353,72,0,2
BRDA:353,72,1,0
BRDA:361,73,0,1
BRDA:361,73,1,22
BRDA:363,74,0,1
BRDA:363,74,1,0
BRDA:367,75,0,0
BRDA:367,75,1,23
BRDA:373,76,0,0
BRDA:373,76,1,0
BRDA:375,77,0,0
BRDA:375,77,1,0
BRDA:377,78,0,0
BRDA:377,78,1,0
BRDA:383,79,0,0
BRDA:383,79,1,0
BRDA:397,80,0,0
BRDA:397,80,1,23
BRDA:397,81,0,23
BRDA:397,81,1,0
BRDA:401,82,0,8
BRDA:401,82,1,15
BRDA:402,83,0,15
BRDA:402,83,1,0
BRDA:406,84,0,4
BRDA:406,84,1,19
BRDA:406,85,0,23
BRDA:406,85,1,4
BRDA:418,86,0,23
BRDA:418,86,1,138
BRDA:419,87,0,161
BRDA:419,87,1,130
BRDA:420,88,0,149
BRDA:420,88,1,12
BRDA:421,89,0,12
BRDA:421,89,1,0
BRDA:422,90,0,7
BRDA:422,90,1,5
BRDA:422,91,0,12
BRDA:422,91,1,12
BRDA:426,92,0,1
BRDA:426,92,1,22
BRDA:435,93,0,23
BRDA:435,93,1,0
BRDA:435,94,0,23
BRDA:435,94,1,23
BRDA:439,95,0,1
BRDA:439,95,1,22
BRDA:448,96,0,5
BRDA:448,96,1,18
BRDA:449,97,0,23
BRDA:449,97,1,23
BRDA:449,97,2,23
BRDA:456,98,0,5
BRDA:456,98,1,0
BRDA:469,99,0,1
BRDA:469,99,1,22
BRDA:474,100,0,23
BRDA:474,100,1,0
BRDA:507,101,0,23
BRDA:507,101,1,23
BRDA:552,102,0,13
BRDA:552,102,1,953
BRDA:557,103,0,13
BRDA:557,103,1,953
BRDA:576,104,0,12
BRDA:576,104,1,149
BRDA:576,105,0,161
BRDA:576,105,1,12
BRDA:577,106,0,12
BRDA:577,106,1,0
BRDA:578,107,0,12
BRDA:578,107,1,0
BRDA:579,108,0,12
BRDA:579,108,1,0
BRDA:580,109,0,12
BRDA:580,109,1,0
BRDA:584,110,0,0
BRDA:584,110,1,161
BRDA:584,111,0,161
BRDA:584,111,1,0
BRDA:589,112,0,0
BRDA:589,112,1,161
BRDA:589,113,0,161
BRDA:589,113,1,0
BRDA:591,114,0,0
BRDA:591,114,1,0
BRDA:591,115,0,0
BRDA:591,115,1,0
BRDA:595,116,0,1
BRDA:595,116,1,160
BRDA:595,117,0,161
BRDA:595,117,1,1
BRDA:598,118,0,1
BRDA:598,118,1,0
BRDA:602,119,0,1
BRDA:602,119,1,0
BRDA:608,120,0,0
BRDA:608,120,1,161
BRDA:613,121,0,0
BRDA:613,121,1,161
BRDA:613,122,0,161
BRDA:613,122,1,0
BRDA:618,123,0,19
BRDA:618,123,1,211
BRF:252
BRH:156
end_of_record
TN:
SF:src\ai\correlation.ts
FN:10,spearmanCorrelation
FN:36,computeRanks
FN:37,(anonymous_2)
FN:38,(anonymous_3)
FN:59,isSignificant
FN:77,groupComparison
FN:85,(anonymous_6)
FN:86,(anonymous_7)
FN:97,thresholdCount
FN:105,(anonymous_9)
FNF:10
FNH:10
FNDA:5,spearmanCorrelation
FNDA:8,computeRanks
FNDA:138,(anonymous_2)
FNDA:418,(anonymous_3)
FNDA:4,isSignificant
FNDA:4,groupComparison
FNDA:10,(anonymous_6)
FNDA:10,(anonymous_7)
FNDA:5,thresholdCount
FNDA:24,(anonymous_9)
DA:11,5
DA:12,5
DA:13,1
DA:16,4
DA:17,4
DA:20,4
DA:21,4
DA:22,69
DA:23,69
DA:26,4
DA:31,4
DA:33,4
DA:37,138
DA:38,418
DA:40,8
DA:41,8
DA:42,8
DA:43,98
DA:45,98
DA:46,138
DA:49,98
DA:50,98
DA:51,138
DA:53,98
DA:56,8
DA:60,4
DA:61,4
DA:63,3
DA:67,3
DA:68,3
DA:70,3
DA:83,4
DA:85,10
DA:86,10
DA:87,2
DA:88,2
DA:89,2
DA:91,2
DA:101,5
DA:103,3
DA:104,3
DA:105,24
DA:106,3
DA:108,3
LF:44
LH:44
BRDA:12,0,0,1
BRDA:12,0,1,4
BRDA:12,1,0,5
BRDA:12,1,1,4
BRDA:45,2,0,236
BRDA:45,2,1,228
BRDA:60,3,0,0
BRDA:60,3,1,4
BRDA:61,4,0,1
BRDA:61,4,1,3
BRDA:68,5,0,0
BRDA:68,5,1,3
BRDA:68,6,0,2
BRDA:68,6,1,1
BRDA:68,7,0,0
BRDA:68,7,1,1
BRDA:68,8,0,0
BRDA:68,8,1,1
BRDA:68,9,0,0
BRDA:68,9,1,1
BRDA:83,10,0,2
BRDA:83,10,1,2
BRDA:83,11,0,4
BRDA:83,11,1,3
BRDA:101,12,0,2
BRDA:101,12,1,3
BRDA:101,13,0,5
BRDA:101,13,1,5
BRDA:105,14,0,24
BRDA:105,14,1,18
BRDA:106,15,0,3
BRDA:106,15,1,0
BRF:32
BRH:26
end_of_record
TN:
SF:src\ai\pattern_engine.ts
FN:24,pastDateString
FN:30,generateId
FN:51,loadDayData
FN:75,(anonymous_3)
FN:81,(anonymous_4)
FN:82,(anonymous_5)
FN:84,(anonymous_6)
FN:85,(anonymous_7)
FN:89,(anonymous_8)
FN:90,(anonymous_9)
FN:91,(anonymous_10)
FN:94,(anonymous_11)
FN:105,confidenceLabel
FN:114,statisticalTier
FN:120,runPatternEngine
FN:137,(anonymous_15)
FN:142,(anonymous_16)
FN:143,(anonymous_17)
FN:159,(anonymous_18)
FN:166,(anonymous_19)
FN:167,(anonymous_20)
FN:187,(anonymous_21)
FN:189,(anonymous_22)
FN:190,(anonymous_23)
FN:194,(anonymous_24)
FN:195,(anonymous_25)
FN:215,(anonymous_26)
FN:235,(anonymous_27)
FN:236,(anonymous_28)
FN:255,(anonymous_29)
FN:263,(anonymous_30)
FN:264,(anonymous_31)
FN:264,(anonymous_32)
FN:272,(anonymous_33)
FN:273,(anonymous_34)
FN:277,(anonymous_35)
FN:283,(anonymous_36)
FN:284,(anonymous_37)
FN:291,(anonymous_38)
FN:307,(anonymous_39)
FN:311,(anonymous_40)
FN:312,(anonymous_41)
FN:372,(anonymous_42)
FN:401,(anonymous_43)
FN:405,(anonymous_44)
FN:406,(anonymous_45)
FN:411,(anonymous_46)
FN:417,(anonymous_47)
FNF:48
FNH:0
FNDA:0,pastDateString
FNDA:0,generateId
FNDA:0,loadDayData
FNDA:0,(anonymous_3)
FNDA:0,(anonymous_4)
FNDA:0,(anonymous_5)
FNDA:0,(anonymous_6)
FNDA:0,(anonymous_7)
FNDA:0,(anonymous_8)
FNDA:0,(anonymous_9)
FNDA:0,(anonymous_10)
FNDA:0,(anonymous_11)
FNDA:0,confidenceLabel
FNDA:0,statisticalTier
FNDA:0,runPatternEngine
FNDA:0,(anonymous_15)
FNDA:0,(anonymous_16)
FNDA:0,(anonymous_17)
FNDA:0,(anonymous_18)
FNDA:0,(anonymous_19)
FNDA:0,(anonymous_20)
FNDA:0,(anonymous_21)
FNDA:0,(anonymous_22)
FNDA:0,(anonymous_23)
FNDA:0,(anonymous_24)
FNDA:0,(anonymous_25)
FNDA:0,(anonymous_26)
FNDA:0,(anonymous_27)
FNDA:0,(anonymous_28)
FNDA:0,(anonymous_29)
FNDA:0,(anonymous_30)
FNDA:0,(anonymous_31)
FNDA:0,(anonymous_32)
FNDA:0,(anonymous_33)
FNDA:0,(anonymous_34)
FNDA:0,(anonymous_35)
FNDA:0,(anonymous_36)
FNDA:0,(anonymous_37)
FNDA:0,(anonymous_38)
FNDA:0,(anonymous_39)
FNDA:0,(anonymous_40)
FNDA:0,(anonymous_41)
FNDA:0,(anonymous_42)
FNDA:0,(anonymous_43)
FNDA:0,(anonymous_44)
FNDA:0,(anonymous_45)
FNDA:0,(anonymous_46)
FNDA:0,(anonymous_47)
DA:22,1
DA:25,0
DA:26,0
DA:27,0
DA:31,0
DA:52,0
DA:62,0
DA:63,0
DA:64,0
DA:65,0
DA:66,0
DA:68,0
DA:69,0
DA:70,0
DA:71,0
DA:74,0
DA:75,0
DA:76,0
DA:77,0
DA:80,0
DA:81,0
DA:82,0
DA:84,0
DA:85,0
DA:87,0
DA:89,0
DA:90,0
DA:91,0
DA:94,0
DA:106,0
DA:107,0
DA:108,0
DA:115,0
DA:116,0
DA:117,0
DA:122,0
DA:123,0
DA:124,0
DA:125,0
DA:126,0
DA:129,0
DA:131,0
DA:132,0
DA:137,0
DA:138,0
DA:139,0
DA:141,0
DA:142,0
DA:143,0
DA:145,0
DA:146,0
DA:147,0
DA:159,0
DA:160,0
DA:161,0
DA:162,0
DA:164,0
DA:165,0
DA:166,0
DA:167,0
DA:170,0
DA:171,0
DA:172,0
DA:187,0
DA:188,0
DA:189,0
DA:190,0
DA:192,0
DA:193,0
DA:194,0
DA:195,0
DA:198,0
DA:199,0
DA:200,0
DA:215,0
DA:216,0
DA:218,0
DA:219,0
DA:221,0
DA:222,0
DA:223,0
DA:224,0
DA:225,0
DA:226,0
DA:227,0
DA:228,0
DA:233,0
DA:235,0
DA:236,0
DA:237,0
DA:239,0
DA:240,0
DA:255,0
DA:256,0
DA:257,0
DA:258,0
DA:260,0
DA:261,0
DA:262,0
DA:263,0
DA:264,0
DA:266,0
DA:269,0
DA:272,0
DA:273,0
DA:275,0
DA:277,0
DA:278,0
DA:279,0
DA:280,0
DA:283,0
DA:284,0
DA:287,0
DA:289,0
DA:291,0
DA:293,0
DA:307,0
DA:308,0
DA:310,0
DA:311,0
DA:312,0
DA:315,0
DA:316,0
DA:317,0
DA:332,0
DA:333,0
DA:334,0
DA:336,0
DA:337,0
DA:338,0
DA:339,0
DA:340,0
DA:341,0
DA:348,0
DA:349,0
DA:350,0
DA:365,0
DA:367,0
DA:368,0
DA:369,0
DA:372,0
DA:375,0
DA:376,0
DA:377,0
DA:378,0
DA:380,0
DA:384,0
DA:385,0
DA:399,0
DA:400,0
DA:401,0
DA:405,0
DA:406,0
DA:409,0
DA:410,0
DA:411,0
DA:413,0
DA:414,0
DA:417,0
DA:420,0
DA:421,0
DA:423,0
LF:162
LH:1
BRDA:62,0,0,0
BRDA:62,0,1,0
BRDA:63,1,0,0
BRDA:63,1,1,0
BRDA:64,2,0,0
BRDA:64,2,1,0
BRDA:65,3,0,0
BRDA:65,3,1,0
BRDA:66,4,0,0
BRDA:66,4,1,0
BRDA:69,5,0,0
BRDA:69,5,1,0
BRDA:69,6,0,0
BRDA:69,6,1,0
BRDA:71,7,0,0
BRDA:71,7,1,0
BRDA:71,8,0,0
BRDA:71,8,1,0
BRDA:84,9,0,0
BRDA:84,9,1,0
BRDA:85,10,0,0
BRDA:85,10,1,0
BRDA:89,11,0,0
BRDA:89,11,1,0
BRDA:90,12,0,0
BRDA:90,12,1,0
BRDA:93,13,0,0
BRDA:93,13,1,0
BRDA:94,14,0,0
BRDA:94,14,1,0
BRDA:95,15,0,0
BRDA:95,15,1,0
BRDA:106,16,0,0
BRDA:106,16,1,0
BRDA:107,17,0,0
BRDA:107,17,1,0
BRDA:115,18,0,0
BRDA:115,18,1,0
BRDA:116,19,0,0
BRDA:116,19,1,0
BRDA:126,20,0,0
BRDA:126,20,1,0
BRDA:129,21,0,0
BRDA:129,21,1,0
BRDA:131,22,0,0
BRDA:131,22,1,0
BRDA:137,23,0,0
BRDA:137,23,1,0
BRDA:138,24,0,0
BRDA:138,24,1,0
BRDA:139,25,0,0
BRDA:139,25,1,0
BRDA:145,26,0,0
BRDA:145,26,1,0
BRDA:146,27,0,0
BRDA:146,27,1,0
BRDA:164,28,0,0
BRDA:164,28,1,0
BRDA:164,29,0,0
BRDA:164,29,1,0
BRDA:171,30,0,0
BRDA:171,30,1,0
BRDA:171,31,0,0
BRDA:171,31,1,0
BRDA:188,32,0,0
BRDA:188,32,1,0
BRDA:190,33,0,0
BRDA:190,33,1,0
BRDA:192,34,0,0
BRDA:192,34,1,0
BRDA:192,35,0,0
BRDA:192,35,1,0
BRDA:199,36,0,0
BRDA:199,36,1,0
BRDA:199,37,0,0
BRDA:199,37,1,0
BRDA:216,38,0,0
BRDA:216,38,1,0
BRDA:223,39,0,0
BRDA:223,39,1,0
BRDA:225,40,0,0
BRDA:225,40,1,0
BRDA:227,41,0,0
BRDA:227,41,1,0
BRDA:233,42,0,0
BRDA:233,42,1,0
BRDA:233,43,0,0
BRDA:233,43,1,0
BRDA:237,44,0,0
BRDA:237,44,1,0
BRDA:239,45,0,0
BRDA:239,45,1,0
BRDA:256,46,0,0
BRDA:256,46,1,0
BRDA:258,47,0,0
BRDA:258,47,1,0
BRDA:266,48,0,0
BRDA:266,48,1,0
BRDA:275,49,0,0
BRDA:275,49,1,0
BRDA:275,50,0,0
BRDA:275,50,1,0
BRDA:278,51,0,0
BRDA:278,51,1,0
BRDA:279,52,0,0
BRDA:279,52,1,0
BRDA:287,53,0,0
BRDA:287,53,1,0
BRDA:287,54,0,0
BRDA:287,54,1,0
BRDA:289,55,0,0
BRDA:289,55,1,0
BRDA:290,56,0,0
BRDA:290,56,1,0
BRDA:307,57,0,0
BRDA:307,57,1,0
BRDA:308,58,0,0
BRDA:308,58,1,0
BRDA:315,59,0,0
BRDA:315,59,1,0
BRDA:316,60,0,0
BRDA:316,60,1,0
BRDA:337,61,0,0
BRDA:337,61,1,0
BRDA:339,62,0,0
BRDA:339,62,1,0
BRDA:341,63,0,0
BRDA:341,63,1,0
BRDA:349,64,0,0
BRDA:349,64,1,0
BRDA:354,65,0,0
BRDA:354,65,1,0
BRDA:354,66,0,0
BRDA:354,66,1,0
BRDA:368,67,0,0
BRDA:368,67,1,0
BRDA:377,68,0,0
BRDA:377,68,1,0
BRDA:384,69,0,0
BRDA:384,69,1,0
BRDA:389,70,0,0
BRDA:389,70,1,0
BRDA:389,71,0,0
BRDA:389,71,1,0
BRF:144
BRH:0
end_of_record
TN:
SF:src\ai\recipe_engine.ts
FN:116,getTasteProfile
FN:122,saveTasteProfile
FN:133,buildRecipePrompt
FN:140,(anonymous_3)
FN:159,generateRecipe
FN:188,scaleRecipe
FN:194,(anonymous_6)
FNF:7
FNH:2
FNDA:0,getTasteProfile
FNDA:0,saveTasteProfile
FNDA:0,buildRecipePrompt
FNDA:0,(anonymous_3)
FNDA:0,generateRecipe
FNDA:1,scaleRecipe
FNDA:1,(anonymous_6)
DA:67,1
DA:85,1
DA:106,1
DA:117,0
DA:118,0
DA:119,0
DA:123,0
DA:124,0
DA:125,0
DA:126,0
DA:134,0
DA:136,0
DA:140,0
DA:160,0
DA:161,0
DA:163,0
DA:165,0
DA:175,0
DA:180,0
DA:181,0
DA:189,1
DA:191,1
DA:194,1
LF:23
LH:6
BRDA:119,0,0,0
BRDA:119,0,1,0
BRDA:123,1,0,0
BRDA:123,1,1,0
BRDA:139,2,0,0
BRDA:139,2,1,0
BRDA:140,3,0,0
BRDA:140,3,1,0
BRDA:141,4,0,0
BRDA:141,4,1,0
BRDA:163,5,0,0
BRDA:163,5,1,0
BRF:12
BRH:0
end_of_record
TN:
SF:src\components\APIKeySetupWizard.tsx
FN:37,APIKeySetupWizard
FN:45,(anonymous_1)
FN:54,(anonymous_2)
FN:64,(anonymous_3)
FN:77,(anonymous_4)
FN:106,(anonymous_5)
FN:117,(anonymous_6)
FN:134,(anonymous_7)
FN:138,(anonymous_8)
FN:143,(anonymous_9)
FN:144,(anonymous_10)
FN:186,(anonymous_11)
FN:232,(anonymous_12)
FN:345,(anonymous_13)
FN:351,(anonymous_14)
FN:357,(anonymous_15)
FN:363,(anonymous_16)
FN:376,FaqItem
FNF:18
FNH:6
FNDA:13,APIKeySetupWizard
FNDA:0,(anonymous_1)
FNDA:0,(anonymous_2)
FNDA:0,(anonymous_3)
FNDA:0,(anonymous_4)
FNDA:4,(anonymous_5)
FNDA:0,(anonymous_6)
FNDA:0,(anonymous_7)
FNDA:0,(anonymous_8)
FNDA:1,(anonymous_9)
FNDA:1,(anonymous_10)
FNDA:0,(anonymous_11)
FNDA:0,(anonymous_12)
FNDA:1,(anonymous_13)
FNDA:0,(anonymous_14)
FNDA:0,(anonymous_15)
FNDA:0,(anonymous_16)
FNDA:48,FaqItem
DA:38,13
DA:39,13
DA:40,13
DA:41,13
DA:42,13
DA:43,13
DA:45,13
DA:46,0
DA:47,0
DA:48,0
DA:49,0
DA:50,0
DA:51,0
DA:54,13
DA:55,0
DA:56,0
DA:65,0
DA:66,0
DA:72,0
DA:73,0
DA:77,13
DA:78,0
DA:79,0
DA:81,0
DA:83,0
DA:84,0
DA:85,0
DA:86,0
DA:87,0
DA:88,0
DA:90,0
DA:91,0
DA:92,0
DA:93,0
DA:94,0
DA:95,0
DA:96,0
DA:97,0
DA:98,0
DA:99,0
DA:101,0
DA:102,0
DA:106,13
DA:107,4
DA:108,4
DA:109,4
DA:110,4
DA:111,4
DA:113,0
DA:117,13
DA:118,0
DA:119,0
DA:120,0
DA:121,0
DA:123,0
DA:124,0
DA:125,0
DA:126,0
DA:129,0
DA:130,0
DA:134,13
DA:135,0
DA:138,13
DA:139,0
DA:140,0
DA:143,13
DA:144,1
DA:147,13
DA:149,13
DA:186,0
DA:232,0
DA:345,1
DA:351,0
DA:357,0
DA:363,0
DA:387,48
DA:412,1
LF:77
LH:25
BRDA:55,0,0,0
BRDA:55,0,1,0
BRDA:55,1,0,0
BRDA:55,1,1,0
BRDA:83,2,0,0
BRDA:83,2,1,0
BRDA:85,3,0,0
BRDA:85,3,1,0
BRDA:88,4,0,0
BRDA:88,4,1,0
BRDA:91,5,0,0
BRDA:91,5,1,0
BRDA:94,6,0,0
BRDA:94,6,1,0
BRDA:97,7,0,0
BRDA:97,7,1,0
BRDA:102,8,0,0
BRDA:102,8,1,0
BRDA:110,9,0,4
BRDA:110,9,1,0
BRDA:119,10,0,0
BRDA:119,10,1,0
BRDA:119,11,0,0
BRDA:119,11,1,0
BRDA:129,12,0,0
BRDA:129,12,1,0
BRDA:144,13,0,0
BRDA:144,13,1,1
BRDA:236,14,0,0
BRDA:236,14,1,13
BRDA:253,15,0,13
BRDA:253,15,1,4
BRDA:253,15,2,4
BRDA:255,16,0,1
BRDA:255,16,1,3
BRDA:262,17,0,1
BRDA:262,17,1,2
BRDA:281,18,0,13
BRDA:281,18,1,0
BRDA:290,19,0,13
BRDA:290,19,1,0
BRDA:299,20,0,13
BRDA:299,20,1,0
BRDA:309,21,0,0
BRDA:309,21,1,13
BRDA:319,22,0,13
BRDA:319,22,1,1
BRDA:319,22,2,12
BRDA:321,23,0,13
BRDA:321,23,1,1
BRDA:396,24,0,1
BRDA:396,24,1,47
BRDA:401,25,0,48
BRDA:401,25,1,1
BRF:54
BRH:23
end_of_record
TN:
SF:src\components\AuthGate.tsx
FN:38,AuthGate
FN:52,(anonymous_1)
FN:54,check
FN:88,(anonymous_3)
FN:93,(anonymous_4)
FN:97,(anonymous_5)
FN:99,(anonymous_6)
FN:105,rafCheck
FN:108,(anonymous_8)
FN:115,(anonymous_9)
FN:122,(anonymous_10)
FN:123,handleAppState
FN:132,(anonymous_12)
FN:136,(anonymous_13)
FN:137,(anonymous_14)
FN:147,(anonymous_15)
FN:149,(anonymous_16)
FN:150,(anonymous_17)
FN:158,(anonymous_18)
FN:161,(anonymous_19)
FN:171,(anonymous_20)
FN:179,(anonymous_21)
FN:188,(anonymous_22)
FN:200,(anonymous_23)
FN:215,(anonymous_24)
FN:217,(anonymous_25)
FN:250,(anonymous_26)
FN:269,(anonymous_27)
FN:271,(anonymous_28)
FN:292,(anonymous_29)
FN:306,(anonymous_30)
FN:333,(anonymous_31)
FNF:32
FNH:14
FNDA:10,AuthGate
FNDA:5,(anonymous_1)
FNDA:5,check
FNDA:5,(anonymous_3)
FNDA:5,(anonymous_4)
FNDA:0,(anonymous_5)
FNDA:0,(anonymous_6)
FNDA:42,rafCheck
FNDA:0,(anonymous_8)
FNDA:5,(anonymous_9)
FNDA:5,(anonymous_10)
FNDA:0,handleAppState
FNDA:5,(anonymous_12)
FNDA:5,(anonymous_13)
FNDA:0,(anonymous_14)
FNDA:5,(anonymous_15)
FNDA:0,(anonymous_16)
FNDA:0,(anonymous_17)
FNDA:0,(anonymous_18)
FNDA:0,(anonymous_19)
FNDA:0,(anonymous_20)
FNDA:0,(anonymous_21)
FNDA:0,(anonymous_22)
FNDA:0,(anonymous_23)
FNDA:0,(anonymous_24)
FNDA:0,(anonymous_25)
FNDA:8,(anonymous_26)
FNDA:8,(anonymous_27)
FNDA:24,(anonymous_28)
FNDA:0,(anonymous_29)
FNDA:0,(anonymous_30)
FNDA:0,(anonymous_31)
DA:31,1
DA:32,1
DA:39,10
DA:40,10
DA:41,10
DA:42,10
DA:43,10
DA:44,10
DA:45,10
DA:46,10
DA:48,10
DA:49,10
DA:52,10
DA:53,5
DA:55,5
DA:56,5
DA:57,5
DA:58,5
DA:60,5
DA:61,1
DA:62,1
DA:65,4
DA:66,4
DA:67,4
DA:69,4
DA:70,4
DA:71,4
DA:74,4
DA:75,2
DA:77,2
DA:80,4
DA:83,0
DA:84,0
DA:87,5
DA:88,5
DA:93,10
DA:94,5
DA:97,5
DA:98,0
DA:99,0
DA:104,5
DA:106,42
DA:107,37
DA:108,0
DA:109,0
DA:111,37
DA:113,5
DA:115,5
DA:116,5
DA:117,5
DA:122,10
DA:124,0
DA:125,0
DA:126,0
DA:127,0
DA:131,5
DA:132,5
DA:136,10
DA:137,5
DA:138,0
DA:139,0
DA:140,0
DA:141,0
DA:147,10
DA:148,5
DA:149,0
DA:150,0
DA:151,0
DA:152,0
DA:153,0
DA:155,0
DA:158,0
DA:161,10
DA:162,0
DA:171,10
DA:172,0
DA:173,0
DA:174,0
DA:178,10
DA:180,0
DA:181,0
DA:183,0
DA:184,0
DA:186,0
DA:188,0
DA:189,0
DA:190,0
DA:191,0
DA:192,0
DA:193,0
DA:195,0
DA:196,0
DA:197,0
DA:198,0
DA:200,0
DA:201,0
DA:202,0
DA:203,0
DA:204,0
DA:205,0
DA:215,10
DA:216,0
DA:217,0
DA:224,10
DA:251,8
DA:270,8
DA:272,24
DA:273,22
DA:274,2
DA:288,20
DA:292,0
DA:306,0
DA:333,0
DA:346,1
LF:114
LH:63
BRDA:57,0,0,0
BRDA:57,0,1,5
BRDA:60,1,0,1
BRDA:60,1,1,4
BRDA:66,2,0,0
BRDA:66,2,1,4
BRDA:70,3,0,0
BRDA:70,3,1,4
BRDA:74,4,0,2
BRDA:74,4,1,2
BRDA:74,5,0,4
BRDA:74,5,1,3
BRDA:83,6,0,0
BRDA:83,6,1,0
BRDA:98,7,0,0
BRDA:98,7,1,0
BRDA:99,8,0,0
BRDA:99,8,1,0
BRDA:106,9,0,5
BRDA:106,9,1,37
BRDA:107,10,0,0
BRDA:107,10,1,37
BRDA:108,11,0,0
BRDA:108,11,1,0
BRDA:124,12,0,0
BRDA:124,12,1,0
BRDA:124,13,0,0
BRDA:124,13,1,0
BRDA:138,14,0,0
BRDA:138,14,1,0
BRDA:148,15,0,5
BRDA:148,15,1,0
BRDA:151,16,0,0
BRDA:151,16,1,0
BRDA:173,17,0,0
BRDA:173,17,1,0
BRDA:180,18,0,0
BRDA:180,18,1,0
BRDA:181,19,0,0
BRDA:181,19,1,0
BRDA:186,20,0,0
BRDA:186,20,1,0
BRDA:190,21,0,0
BRDA:190,21,1,0
BRDA:203,22,0,0
BRDA:203,22,1,0
BRDA:216,23,0,0
BRDA:216,23,1,0
BRDA:216,24,0,0
BRDA:216,24,1,0
BRDA:228,25,0,10
BRDA:228,25,1,9
BRDA:230,26,0,9
BRDA:230,26,1,5
BRDA:234,27,0,9
BRDA:234,27,1,4
BRDA:234,27,2,2
BRDA:238,28,0,0
BRDA:238,28,1,2
BRDA:255,29,0,8
BRDA:255,29,1,0
BRDA:256,30,0,8
BRDA:256,30,1,0
BRDA:272,31,0,2
BRDA:272,31,1,22
BRDA:273,32,0,2
BRDA:273,32,1,20
BRDA:303,33,0,2
BRDA:303,33,1,1
BRDA:303,33,2,0
BRDA:314,34,0,9
BRDA:314,34,1,4
BRDA:314,34,2,2
BRDA:320,35,0,2
BRDA:320,35,1,0
BRDA:326,36,0,2
BRDA:326,36,1,0
BRDA:330,37,0,2
BRDA:330,37,1,0
BRF:79
BRH:35
end_of_record
TN:
SF:src\components\OnboardingGate.tsx
FN:15,OnboardingGate
FN:19,(anonymous_1)
FN:21,check
FN:34,(anonymous_3)
FN:39,(anonymous_4)
FN:42,rafCheck
FN:51,(anonymous_6)
FN:54,(anonymous_7)
FNF:8
FNH:8
FNDA:8,OnboardingGate
FNDA:4,(anonymous_1)
FNDA:4,check
FNDA:4,(anonymous_3)
FNDA:4,(anonymous_4)
FNDA:23,rafCheck
FNDA:4,(anonymous_6)
FNDA:1,(anonymous_7)
DA:16,8
DA:17,8
DA:19,8
DA:20,4
DA:22,4
DA:23,4
DA:24,3
DA:25,3
DA:28,0
DA:30,3
DA:33,4
DA:34,4
DA:39,8
DA:40,4
DA:41,4
DA:43,23
DA:44,19
DA:45,0
DA:46,0
DA:48,19
DA:50,4
DA:51,4
DA:54,8
DA:55,1
DA:58,8
DA:59,4
DA:66,4
DA:67,2
DA:70,2
DA:73,1
LF:30
LH:27
BRDA:24,0,0,0
BRDA:24,0,1,3
BRDA:28,1,0,0
BRDA:28,1,1,0
BRDA:30,2,0,3
BRDA:30,2,1,0
BRDA:43,3,0,4
BRDA:43,3,1,19
BRDA:44,4,0,0
BRDA:44,4,1,19
BRDA:58,5,0,4
BRDA:58,5,1,4
BRDA:66,6,0,2
BRDA:66,6,1,2
BRF:14
BRH:9
end_of_record
TN:
SF:src\components\charts\BarChart.tsx
FN:38,BarChart
FN:61,(anonymous_1)
FN:76,(anonymous_2)
FN:79,(anonymous_3)
FN:104,(anonymous_4)
FN:107,(anonymous_5)
FN:120,(anonymous_6)
FN:125,(anonymous_7)
FN:128,(anonymous_8)
FN:142,(anonymous_9)
FN:156,(anonymous_10)
FN:169,(anonymous_11)
FN:175,(anonymous_12)
FN:259,ThumbnailBar
FN:284,(anonymous_14)
FNF:15
FNH:0
FNDA:0,BarChart
FNDA:0,(anonymous_1)
FNDA:0,(anonymous_2)
FNDA:0,(anonymous_3)
FNDA:0,(anonymous_4)
FNDA:0,(anonymous_5)
FNDA:0,(anonymous_6)
FNDA:0,(anonymous_7)
FNDA:0,(anonymous_8)
FNDA:0,(anonymous_9)
FNDA:0,(anonymous_10)
FNDA:0,(anonymous_11)
FNDA:0,(anonymous_12)
FNDA:0,ThumbnailBar
FNDA:0,(anonymous_14)
DA:50,0
DA:51,0
DA:53,0
DA:54,0
DA:61,0
DA:62,0
DA:63,0
DA:64,0
DA:66,0
DA:67,0
DA:70,0
DA:71,0
DA:72,0
DA:74,0
DA:75,0
DA:76,0
DA:77,0
DA:79,0
DA:80,0
DA:81,0
DA:89,0
DA:91,0
DA:99,0
DA:101,0
DA:102,0
DA:104,0
DA:108,0
DA:117,0
DA:120,0
DA:125,0
DA:129,0
DA:143,0
DA:157,0
DA:158,0
DA:159,0
DA:169,0
DA:176,0
DA:177,0
DA:178,0
DA:179,0
DA:274,0
DA:275,0
DA:276,0
DA:277,0
DA:278,0
DA:279,0
DA:281,0
DA:285,0
DA:286,0
DA:287,0
DA:304,1
LF:51
LH:1
BRDA:40,0,0,0
BRDA:41,1,0,0
BRDA:43,2,0,0
BRDA:44,3,0,0
BRDA:47,4,0,0
BRDA:53,5,0,0
BRDA:53,5,1,0
BRDA:62,6,0,0
BRDA:62,6,1,0
BRDA:64,7,0,0
BRDA:64,7,1,0
BRDA:66,8,0,0
BRDA:66,8,1,0
BRDA:80,9,0,0
BRDA:80,9,1,0
BRDA:95,10,0,0
BRDA:95,10,1,0
BRDA:99,11,0,0
BRDA:99,11,1,0
BRDA:99,12,0,0
BRDA:99,12,1,0
BRDA:101,13,0,0
BRDA:101,13,1,0
BRDA:110,14,0,0
BRDA:110,14,1,0
BRDA:177,15,0,0
BRDA:177,15,1,0
BRDA:177,15,2,0
BRDA:177,15,3,0
BRDA:178,16,0,0
BRDA:178,16,1,0
BRDA:194,17,0,0
BRDA:194,17,1,0
BRDA:205,18,0,0
BRDA:205,18,1,0
BRDA:220,19,0,0
BRDA:220,19,1,0
BRDA:282,20,0,0
BRDA:282,20,1,0
BRDA:286,21,0,0
BRDA:286,21,1,0
BRF:41
BRH:0
end_of_record
TN:
SF:src\components\charts\LineChart.tsx
FN:41,LineChart
FN:57,(anonymous_1)
FN:66,(anonymous_2)
FN:66,(anonymous_3)
FN:76,(anonymous_4)
FN:77,(anonymous_5)
FN:79,(anonymous_6)
FN:101,(anonymous_7)
FN:109,(anonymous_8)
FN:114,(anonymous_9)
FN:118,(anonymous_10)
FN:121,(anonymous_11)
FN:136,(anonymous_12)
FN:145,(anonymous_13)
FN:148,(anonymous_14)
FN:162,(anonymous_15)
FN:176,(anonymous_16)
FN:224,(anonymous_17)
FN:226,(anonymous_18)
FN:240,(anonymous_19)
FN:247,(anonymous_20)
FN:299,ThumbnailLine
FN:311,(anonymous_22)
FN:311,(anonymous_23)
FN:324,(anonymous_24)
FN:326,(anonymous_25)
FNF:26
FNH:0
FNDA:0,LineChart
FNDA:0,(anonymous_1)
FNDA:0,(anonymous_2)
FNDA:0,(anonymous_3)
FNDA:0,(anonymous_4)
FNDA:0,(anonymous_5)
FNDA:0,(anonymous_6)
FNDA:0,(anonymous_7)
FNDA:0,(anonymous_8)
FNDA:0,(anonymous_9)
FNDA:0,(anonymous_10)
FNDA:0,(anonymous_11)
FNDA:0,(anonymous_12)
FNDA:0,(anonymous_13)
FNDA:0,(anonymous_14)
FNDA:0,(anonymous_15)
FNDA:0,(anonymous_16)
FNDA:0,(anonymous_17)
FNDA:0,(anonymous_18)
FNDA:0,(anonymous_19)
FNDA:0,(anonymous_20)
FNDA:0,ThumbnailLine
FNDA:0,(anonymous_22)
FNDA:0,(anonymous_23)
FNDA:0,(anonymous_24)
FNDA:0,(anonymous_25)
DA:53,0
DA:54,0
DA:55,0
DA:57,0
DA:58,0
DA:62,0
DA:63,0
DA:66,0
DA:67,0
DA:68,0
DA:69,0
DA:70,0
DA:72,0
DA:73,0
DA:74,0
DA:76,0
DA:77,0
DA:79,0
DA:80,0
DA:81,0
DA:90,0
DA:92,0
DA:101,0
DA:102,0
DA:103,0
DA:106,0
DA:107,0
DA:109,0
DA:115,0
DA:119,0
DA:122,0
DA:132,0
DA:136,0
DA:145,0
DA:149,0
DA:163,0
DA:177,0
DA:178,0
DA:179,0
DA:192,0
DA:225,0
DA:226,0
DA:228,0
DA:241,0
DA:248,0
DA:310,0
DA:311,0
DA:312,0
DA:313,0
DA:314,0
DA:315,0
DA:316,0
DA:318,0
DA:319,0
DA:321,0
DA:325,0
DA:327,0
DA:328,0
DA:329,0
DA:332,0
DA:350,1
LF:61
LH:1
BRDA:43,0,0,0
BRDA:44,1,0,0
BRDA:46,2,0,0
BRDA:49,3,0,0
BRDA:50,4,0,0
BRDA:62,5,0,0
BRDA:62,5,1,0
BRDA:67,6,0,0
BRDA:67,6,1,0
BRDA:70,7,0,0
BRDA:70,7,1,0
BRDA:80,8,0,0
BRDA:80,8,1,0
BRDA:96,9,0,0
BRDA:96,9,1,0
BRDA:103,10,0,0
BRDA:103,10,1,0
BRDA:103,11,0,0
BRDA:103,11,1,0
BRDA:106,12,0,0
BRDA:106,12,1,0
BRDA:123,13,0,0
BRDA:123,13,1,0
BRDA:178,14,0,0
BRDA:178,14,1,0
BRDA:178,15,0,0
BRDA:178,15,1,0
BRDA:178,15,2,0
BRDA:178,15,3,0
BRDA:196,16,0,0
BRDA:196,16,1,0
BRDA:208,17,0,0
BRDA:208,17,1,0
BRDA:234,18,0,0
BRDA:234,18,1,0
BRDA:237,19,0,0
BRDA:237,19,1,0
BRDA:239,20,0,0
BRDA:239,20,1,0
BRDA:245,21,0,0
BRDA:245,21,1,0
BRDA:260,22,0,0
BRDA:260,22,1,0
BRDA:314,23,0,0
BRDA:314,23,1,0
BRDA:319,24,0,0
BRDA:319,24,1,0
BRDA:341,25,0,0
BRDA:341,25,1,0
BRF:49
BRH:0
end_of_record
TN:
SF:src\components\charts\ScoreRing.tsx
FN:24,ScoreRing
FN:36,(anonymous_1)
FN:43,(anonymous_2)
FNF:3
FNH:0
FNDA:0,ScoreRing
FNDA:0,(anonymous_1)
FNDA:0,(anonymous_2)
DA:15,1
DA:30,0
DA:31,0
DA:32,0
DA:34,0
DA:36,0
DA:37,0
DA:43,0
DA:49,0
DA:55,0
DA:61,0
DA:99,1
LF:12
LH:2
BRDA:26,0,0,0
BRDA:27,1,0,0
BRDA:28,2,0,0
BRDA:49,3,0,0
BRDA:49,3,1,0
BRDA:51,4,0,0
BRDA:51,4,1,0
BRDA:55,5,0,0
BRDA:55,5,1,0
BRDA:57,6,0,0
BRDA:57,6,1,0
BRF:11
BRH:0
end_of_record
TN:
SF:src\components\charts\SparkLine.tsx
FN:15,SparkLine
FN:33,(anonymous_1)
FNF:2
FNH:0
FNDA:0,SparkLine
FNDA:0,(anonymous_1)
DA:21,0
DA:22,0
DA:25,0
DA:26,0
DA:27,0
DA:29,0
DA:30,0
DA:31,0
DA:33,0
DA:34,0
DA:35,0
DA:36,0
DA:39,0
DA:40,0
DA:41,0
DA:43,0
LF:16
LH:0
BRDA:17,0,0,0
BRDA:18,1,0,0
BRDA:19,2,0,0
BRDA:21,3,0,0
BRDA:21,3,1,0
BRDA:31,4,0,0
BRDA:31,4,1,0
BRF:7
BRH:0
end_of_record
TN:
SF:src\components\charts\types.ts
FN:58,getChartArea
FN:65,scaleX
FN:69,scaleY
FN:73,computeYTicks
FN:75,(anonymous_4)
FN:78,formatTickValue
FNF:6
FNH:0
FNDA:0,getChartArea
FNDA:0,scaleX
FNDA:0,scaleY
FNDA:0,computeYTicks
FNDA:0,(anonymous_4)
FNDA:0,formatTickValue
DA:59,0
DA:66,0
DA:70,0
DA:74,0
DA:75,0
DA:79,0
DA:80,0
DA:81,0
LF:8
LH:0
BRDA:70,0,0,0
BRDA:70,0,1,0
BRDA:73,1,0,0
BRDA:74,2,0,0
BRDA:74,2,1,0
BRDA:79,3,0,0
BRDA:79,3,1,0
BRDA:80,4,0,0
BRDA:80,4,1,0
BRF:9
BRH:0
end_of_record
TN:
SF:src\components\coach\ChatBubble.tsx
FN:13,ChatBubble
FNF:1
FNH:0
FNDA:0,ChatBubble
DA:13,1
DA:14,0
DA:16,0
DA:30,1
LF:4
LH:2
BRDA:17,0,0,0
BRDA:17,0,1,0
BRDA:18,1,0,0
BRDA:18,1,1,0
BRDA:19,2,0,0
BRDA:19,2,1,0
BRF:6
BRH:0
end_of_record
TN:
SF:src\components\coach\DataContextBanner.tsx
FN:27,DataContextBanner
FN:52,(anonymous_1)
FN:58,(anonymous_2)
FNF:3
FNH:0
FNDA:0,DataContextBanner
FNDA:0,(anonymous_1)
FNDA:0,(anonymous_2)
DA:14,1
DA:28,0
DA:30,0
DA:31,0
DA:41,0
DA:52,0
DA:58,0
DA:80,1
LF:8
LH:2
BRDA:30,0,0,0
BRDA:30,0,1,0
BRDA:57,1,0,0
BRDA:57,1,1,0
BRDA:58,2,0,0
BRDA:58,2,1,0
BRDA:62,3,0,0
BRDA:62,3,1,0
BRDA:66,4,0,0
BRDA:66,4,1,0
BRF:10
BRH:0
end_of_record
TN:
SF:src\components\coach\SuggestedPrompts.tsx
FN:19,getDailyPrompts
FN:38,SuggestedPrompts
FN:49,(anonymous_2)
FN:53,(anonymous_3)
FNF:4
FNH:0
FNDA:0,getDailyPrompts
FNDA:0,SuggestedPrompts
FNDA:0,(anonymous_2)
FNDA:0,(anonymous_3)
DA:8,1
DA:21,0
DA:22,0
DA:23,0
DA:24,0
DA:26,0
DA:27,0
DA:28,0
DA:30,0
DA:39,0
DA:41,0
DA:43,0
DA:50,0
DA:53,0
DA:63,1
LF:15
LH:2
BRDA:39,0,0,0
BRDA:39,0,1,0
BRF:2
BRH:0
end_of_record
TN:
SF:src\components\common\Button.tsx
FN:15,Button
FNF:1
FNH:0
FNDA:0,Button
DA:22,0
DA:54,1
LF:2
LH:1
BRDA:18,0,0,0
BRDA:19,1,0,0
BRDA:20,2,0,0
BRDA:26,3,0,0
BRDA:26,3,1,0
BRDA:27,4,0,0
BRDA:27,4,1,0
BRDA:28,5,0,0
BRDA:28,5,1,0
BRDA:29,6,0,0
BRDA:29,6,1,0
BRDA:32,7,0,0
BRDA:32,7,1,0
BRDA:35,8,0,0
BRDA:35,8,1,0
BRDA:36,9,0,0
BRDA:36,9,1,0
BRDA:41,10,0,0
BRDA:41,10,1,0
BRDA:42,11,0,0
BRDA:42,11,1,0
BRDA:43,12,0,0
BRDA:43,12,1,0
BRDA:44,13,0,0
BRDA:44,13,1,0
BRF:25
BRH:0
end_of_record
TN:
SF:src\components\common\Celebration.tsx
FN:59,Celebration
FN:64,(anonymous_1)
FN:98,(anonymous_2)
FN:106,(anonymous_3)
FN:111,(anonymous_4)
FN:161,checkCelebrations
FN:172,(anonymous_6)
FN:197,(anonymous_7)
FN:263,(anonymous_8)
FN:270,checkMacroStreak
FN:304,checkRecoveryStreak
FN:341,createPRCelebration
FNF:12
FNH:0
FNDA:0,Celebration
FNDA:0,(anonymous_1)
FNDA:0,(anonymous_2)
FNDA:0,(anonymous_3)
FNDA:0,(anonymous_4)
FNDA:0,checkCelebrations
FNDA:0,(anonymous_6)
FNDA:0,(anonymous_7)
FNDA:0,(anonymous_8)
FNDA:0,checkMacroStreak
FNDA:0,checkRecoveryStreak
FNDA:0,createPRCelebration
DA:57,2
DA:60,0
DA:61,0
DA:62,0
DA:64,0
DA:66,0
DA:81,0
DA:96,0
DA:98,0
DA:101,0
DA:106,0
DA:107,0
DA:111,0
DA:114,0
DA:156,2
DA:162,0
DA:163,0
DA:164,0
DA:167,0
DA:168,0
DA:170,0
DA:171,0
DA:172,0
DA:177,0
DA:178,0
DA:182,0
DA:186,0
DA:187,0
DA:188,0
DA:190,0
DA:191,0
DA:192,0
DA:193,0
DA:194,0
DA:195,0
DA:196,0
DA:197,0
DA:200,0
DA:204,0
DA:205,0
DA:206,0
DA:207,0
DA:213,0
DA:214,0
DA:215,0
DA:216,0
DA:217,0
DA:218,0
DA:219,0
DA:231,0
DA:232,0
DA:233,0
DA:234,0
DA:235,0
DA:236,0
DA:237,0
DA:240,0
DA:241,0
DA:243,0
DA:244,0
DA:245,0
DA:256,0
DA:259,0
DA:262,0
DA:263,0
DA:264,0
DA:267,0
DA:275,0
DA:277,0
DA:278,0
DA:280,0
DA:281,0
DA:282,0
DA:283,0
DA:284,0
DA:287,0
DA:288,0
DA:290,0
DA:294,0
DA:295,0
DA:309,0
DA:311,0
DA:312,0
DA:314,0
DA:315,0
DA:316,0
DA:317,0
DA:318,0
DA:320,0
DA:321,0
DA:323,0
DA:327,0
DA:328,0
DA:347,0
DA:359,2
LF:95
LH:3
BRDA:164,0,0,0
BRDA:164,0,1,0
BRDA:168,1,0,0
BRDA:168,1,1,0
BRDA:170,2,0,0
BRDA:170,2,1,0
BRDA:172,3,0,0
BRDA:172,3,1,0
BRDA:177,4,0,0
BRDA:177,4,1,0
BRDA:182,5,0,0
BRDA:182,5,1,0
BRDA:195,6,0,0
BRDA:195,6,1,0
BRDA:195,7,0,0
BRDA:195,7,1,0
BRDA:197,8,0,0
BRDA:197,8,1,0
BRDA:204,9,0,0
BRDA:204,9,1,0
BRDA:206,10,0,0
BRDA:206,10,1,0
BRDA:214,11,0,0
BRDA:214,11,1,0
BRDA:216,12,0,0
BRDA:216,12,1,0
BRDA:218,13,0,0
BRDA:218,13,1,0
BRDA:232,14,0,0
BRDA:232,14,1,0
BRDA:232,15,0,0
BRDA:232,15,1,0
BRDA:234,16,0,0
BRDA:234,16,1,0
BRDA:243,17,0,0
BRDA:243,17,1,0
BRDA:243,18,0,0
BRDA:243,18,1,0
BRDA:244,19,0,0
BRDA:244,19,1,0
BRDA:262,20,0,0
BRDA:262,20,1,0
BRDA:275,21,0,0
BRDA:275,21,1,0
BRDA:287,22,0,0
BRDA:287,22,1,0
BRDA:287,23,0,0
BRDA:287,23,1,0
BRDA:294,24,0,0
BRDA:294,24,1,0
BRDA:309,25,0,0
BRDA:309,25,1,0
BRDA:320,26,0,0
BRDA:320,26,1,0
BRDA:320,27,0,0
BRDA:320,27,1,0
BRDA:327,28,0,0
BRDA:327,28,1,0
BRF:58
BRH:0
end_of_record
TN:
SF:src\components\common\DateTimePicker.tsx
FN:20,formatDate
FN:27,formatTime
FN:31,formatDateTime
FN:35,DateTimePicker
FN:57,(anonymous_4)
FN:80,(anonymous_5)
FNF:6
FNH:0
FNDA:0,formatDate
FNDA:0,formatTime
FNDA:0,formatDateTime
FNDA:0,DateTimePicker
FNDA:0,(anonymous_4)
FNDA:0,(anonymous_5)
DA:21,0
DA:22,0
DA:23,0
DA:24,0
DA:28,0
DA:32,0
DA:44,0
DA:47,0
DA:53,0
DA:57,0
DA:81,0
DA:82,0
DA:84,0
DA:85,0
DA:99,1
LF:15
LH:1
BRDA:47,0,0,0
BRDA:47,0,1,0
BRDA:49,1,0,0
BRDA:49,1,1,0
BRDA:62,2,0,0
BRDA:62,2,1,0
BRDA:67,3,0,0
BRDA:67,3,1,0
BRDA:74,4,0,0
BRDA:74,4,1,0
BRDA:78,5,0,0
BRDA:78,5,1,0
BRDA:79,6,0,0
BRDA:79,6,1,0
BRDA:81,7,0,0
BRDA:81,7,1,0
BRDA:84,8,0,0
BRDA:84,8,1,0
BRF:18
BRH:0
end_of_record
TN:
SF:src\components\common\Input.tsx
FN:13,Input
FNF:1
FNH:0
FNDA:0,Input
DA:14,0
DA:27,1
LF:2
LH:1
BRDA:16,0,0,0
BRDA:16,0,1,0
BRDA:18,1,0,0
BRDA:18,1,1,0
BRDA:22,2,0,0
BRDA:22,2,1,0
BRF:6
BRH:0
end_of_record
TN:
SF:src\components\common\ProgressBar.tsx
FN:12,ProgressBar
FN:21,(anonymous_1)
FNF:2
FNH:0
FNDA:0,ProgressBar
FNDA:0,(anonymous_1)
DA:13,0
DA:15,0
DA:22,0
DA:36,1
LF:4
LH:1
BRDA:26,0,0,0
BRDA:26,0,1,0
BRDA:27,1,0,0
BRDA:27,1,1,0
BRF:4
BRH:0
end_of_record
TN:
SF:src\components\dashboard\CalorieSummary.tsx
FN:26,CalorieRow
FN:37,CalorieSummary
FN:81,(anonymous_2)
FNF:3
FNH:0
FNDA:0,CalorieRow
FNDA:0,CalorieSummary
FNDA:0,(anonymous_2)
DA:27,0
DA:48,0
DA:51,0
DA:53,0
DA:59,0
DA:65,0
DA:67,0
DA:81,0
DA:144,1
LF:9
LH:1
BRDA:30,0,0,0
BRDA:30,0,1,0
BRDA:45,1,0,0
BRDA:46,2,0,0
BRDA:51,3,0,0
BRDA:51,3,1,0
BRDA:53,4,0,0
BRDA:53,4,1,0
BRDA:59,5,0,0
BRDA:59,5,1,0
BRDA:61,6,0,0
BRDA:61,6,1,0
BRDA:83,7,0,0
BRDA:83,7,1,0
BRDA:86,8,0,0
BRDA:86,8,1,0
BRDA:89,9,0,0
BRDA:89,9,1,0
BRDA:95,10,0,0
BRDA:95,10,1,0
BRDA:109,11,0,0
BRDA:109,11,1,0
BRDA:109,11,2,0
BRDA:110,12,0,0
BRDA:110,12,1,0
BRDA:110,13,0,0
BRDA:110,13,1,0
BRDA:135,14,0,0
BRDA:135,14,1,0
BRDA:135,14,2,0
BRF:30
BRH:0
end_of_record
TN:
SF:src\components\dashboard\DashboardCard.tsx
FN:17,DashboardCard
FNF:1
FNH:0
FNDA:0,DashboardCard
DA:18,0
DA:36,1
LF:2
LH:1
BRDA:20,0,0,0
BRDA:20,0,1,0
BRDA:20,0,2,0
BRDA:22,1,0,0
BRDA:22,1,1,0
BRDA:23,2,0,0
BRDA:23,2,1,0
BRF:7
BRH:0
end_of_record
TN:
SF:src\components\dashboard\RecoveryCard.tsx
FN:11,getTodayKey
FN:19,scoreColor
FN:25,CircularGauge
FN:37,ComponentRow
FN:61,RecoveryCard
FN:92,(anonymous_5)
FN:115,(anonymous_6)
FNF:7
FNH:0
FNDA:0,getTodayKey
FNDA:0,scoreColor
FNDA:0,CircularGauge
FNDA:0,ComponentRow
FNDA:0,RecoveryCard
FNDA:0,(anonymous_5)
FNDA:0,(anonymous_6)
DA:12,0
DA:13,0
DA:14,0
DA:15,0
DA:16,0
DA:20,0
DA:21,0
DA:22,0
DA:27,0
DA:38,0
DA:39,0
DA:41,0
DA:62,0
DA:63,0
DA:64,0
DA:66,0
DA:67,0
DA:74,0
DA:75,0
DA:87,0
DA:89,0
DA:92,0
DA:116,0
DA:124,1
LF:24
LH:1
BRDA:20,0,0,0
BRDA:20,0,1,0
BRDA:21,1,0,0
BRDA:21,1,1,0
BRDA:38,2,0,0
BRDA:38,2,1,0
BRDA:39,3,0,0
BRDA:39,3,1,0
BRDA:46,4,0,0
BRDA:46,4,1,0
BRDA:66,5,0,0
BRDA:66,5,1,0
BRDA:74,6,0,0
BRDA:74,6,1,0
BRDA:74,7,0,0
BRDA:74,7,1,0
BRDA:99,8,0,0
BRDA:99,8,1,0
BRDA:101,9,0,0
BRDA:101,9,1,0
BRDA:106,10,0,0
BRDA:106,10,1,0
BRDA:112,11,0,0
BRDA:112,11,1,0
BRF:24
BRH:0
end_of_record
TN:
SF:src\components\dashboard\StreakCounter.tsx
FN:20,buildDotGrid
FN:44,formatDate
FN:48,StreakCounter
FN:70,(anonymous_3)
FN:72,(anonymous_4)
FNF:5
FNH:0
FNDA:0,buildDotGrid
FNDA:0,formatDate
FNDA:0,StreakCounter
FNDA:0,(anonymous_3)
FNDA:0,(anonymous_4)
DA:10,1
DA:11,1
DA:12,1
DA:13,1
DA:14,1
DA:21,0
DA:22,0
DA:23,0
DA:24,0
DA:27,0
DA:28,0
DA:29,0
DA:30,0
DA:31,0
DA:32,0
DA:34,0
DA:35,0
DA:37,0
DA:41,0
DA:45,0
DA:49,0
DA:50,0
DA:51,0
DA:53,0
DA:71,0
DA:73,0
DA:74,0
DA:75,0
DA:96,1
LF:29
LH:6
BRDA:34,0,0,0
BRDA:34,0,1,0
BRDA:35,1,0,0
BRDA:35,1,1,0
BRDA:37,2,0,0
BRDA:37,2,1,0
BRDA:64,3,0,0
BRDA:64,3,1,0
BRDA:80,4,0,0
BRDA:80,4,1,0
BRDA:81,5,0,0
BRDA:81,5,1,0
BRDA:82,6,0,0
BRDA:82,6,1,0
BRDA:83,7,0,0
BRDA:83,7,1,0
BRF:16
BRH:0
end_of_record
TN:
SF:src\components\logging\DosageValidator.tsx
FN:40,findULKey
FN:45,checkDosageWarning
FN:73,DosageWarningBanner
FNF:3
FNH:0
FNDA:0,findULKey
FNDA:0,checkDosageWarning
FNDA:0,DosageWarningBanner
DA:17,1
DA:20,1
DA:41,0
DA:42,0
DA:50,0
DA:51,0
DA:53,0
DA:55,0
DA:56,0
DA:57,0
DA:59,0
DA:74,0
DA:75,0
DA:77,0
DA:92,1
LF:15
LH:3
BRDA:42,0,0,0
BRDA:42,0,1,0
BRDA:51,1,0,0
BRDA:51,1,1,0
BRDA:51,2,0,0
BRDA:51,2,1,0
BRDA:57,3,0,0
BRDA:57,3,1,0
BRDA:75,4,0,0
BRDA:75,4,1,0
BRDA:75,5,0,0
BRDA:75,5,1,0
BRF:12
BRH:0
end_of_record
TN:
SF:src\components\logging\FoodSearch.tsx
FN:42,countAvailableMacros
FN:43,(anonymous_1)
FN:46,FoodSearch
FN:58,(anonymous_3)
FN:59,(anonymous_4)
FN:62,(anonymous_5)
FN:65,(anonymous_6)
FN:70,(anonymous_7)
FN:72,(anonymous_8)
FN:76,(anonymous_9)
FN:91,(anonymous_10)
FN:94,(anonymous_11)
FN:110,(anonymous_12)
FN:118,(anonymous_13)
FN:119,(anonymous_14)
FN:122,(anonymous_15)
FN:123,(anonymous_16)
FN:148,(anonymous_17)
FN:158,(anonymous_18)
FN:168,(anonymous_19)
FN:180,(anonymous_20)
FN:196,(anonymous_21)
FN:198,(anonymous_22)
FN:199,(anonymous_23)
FN:202,(anonymous_24)
FN:212,(anonymous_25)
FN:233,(anonymous_26)
FN:236,(anonymous_27)
FN:242,(anonymous_28)
FN:246,(anonymous_29)
FN:257,(anonymous_30)
FN:266,(anonymous_31)
FN:295,(anonymous_32)
FN:299,(anonymous_33)
FN:360,(anonymous_34)
FN:361,(anonymous_35)
FN:378,(anonymous_36)
FN:381,(anonymous_37)
FN:382,(anonymous_38)
FN:415,FoodResultRow
FNF:40
FNH:0
FNDA:0,countAvailableMacros
FNDA:0,(anonymous_1)
FNDA:0,FoodSearch
FNDA:0,(anonymous_3)
FNDA:0,(anonymous_4)
FNDA:0,(anonymous_5)
FNDA:0,(anonymous_6)
FNDA:0,(anonymous_7)
FNDA:0,(anonymous_8)
FNDA:0,(anonymous_9)
FNDA:0,(anonymous_10)
FNDA:0,(anonymous_11)
FNDA:0,(anonymous_12)
FNDA:0,(anonymous_13)
FNDA:0,(anonymous_14)
FNDA:0,(anonymous_15)
FNDA:0,(anonymous_16)
FNDA:0,(anonymous_17)
FNDA:0,(anonymous_18)
FNDA:0,(anonymous_19)
FNDA:0,(anonymous_20)
FNDA:0,(anonymous_21)
FNDA:0,(anonymous_22)
FNDA:0,(anonymous_23)
FNDA:0,(anonymous_24)
FNDA:0,(anonymous_25)
FNDA:0,(anonymous_26)
FNDA:0,(anonymous_27)
FNDA:0,(anonymous_28)
FNDA:0,(anonymous_29)
FNDA:0,(anonymous_30)
FNDA:0,(anonymous_31)
FNDA:0,(anonymous_32)
FNDA:0,(anonymous_33)
FNDA:0,(anonymous_34)
FNDA:0,(anonymous_35)
FNDA:0,(anonymous_36)
FNDA:0,(anonymous_37)
FNDA:0,(anonymous_38)
FNDA:0,FoodResultRow
DA:21,1
DA:22,1
DA:43,0
DA:47,0
DA:48,0
DA:49,0
DA:50,0
DA:51,0
DA:52,0
DA:53,0
DA:54,0
DA:55,0
DA:58,0
DA:59,0
DA:60,0
DA:62,0
DA:63,0
DA:64,0
DA:65,0
DA:70,0
DA:71,0
DA:72,0
DA:75,0
DA:76,0
DA:78,0
DA:86,0
DA:89,0
DA:90,0
DA:91,0
DA:94,0
DA:95,0
DA:96,0
DA:97,0
DA:98,0
DA:101,0
DA:102,0
DA:103,0
DA:105,0
DA:107,0
DA:108,0
DA:109,0
DA:110,0
DA:112,0
DA:113,0
DA:116,0
DA:117,0
DA:118,0
DA:119,0
DA:121,0
DA:122,0
DA:123,0
DA:124,0
DA:126,0
DA:130,0
DA:133,0
DA:136,0
DA:137,0
DA:138,0
DA:139,0
DA:140,0
DA:141,0
DA:146,0
DA:148,0
DA:149,0
DA:150,0
DA:158,0
DA:159,0
DA:160,0
DA:168,0
DA:169,0
DA:170,0
DA:179,0
DA:180,0
DA:182,0
DA:183,0
DA:191,0
DA:194,0
DA:195,0
DA:196,0
DA:197,0
DA:198,0
DA:199,0
DA:200,0
DA:201,0
DA:202,0
DA:203,0
DA:205,0
DA:207,0
DA:211,0
DA:212,0
DA:213,0
DA:215,0
DA:216,0
DA:222,0
DA:224,0
DA:225,0
DA:228,0
DA:232,0
DA:234,0
DA:235,0
DA:236,0
DA:241,0
DA:244,0
DA:245,0
DA:246,0
DA:247,0
DA:248,0
DA:249,0
DA:255,0
DA:256,0
DA:257,0
DA:260,0
DA:261,0
DA:262,0
DA:266,0
DA:269,0
DA:270,0
DA:278,0
DA:280,0
DA:295,0
DA:300,0
DA:301,0
DA:302,0
DA:360,0
DA:362,0
DA:379,0
DA:381,0
DA:382,0
DA:430,0
DA:431,0
DA:432,0
DA:433,0
DA:435,0
DA:483,1
LF:134
LH:3
BRDA:43,0,0,0
BRDA:43,0,1,0
BRDA:60,1,0,0
BRDA:60,1,1,0
BRDA:63,2,0,0
BRDA:63,2,1,0
BRDA:71,3,0,0
BRDA:71,3,1,0
BRDA:75,4,0,0
BRDA:75,4,1,0
BRDA:95,5,0,0
BRDA:95,5,1,0
BRDA:109,6,0,0
BRDA:109,6,1,0
BRDA:112,7,0,0
BRDA:112,7,1,0
BRDA:112,8,0,0
BRDA:112,8,1,0
BRDA:121,9,0,0
BRDA:121,9,1,0
BRDA:124,10,0,0
BRDA:124,10,1,0
BRDA:139,11,0,0
BRDA:139,11,1,0
BRDA:149,12,0,0
BRDA:149,12,1,0
BRDA:159,13,0,0
BRDA:159,13,1,0
BRDA:169,14,0,0
BRDA:169,14,1,0
BRDA:180,15,0,0
BRDA:180,15,1,0
BRDA:180,15,2,0
BRDA:182,16,0,0
BRDA:182,16,1,0
BRDA:194,17,0,0
BRDA:194,17,1,0
BRDA:195,18,0,0
BRDA:195,18,1,0
BRDA:201,19,0,0
BRDA:201,19,1,0
BRDA:212,20,0,0
BRDA:212,20,1,0
BRDA:215,21,0,0
BRDA:215,21,1,0
BRDA:235,22,0,0
BRDA:235,22,1,0
BRDA:245,23,0,0
BRDA:245,23,1,0
BRDA:255,24,0,0
BRDA:255,24,1,0
BRDA:256,25,0,0
BRDA:256,25,1,0
BRDA:261,26,0,0
BRDA:261,26,1,0
BRDA:269,27,0,0
BRDA:269,27,1,0
BRDA:278,28,0,0
BRDA:278,28,1,0
BRDA:297,29,0,0
BRDA:297,29,1,0
BRDA:313,30,0,0
BRDA:313,30,1,0
BRDA:327,31,0,0
BRDA:327,31,1,0
BRDA:333,32,0,0
BRDA:333,32,1,0
BRDA:342,33,0,0
BRDA:342,33,1,0
BRDA:350,34,0,0
BRDA:350,34,1,0
BRDA:363,35,0,0
BRDA:363,35,1,0
BRDA:365,36,0,0
BRDA:365,36,1,0
BRDA:371,37,0,0
BRDA:371,37,1,0
BRDA:389,38,0,0
BRDA:389,38,1,0
BRDA:389,39,0,0
BRDA:389,39,1,0
BRDA:399,40,0,0
BRDA:399,40,1,0
BRDA:399,41,0,0
BRDA:399,41,1,0
BRDA:444,42,0,0
BRDA:444,42,1,0
BRDA:446,43,0,0
BRDA:446,43,1,0
BRDA:456,44,0,0
BRDA:456,44,1,0
BRDA:457,45,0,0
BRDA:457,45,1,0
BRDA:462,46,0,0
BRDA:462,46,1,0
BRDA:467,47,0,0
BRDA:467,47,1,0
BRF:97
BRH:0
end_of_record
TN:
SF:src\components\logging\MoodPicker.tsx
FN:88,AxisRow
FN:97,(anonymous_1)
FN:101,(anonymous_2)
FN:123,moodLabel
FN:127,entryLabel
FN:138,MoodPicker
FN:146,(anonymous_6)
FN:153,(anonymous_7)
FN:160,(anonymous_8)
FN:164,(anonymous_9)
FN:186,(anonymous_10)
FN:189,(anonymous_11)
FN:198,(anonymous_12)
FN:201,(anonymous_13)
FN:201,(anonymous_14)
FN:201,(anonymous_15)
FN:204,(anonymous_16)
FN:204,(anonymous_17)
FN:204,(anonymous_18)
FN:275,(anonymous_19)
FN:292,(anonymous_20)
FNF:21
FNH:0
FNDA:0,AxisRow
FNDA:0,(anonymous_1)
FNDA:0,(anonymous_2)
FNDA:0,moodLabel
FNDA:0,entryLabel
FNDA:0,MoodPicker
FNDA:0,(anonymous_6)
FNDA:0,(anonymous_7)
FNDA:0,(anonymous_8)
FNDA:0,(anonymous_9)
FNDA:0,(anonymous_10)
FNDA:0,(anonymous_11)
FNDA:0,(anonymous_12)
FNDA:0,(anonymous_13)
FNDA:0,(anonymous_14)
FNDA:0,(anonymous_15)
FNDA:0,(anonymous_16)
FNDA:0,(anonymous_17)
FNDA:0,(anonymous_18)
FNDA:0,(anonymous_19)
FNDA:0,(anonymous_20)
DA:40,1
DA:89,0
DA:98,0
DA:101,0
DA:124,0
DA:128,0
DA:129,0
DA:130,0
DA:131,0
DA:139,0
DA:140,0
DA:141,0
DA:142,0
DA:143,0
DA:144,0
DA:146,0
DA:147,0
DA:148,0
DA:149,0
DA:150,0
DA:153,0
DA:154,0
DA:155,0
DA:156,0
DA:157,0
DA:160,0
DA:161,0
DA:164,0
DA:165,0
DA:166,0
DA:168,0
DA:177,0
DA:178,0
DA:179,0
DA:180,0
DA:181,0
DA:182,0
DA:185,0
DA:187,0
DA:188,0
DA:189,0
DA:190,0
DA:191,0
DA:197,0
DA:198,0
DA:200,0
DA:201,0
DA:203,0
DA:204,0
DA:207,0
DA:276,0
DA:292,0
DA:306,1
LF:53
LH:2
BRDA:100,0,0,0
BRDA:100,0,1,0
BRDA:105,1,0,0
BRDA:105,1,1,0
BRDA:109,2,0,0
BRDA:109,2,1,0
BRDA:124,3,0,0
BRDA:124,3,1,0
BRDA:129,4,0,0
BRDA:129,4,1,0
BRDA:130,5,0,0
BRDA:130,5,1,0
BRDA:147,6,0,0
BRDA:147,6,1,0
BRDA:149,7,0,0
BRDA:149,7,1,0
BRDA:150,8,0,0
BRDA:150,8,1,0
BRDA:157,9,0,0
BRDA:157,9,1,0
BRDA:174,10,0,0
BRDA:174,10,1,0
BRDA:197,11,0,0
BRDA:197,11,1,0
BRDA:200,12,0,0
BRDA:200,12,1,0
BRDA:203,13,0,0
BRDA:203,13,1,0
BRDA:208,14,0,0
BRDA:208,14,1,0
BRDA:208,15,0,0
BRDA:208,15,1,0
BRDA:212,16,0,0
BRDA:212,16,1,0
BRDA:212,17,0,0
BRDA:212,17,1,0
BRDA:212,18,0,0
BRDA:212,18,1,0
BRDA:212,19,0,0
BRDA:212,19,1,0
BRDA:213,20,0,0
BRDA:213,20,1,0
BRDA:218,21,0,0
BRDA:218,21,1,0
BRDA:226,22,0,0
BRDA:226,22,1,0
BRDA:232,23,0,0
BRDA:232,23,1,0
BRDA:239,24,0,0
BRDA:239,24,1,0
BRDA:269,25,0,0
BRDA:269,25,1,0
BRDA:281,26,0,0
BRDA:281,26,1,0
BRF:54
BRH:0
end_of_record
TN:
SF:src\components\logging\RepeatLastEntry.tsx
FN:15,RepeatLastEntry
FNF:1
FNH:0
FNDA:0,RepeatLastEntry
DA:16,0
DA:18,0
DA:30,1
LF:3
LH:1
BRDA:16,0,0,0
BRDA:16,0,1,0
BRDA:23,1,0,0
BRDA:23,1,1,0
BRF:4
BRH:0
end_of_record
TN:
SF:src\components\logging\SleepLogger.tsx
FN:43,SleepLogger
FN:60,(anonymous_1)
FN:69,(anonymous_2)
FN:73,computeDurationHours
FN:80,buildISOTime
FN:95,(anonymous_5)
FN:125,(anonymous_6)
FN:141,(anonymous_7)
FN:267,(anonymous_8)
FN:273,(anonymous_9)
FN:305,(anonymous_10)
FN:311,(anonymous_11)
FN:321,(anonymous_12)
FN:325,(anonymous_13)
FNF:14
FNH:0
FNDA:0,SleepLogger
FNDA:0,(anonymous_1)
FNDA:0,(anonymous_2)
FNDA:0,computeDurationHours
FNDA:0,buildISOTime
FNDA:0,(anonymous_5)
FNDA:0,(anonymous_6)
FNDA:0,(anonymous_7)
FNDA:0,(anonymous_8)
FNDA:0,(anonymous_9)
FNDA:0,(anonymous_10)
FNDA:0,(anonymous_11)
FNDA:0,(anonymous_12)
FNDA:0,(anonymous_13)
DA:31,1
DA:44,0
DA:45,0
DA:48,0
DA:49,0
DA:50,0
DA:51,0
DA:52,0
DA:53,0
DA:54,0
DA:55,0
DA:56,0
DA:57,0
DA:58,0
DA:60,0
DA:61,0
DA:62,0
DA:63,0
DA:64,0
DA:65,0
DA:69,0
DA:70,0
DA:74,0
DA:75,0
DA:76,0
DA:77,0
DA:81,0
DA:82,0
DA:83,0
DA:85,0
DA:86,0
DA:87,0
DA:89,0
DA:90,0
DA:91,0
DA:92,0
DA:95,0
DA:97,0
DA:98,0
DA:99,0
DA:101,0
DA:102,0
DA:103,0
DA:106,0
DA:117,0
DA:118,0
DA:119,0
DA:120,0
DA:121,0
DA:122,0
DA:125,0
DA:126,0
DA:127,0
DA:128,0
DA:129,0
DA:130,0
DA:131,0
DA:132,0
DA:133,0
DA:134,0
DA:135,0
DA:136,0
DA:137,0
DA:138,0
DA:141,0
DA:142,0
DA:143,0
DA:144,0
DA:145,0
DA:146,0
DA:147,0
DA:148,0
DA:149,0
DA:150,0
DA:152,0
DA:153,0
DA:154,0
DA:155,0
DA:156,0
DA:157,0
DA:158,0
DA:159,0
DA:161,0
DA:164,0
DA:171,0
DA:172,0
DA:173,0
DA:233,0
DA:267,0
DA:273,0
DA:305,0
DA:311,0
DA:322,0
DA:325,0
DA:406,1
LF:95
LH:2
BRDA:64,0,0,0
BRDA:64,0,1,0
BRDA:76,1,0,0
BRDA:76,1,1,0
BRDA:83,2,0,0
BRDA:83,2,1,0
BRDA:83,3,0,0
BRDA:83,3,1,0
BRDA:83,3,2,0
BRDA:83,3,3,0
BRDA:83,3,4,0
BRDA:83,3,5,0
BRDA:86,4,0,0
BRDA:86,4,1,0
BRDA:86,5,0,0
BRDA:86,5,1,0
BRDA:87,6,0,0
BRDA:87,6,1,0
BRDA:87,7,0,0
BRDA:87,7,1,0
BRDA:97,8,0,0
BRDA:97,8,1,0
BRDA:101,9,0,0
BRDA:101,9,1,0
BRDA:101,10,0,0
BRDA:101,10,1,0
BRDA:110,11,0,0
BRDA:110,11,1,0
BRDA:112,12,0,0
BRDA:112,12,1,0
BRDA:113,13,0,0
BRDA:113,13,1,0
BRDA:142,14,0,0
BRDA:142,14,1,0
BRDA:143,15,0,0
BRDA:143,15,1,0
BRDA:147,16,0,0
BRDA:147,16,1,0
BRDA:147,17,0,0
BRDA:147,17,1,0
BRDA:150,18,0,0
BRDA:150,18,1,0
BRDA:152,19,0,0
BRDA:152,19,1,0
BRDA:156,20,0,0
BRDA:156,20,1,0
BRDA:156,21,0,0
BRDA:156,21,1,0
BRDA:159,22,0,0
BRDA:159,22,1,0
BRDA:161,23,0,0
BRDA:161,23,1,0
BRDA:164,24,0,0
BRDA:164,24,1,0
BRDA:165,25,0,0
BRDA:165,25,1,0
BRDA:171,26,0,0
BRDA:171,26,1,0
BRDA:171,27,0,0
BRDA:171,27,1,0
BRDA:171,27,2,0
BRDA:197,28,0,0
BRDA:197,28,1,0
BRDA:200,29,0,0
BRDA:200,29,1,0
BRDA:206,30,0,0
BRDA:206,30,1,0
BRDA:212,31,0,0
BRDA:212,31,1,0
BRDA:218,32,0,0
BRDA:218,32,1,0
BRDA:234,33,0,0
BRDA:234,33,1,0
BRDA:234,34,0,0
BRDA:234,34,1,0
BRDA:239,35,0,0
BRDA:239,35,1,0
BRDA:266,36,0,0
BRDA:266,36,1,0
BRDA:269,37,0,0
BRDA:269,37,1,0
BRDA:272,38,0,0
BRDA:272,38,1,0
BRDA:275,39,0,0
BRDA:275,39,1,0
BRDA:304,40,0,0
BRDA:304,40,1,0
BRDA:307,41,0,0
BRDA:307,41,1,0
BRDA:310,42,0,0
BRDA:310,42,1,0
BRDA:313,43,0,0
BRDA:313,43,1,0
BRDA:324,44,0,0
BRDA:324,44,1,0
BRDA:327,45,0,0
BRDA:327,45,1,0
BRDA:328,46,0,0
BRDA:328,46,1,0
BRDA:393,47,0,0
BRDA:393,47,1,0
BRDA:393,47,2,0
BRDA:395,48,0,0
BRDA:395,48,1,0
BRF:104
BRH:0
end_of_record
TN:
SF:src\components\logging\SupplementChecklist.tsx
FN:64,SupplementChecklist
FN:80,(anonymous_1)
FN:91,(anonymous_2)
FN:96,(anonymous_3)
FN:97,(anonymous_4)
FN:101,(anonymous_5)
FN:109,(anonymous_6)
FN:123,(anonymous_7)
FN:129,(anonymous_8)
FN:137,(anonymous_9)
FN:139,(anonymous_10)
FN:179,(anonymous_11)
FN:188,(anonymous_12)
FN:190,(anonymous_13)
FN:202,(anonymous_14)
FN:203,(anonymous_15)
FN:211,(anonymous_16)
FN:230,(anonymous_17)
FN:231,(anonymous_18)
FN:242,(anonymous_19)
FN:259,(anonymous_20)
FN:260,(anonymous_21)
FN:266,(anonymous_22)
FN:267,(anonymous_23)
FN:273,(anonymous_24)
FN:275,(anonymous_25)
FN:288,(anonymous_26)
FN:296,(anonymous_27)
FN:304,(anonymous_28)
FN:311,(anonymous_29)
FN:339,(anonymous_30)
FN:345,(anonymous_31)
FN:346,(anonymous_32)
FN:357,(anonymous_33)
FN:364,(anonymous_34)
FN:389,(anonymous_35)
FN:396,(anonymous_36)
FN:421,(anonymous_37)
FN:422,(anonymous_38)
FN:433,(anonymous_39)
FN:434,(anonymous_40)
FN:435,(anonymous_41)
FN:439,(anonymous_42)
FN:441,(anonymous_43)
FN:455,(anonymous_44)
FN:464,(anonymous_45)
FN:465,(anonymous_46)
FN:468,(anonymous_47)
FN:469,(anonymous_48)
FN:479,getItemInfo
FN:481,(anonymous_50)
FN:485,(anonymous_51)
FN:487,(anonymous_52)
FN:508,(anonymous_53)
FN:515,(anonymous_54)
FN:516,(anonymous_55)
FN:524,(anonymous_56)
FN:528,(anonymous_57)
FN:529,(anonymous_58)
FN:546,(anonymous_59)
FN:552,(anonymous_60)
FN:556,(anonymous_61)
FN:577,(anonymous_62)
FN:584,(anonymous_63)
FN:585,(anonymous_64)
FN:601,(anonymous_65)
FN:624,(anonymous_66)
FN:625,(anonymous_67)
FN:628,(anonymous_68)
FN:638,(anonymous_69)
FN:646,(anonymous_70)
FN:675,(anonymous_71)
FN:696,(anonymous_72)
FN:722,(anonymous_73)
FN:734,(anonymous_74)
FN:746,(anonymous_75)
FN:753,(anonymous_76)
FN:778,(anonymous_77)
FNF:78
FNH:0
FNDA:0,SupplementChecklist
FNDA:0,(anonymous_1)
FNDA:0,(anonymous_2)
FNDA:0,(anonymous_3)
FNDA:0,(anonymous_4)
FNDA:0,(anonymous_5)
FNDA:0,(anonymous_6)
FNDA:0,(anonymous_7)
FNDA:0,(anonymous_8)
FNDA:0,(anonymous_9)
FNDA:0,(anonymous_10)
FNDA:0,(anonymous_11)
FNDA:0,(anonymous_12)
FNDA:0,(anonymous_13)
FNDA:0,(anonymous_14)
FNDA:0,(anonymous_15)
FNDA:0,(anonymous_16)
FNDA:0,(anonymous_17)
FNDA:0,(anonymous_18)
FNDA:0,(anonymous_19)
FNDA:0,(anonymous_20)
FNDA:0,(anonymous_21)
FNDA:0,(anonymous_22)
FNDA:0,(anonymous_23)
FNDA:0,(anonymous_24)
FNDA:0,(anonymous_25)
FNDA:0,(anonymous_26)
FNDA:0,(anonymous_27)
FNDA:0,(anonymous_28)
FNDA:0,(anonymous_29)
FNDA:0,(anonymous_30)
FNDA:0,(anonymous_31)
FNDA:0,(anonymous_32)
FNDA:0,(anonymous_33)
FNDA:0,(anonymous_34)
FNDA:0,(anonymous_35)
FNDA:0,(anonymous_36)
FNDA:0,(anonymous_37)
FNDA:0,(anonymous_38)
FNDA:0,(anonymous_39)
FNDA:0,(anonymous_40)
FNDA:0,(anonymous_41)
FNDA:0,(anonymous_42)
FNDA:0,(anonymous_43)
FNDA:0,(anonymous_44)
FNDA:0,(anonymous_45)
FNDA:0,(anonymous_46)
FNDA:0,(anonymous_47)
FNDA:0,(anonymous_48)
FNDA:0,getItemInfo
FNDA:0,(anonymous_50)
FNDA:0,(anonymous_51)
FNDA:0,(anonymous_52)
FNDA:0,(anonymous_53)
FNDA:0,(anonymous_54)
FNDA:0,(anonymous_55)
FNDA:0,(anonymous_56)
FNDA:0,(anonymous_57)
FNDA:0,(anonymous_58)
FNDA:0,(anonymous_59)
FNDA:0,(anonymous_60)
FNDA:0,(anonymous_61)
FNDA:0,(anonymous_62)
FNDA:0,(anonymous_63)
FNDA:0,(anonymous_64)
FNDA:0,(anonymous_65)
FNDA:0,(anonymous_66)
FNDA:0,(anonymous_67)
FNDA:0,(anonymous_68)
FNDA:0,(anonymous_69)
FNDA:0,(anonymous_70)
FNDA:0,(anonymous_71)
FNDA:0,(anonymous_72)
FNDA:0,(anonymous_73)
FNDA:0,(anonymous_74)
FNDA:0,(anonymous_75)
FNDA:0,(anonymous_76)
FNDA:0,(anonymous_77)
DA:44,1
DA:50,1
DA:56,1
DA:65,0
DA:66,0
DA:67,0
DA:68,0
DA:69,0
DA:70,0
DA:71,0
DA:72,0
DA:73,0
DA:74,0
DA:75,0
DA:78,0
DA:80,0
DA:81,0
DA:82,0
DA:83,0
DA:87,0
DA:88,0
DA:91,0
DA:92,0
DA:96,0
DA:97,0
DA:98,0
DA:100,0
DA:101,0
DA:105,0
DA:106,0
DA:107,0
DA:109,0
DA:110,0
DA:111,0
DA:112,0
DA:115,0
DA:116,0
DA:117,0
DA:123,0
DA:124,0
DA:125,0
DA:126,0
DA:127,0
DA:129,0
DA:130,0
DA:131,0
DA:136,0
DA:138,0
DA:139,0
DA:141,0
DA:143,0
DA:144,0
DA:145,0
DA:147,0
DA:158,0
DA:161,0
DA:172,0
DA:178,0
DA:180,0
DA:189,0
DA:190,0
DA:201,0
DA:203,0
DA:204,0
DA:206,0
DA:211,0
DA:212,0
DA:213,0
DA:215,0
DA:217,0
DA:229,0
DA:230,0
DA:231,0
DA:233,0
DA:234,0
DA:235,0
DA:243,0
DA:244,0
DA:245,0
DA:250,0
DA:253,0
DA:254,0
DA:255,0
DA:258,0
DA:260,0
DA:266,0
DA:267,0
DA:268,0
DA:269,0
DA:270,0
DA:273,0
DA:275,0
DA:276,0
DA:282,0
DA:283,0
DA:284,0
DA:287,0
DA:288,0
DA:289,0
DA:292,0
DA:296,0
DA:303,0
DA:305,0
DA:306,0
DA:308,0
DA:310,0
DA:311,0
DA:313,0
DA:315,0
DA:328,0
DA:329,0
DA:330,0
DA:333,0
DA:338,0
DA:340,0
DA:346,0
DA:347,0
DA:348,0
DA:357,0
DA:358,0
DA:359,0
DA:360,0
DA:362,0
DA:363,0
DA:364,0
DA:366,0
DA:368,0
DA:381,0
DA:382,0
DA:383,0
DA:385,0
DA:389,0
DA:390,0
DA:391,0
DA:392,0
DA:394,0
DA:395,0
DA:396,0
DA:398,0
DA:400,0
DA:413,0
DA:414,0
DA:415,0
DA:417,0
DA:421,0
DA:422,0
DA:423,0
DA:424,0
DA:425,0
DA:427,0
DA:428,0
DA:430,0
DA:433,0
DA:434,0
DA:435,0
DA:439,0
DA:440,0
DA:441,0
DA:442,0
DA:445,0
DA:455,0
DA:456,0
DA:458,0
DA:459,0
DA:460,0
DA:461,0
DA:464,0
DA:465,0
DA:467,0
DA:468,0
DA:470,0
DA:471,0
DA:472,0
DA:473,0
DA:476,0
DA:480,0
DA:481,0
DA:483,0
DA:484,0
DA:485,0
DA:487,0
DA:488,0
DA:491,0
DA:508,0
DA:515,0
DA:516,0
DA:525,0
DA:528,0
DA:529,0
DA:547,0
DA:553,0
DA:556,0
DA:578,0
DA:579,0
DA:580,0
DA:584,0
DA:585,0
DA:601,0
DA:624,0
DA:626,0
DA:628,0
DA:629,0
DA:631,0
DA:638,0
DA:646,0
DA:676,0
DA:677,0
DA:678,0
DA:697,0
DA:722,0
DA:734,0
DA:747,0
DA:753,0
DA:778,0
DA:801,1
LF:215
LH:4
BRDA:87,0,0,0
BRDA:87,0,1,0
BRDA:88,1,0,0
BRDA:88,1,1,0
BRDA:107,2,0,0
BRDA:107,2,1,0
BRDA:107,3,0,0
BRDA:107,3,1,0
BRDA:110,4,0,0
BRDA:110,4,1,0
BRDA:112,5,0,0
BRDA:112,5,1,0
BRDA:115,6,0,0
BRDA:115,6,1,0
BRDA:130,7,0,0
BRDA:130,7,1,0
BRDA:139,8,0,0
BRDA:139,8,1,0
BRDA:139,8,2,0
BRDA:141,9,0,0
BRDA:141,9,1,0
BRDA:143,10,0,0
BRDA:143,10,1,0
BRDA:190,11,0,0
BRDA:190,11,1,0
BRDA:190,11,2,0
BRDA:204,12,0,0
BRDA:204,12,1,0
BRDA:213,13,0,0
BRDA:213,13,1,0
BRDA:215,14,0,0
BRDA:215,14,1,0
BRDA:230,15,0,0
BRDA:230,15,1,0
BRDA:234,16,0,0
BRDA:234,16,1,0
BRDA:267,17,0,0
BRDA:267,17,1,0
BRDA:268,18,0,0
BRDA:268,18,1,0
BRDA:287,19,0,0
BRDA:287,19,1,0
BRDA:289,20,0,0
BRDA:289,20,1,0
BRDA:296,21,0,0
BRDA:296,21,1,0
BRDA:311,22,0,0
BRDA:311,22,1,0
BRDA:311,22,2,0
BRDA:313,23,0,0
BRDA:313,23,1,0
BRDA:328,24,0,0
BRDA:328,24,1,0
BRDA:358,25,0,0
BRDA:358,25,1,0
BRDA:358,26,0,0
BRDA:358,26,1,0
BRDA:364,27,0,0
BRDA:364,27,1,0
BRDA:364,27,2,0
BRDA:366,28,0,0
BRDA:366,28,1,0
BRDA:381,29,0,0
BRDA:381,29,1,0
BRDA:390,30,0,0
BRDA:390,30,1,0
BRDA:390,31,0,0
BRDA:390,31,1,0
BRDA:396,32,0,0
BRDA:396,32,1,0
BRDA:396,32,2,0
BRDA:398,33,0,0
BRDA:398,33,1,0
BRDA:413,34,0,0
BRDA:413,34,1,0
BRDA:423,35,0,0
BRDA:423,35,1,0
BRDA:425,36,0,0
BRDA:425,36,1,0
BRDA:435,37,0,0
BRDA:435,37,1,0
BRDA:440,38,0,0
BRDA:440,38,1,0
BRDA:442,39,0,0
BRDA:442,39,1,0
BRDA:445,40,0,0
BRDA:445,40,1,0
BRDA:448,41,0,0
BRDA:448,41,1,0
BRDA:448,42,0,0
BRDA:448,42,1,0
BRDA:456,43,0,0
BRDA:456,43,1,0
BRDA:465,44,0,0
BRDA:465,44,1,0
BRDA:468,45,0,0
BRDA:468,45,1,0
BRDA:471,46,0,0
BRDA:471,46,1,0
BRDA:476,47,0,0
BRDA:476,47,1,0
BRDA:481,48,0,0
BRDA:481,48,1,0
BRDA:481,48,2,0
BRDA:484,49,0,0
BRDA:484,49,1,0
BRDA:485,50,0,0
BRDA:485,50,1,0
BRDA:494,51,0,0
BRDA:494,51,1,0
BRDA:495,52,0,0
BRDA:495,52,1,0
BRDA:507,53,0,0
BRDA:507,53,1,0
BRDA:507,54,0,0
BRDA:507,54,1,0
BRDA:508,55,0,0
BRDA:508,55,1,0
BRDA:508,55,2,0
BRDA:515,56,0,0
BRDA:515,56,1,0
BRDA:516,57,0,0
BRDA:516,57,1,0
BRDA:516,57,2,0
BRDA:521,58,0,0
BRDA:521,58,1,0
BRDA:536,59,0,0
BRDA:536,59,1,0
BRDA:555,60,0,0
BRDA:555,60,1,0
BRDA:561,61,0,0
BRDA:561,61,1,0
BRDA:563,62,0,0
BRDA:563,62,1,0
BRDA:571,63,0,0
BRDA:571,63,1,0
BRDA:574,64,0,0
BRDA:574,64,1,0
BRDA:585,65,0,0
BRDA:585,65,1,0
BRDA:589,66,0,0
BRDA:589,66,1,0
BRDA:591,67,0,0
BRDA:591,67,1,0
BRDA:593,68,0,0
BRDA:593,68,1,0
BRDA:594,69,0,0
BRDA:594,69,1,0
BRDA:599,70,0,0
BRDA:599,70,1,0
BRDA:599,70,2,0
BRDA:601,71,0,0
BRDA:601,71,1,0
BRDA:604,72,0,0
BRDA:604,72,1,0
BRDA:619,73,0,0
BRDA:619,73,1,0
BRDA:624,74,0,0
BRDA:624,74,1,0
BRDA:629,75,0,0
BRDA:629,75,1,0
BRDA:646,76,0,0
BRDA:646,76,1,0
BRDA:646,77,0,0
BRDA:646,77,1,0
BRDA:655,78,0,0
BRDA:655,78,1,0
BRDA:686,79,0,0
BRDA:686,79,1,0
BRDA:690,80,0,0
BRDA:690,80,1,0
BRDA:702,81,0,0
BRDA:702,81,1,0
BRDA:707,82,0,0
BRDA:707,82,1,0
BRDA:713,83,0,0
BRDA:713,83,1,0
BRDA:713,83,2,0
BRDA:716,84,0,0
BRDA:716,84,1,0
BRDA:720,85,0,0
BRDA:720,85,1,0
BRDA:727,86,0,0
BRDA:727,86,1,0
BRDA:729,87,0,0
BRDA:729,87,1,0
BRDA:742,88,0,0
BRDA:742,88,1,0
BRDA:751,89,0,0
BRDA:751,89,1,0
BRDA:759,90,0,0
BRDA:759,90,1,0
BRDA:767,91,0,0
BRDA:767,91,1,0
BRF:194
BRH:0
end_of_record
TN:
SF:src\components\logging\WaterLogger.tsx
FN:51,WaterLogger
FN:58,(anonymous_1)
FN:70,(anonymous_2)
FN:74,(anonymous_3)
FN:78,(anonymous_4)
FN:83,(anonymous_5)
FN:86,(anonymous_6)
FN:107,(anonymous_7)
FN:118,(anonymous_8)
FN:121,(anonymous_9)
FN:128,(anonymous_10)
FN:134,beverageLabel
FN:135,(anonymous_12)
FN:186,(anonymous_13)
FN:194,(anonymous_14)
FN:201,(anonymous_15)
FN:219,(anonymous_16)
FN:223,(anonymous_17)
FN:263,(anonymous_18)
FN:276,(anonymous_19)
FNF:20
FNH:0
FNDA:0,WaterLogger
FNDA:0,(anonymous_1)
FNDA:0,(anonymous_2)
FNDA:0,(anonymous_3)
FNDA:0,(anonymous_4)
FNDA:0,(anonymous_5)
FNDA:0,(anonymous_6)
FNDA:0,(anonymous_7)
FNDA:0,(anonymous_8)
FNDA:0,(anonymous_9)
FNDA:0,(anonymous_10)
FNDA:0,beverageLabel
FNDA:0,(anonymous_12)
FNDA:0,(anonymous_13)
FNDA:0,(anonymous_14)
FNDA:0,(anonymous_15)
FNDA:0,(anonymous_16)
FNDA:0,(anonymous_17)
FNDA:0,(anonymous_18)
FNDA:0,(anonymous_19)
DA:29,1
DA:35,1
DA:44,1
DA:52,0
DA:53,0
DA:54,0
DA:55,0
DA:56,0
DA:58,0
DA:59,0
DA:60,0
DA:61,0
DA:62,0
DA:64,0
DA:65,0
DA:66,0
DA:70,0
DA:71,0
DA:74,0
DA:75,0
DA:78,0
DA:79,0
DA:80,0
DA:81,0
DA:83,0
DA:85,0
DA:87,0
DA:88,0
DA:90,0
DA:98,0
DA:99,0
DA:100,0
DA:101,0
DA:102,0
DA:107,0
DA:108,0
DA:109,0
DA:110,0
DA:111,0
DA:113,0
DA:114,0
DA:117,0
DA:119,0
DA:120,0
DA:121,0
DA:122,0
DA:123,0
DA:128,0
DA:129,0
DA:130,0
DA:131,0
DA:135,0
DA:138,0
DA:186,0
DA:195,0
DA:201,0
DA:220,0
DA:223,0
DA:264,0
DA:276,0
DA:290,1
LF:61
LH:4
BRDA:62,0,0,0
BRDA:62,0,1,0
BRDA:65,1,0,0
BRDA:65,1,1,0
BRDA:79,2,0,0
BRDA:79,2,1,0
BRDA:80,3,0,0
BRDA:80,3,1,0
BRDA:109,4,0,0
BRDA:109,4,1,0
BRDA:109,5,0,0
BRDA:109,5,1,0
BRDA:129,6,0,0
BRDA:129,6,1,0
BRDA:130,7,0,0
BRDA:130,7,1,0
BRDA:135,8,0,0
BRDA:135,8,1,0
BRDA:141,9,0,0
BRDA:141,9,1,0
BRDA:142,10,0,0
BRDA:142,10,1,0
BRDA:147,11,0,0
BRDA:147,11,1,0
BRDA:147,12,0,0
BRDA:147,12,1,0
BRDA:170,13,0,0
BRDA:170,13,1,0
BRDA:172,14,0,0
BRDA:172,14,1,0
BRDA:184,15,0,0
BRDA:184,15,1,0
BRDA:199,16,0,0
BRDA:199,16,1,0
BRDA:207,17,0,0
BRDA:207,17,1,0
BRDA:247,18,0,0
BRDA:247,18,1,0
BRDA:257,19,0,0
BRDA:257,19,1,0
BRDA:267,20,0,0
BRDA:267,20,1,0
BRF:42
BRH:0
end_of_record
TN:
SF:src\components\logging\WeightLogger.tsx
FN:33,WeightLogger
FN:39,(anonymous_1)
FN:51,(anonymous_2)
FN:63,(anonymous_3)
FN:95,(anonymous_4)
FN:106,(anonymous_5)
FN:174,(anonymous_6)
FN:184,(anonymous_7)
FNF:8
FNH:0
FNDA:0,WeightLogger
FNDA:0,(anonymous_1)
FNDA:0,(anonymous_2)
FNDA:0,(anonymous_3)
FNDA:0,(anonymous_4)
FNDA:0,(anonymous_5)
FNDA:0,(anonymous_6)
FNDA:0,(anonymous_7)
DA:34,0
DA:35,0
DA:36,0
DA:37,0
DA:39,0
DA:40,0
DA:41,0
DA:42,0
DA:43,0
DA:45,0
DA:46,0
DA:47,0
DA:51,0
DA:52,0
DA:55,0
DA:61,0
DA:63,0
DA:64,0
DA:65,0
DA:66,0
DA:67,0
DA:70,0
DA:72,0
DA:73,0
DA:74,0
DA:76,0
DA:88,0
DA:89,0
DA:90,0
DA:91,0
DA:92,0
DA:95,0
DA:96,0
DA:97,0
DA:98,0
DA:99,0
DA:101,0
DA:102,0
DA:103,0
DA:106,0
DA:107,0
DA:108,0
DA:111,0
DA:114,0
DA:118,0
DA:174,0
DA:184,0
DA:197,1
LF:48
LH:1
BRDA:46,0,0,0
BRDA:46,0,1,0
BRDA:55,1,0,0
BRDA:55,1,1,0
BRDA:56,2,0,0
BRDA:56,2,1,0
BRDA:61,3,0,0
BRDA:61,3,1,0
BRDA:65,4,0,0
BRDA:65,4,1,0
BRDA:65,5,0,0
BRDA:65,5,1,0
BRDA:70,6,0,0
BRDA:70,6,1,0
BRDA:78,7,0,0
BRDA:78,7,1,0
BRDA:79,8,0,0
BRDA:79,8,1,0
BRDA:80,9,0,0
BRDA:80,9,1,0
BRDA:81,10,0,0
BRDA:81,10,1,0
BRDA:82,11,0,0
BRDA:82,11,1,0
BRDA:83,12,0,0
BRDA:83,12,1,0
BRDA:84,13,0,0
BRDA:84,13,1,0
BRDA:99,14,0,0
BRDA:99,14,1,0
BRDA:107,15,0,0
BRDA:107,15,1,0
BRDA:108,16,0,0
BRDA:108,16,1,0
BRDA:114,17,0,0
BRDA:114,17,1,0
BRDA:123,18,0,0
BRDA:123,18,1,0
BRDA:127,19,0,0
BRDA:127,19,1,0
BRDA:147,20,0,0
BRDA:147,20,1,0
BRDA:161,21,0,0
BRDA:161,21,1,0
BRDA:173,22,0,0
BRDA:173,22,1,0
BRDA:177,23,0,0
BRDA:177,23,1,0
BRDA:183,24,0,0
BRDA:183,24,1,0
BRDA:187,25,0,0
BRDA:187,25,1,0
BRF:52
BRH:0
end_of_record
TN:
SF:src\components\marketplace\FTCDisclosure.tsx
FN:15,FTCDisclosure
FN:22,(anonymous_1)
FNF:2
FNH:0
FNDA:0,FTCDisclosure
FNDA:0,(anonymous_1)
DA:16,0
DA:18,0
DA:23,0
DA:32,1
LF:4
LH:1
BRDA:16,0,0,0
BRDA:16,0,1,0
BRF:2
BRH:0
end_of_record
TN:
SF:src\components\marketplace\ProductCard.tsx
FN:26,ProductCard
FN:29,(anonymous_1)
FN:48,(anonymous_2)
FN:53,(anonymous_3)
FN:97,(anonymous_4)
FNF:5
FNH:0
FNDA:0,ProductCard
FNDA:0,(anonymous_1)
FNDA:0,(anonymous_2)
FNDA:0,(anonymous_3)
FNDA:0,(anonymous_4)
DA:27,0
DA:29,0
DA:31,0
DA:33,0
DA:34,0
DA:43,0
DA:44,0
DA:48,0
DA:49,0
DA:53,0
DA:54,0
DA:55,0
DA:59,0
DA:60,0
DA:63,0
DA:97,0
DA:118,1
LF:17
LH:1
BRDA:33,0,0,0
BRDA:33,0,1,0
BRDA:44,1,0,0
BRDA:44,1,1,0
BRDA:59,2,0,0
BRDA:59,2,1,0
BRDA:66,3,0,0
BRDA:66,3,1,0
BRDA:87,4,0,0
BRDA:87,4,1,0
BRDA:89,5,0,0
BRDA:89,5,1,0
BRDA:103,6,0,0
BRDA:103,6,1,0
BRF:14
BRH:0
end_of_record
TN:
SF:src\components\onboarding\OnboardingStep.tsx
FN:13,OnboardingStep
FNF:1
FNH:0
FNDA:0,OnboardingStep
DA:14,0
DA:29,1
LF:2
LH:1
BRDA:22,0,0,0
BRDA:22,0,1,0
BRF:2
BRH:0
end_of_record
TN:
SF:src\components\onboarding\ProfileStep.tsx
FN:21,ProfileStep
FN:29,(anonymous_1)
FN:43,getAge
FN:53,validate
FN:69,handleSubmit
FN:107,(anonymous_5)
FN:112,(anonymous_6)
FN:117,(anonymous_7)
FN:149,(anonymous_8)
FN:160,(anonymous_9)
FN:184,Checkbox
FNF:11
FNH:0
FNDA:0,ProfileStep
FNDA:0,(anonymous_1)
FNDA:0,getAge
FNDA:0,validate
FNDA:0,handleSubmit
FNDA:0,(anonymous_5)
FNDA:0,(anonymous_6)
FNDA:0,(anonymous_7)
FNDA:0,(anonymous_8)
FNDA:0,(anonymous_9)
FNDA:0,Checkbox
DA:14,1
DA:23,0
DA:24,0
DA:25,0
DA:28,0
DA:29,0
DA:30,0
DA:31,0
DA:32,0
DA:34,0
DA:36,0
DA:39,0
DA:41,0
DA:44,0
DA:45,0
DA:46,0
DA:47,0
DA:48,0
DA:50,0
DA:54,0
DA:56,0
DA:57,0
DA:60,0
DA:61,0
DA:65,0
DA:66,0
DA:70,0
DA:72,0
DA:81,0
DA:82,0
DA:88,0
DA:91,0
DA:107,0
DA:112,0
DA:117,0
DA:149,0
DA:160,0
DA:193,0
DA:203,1
LF:39
LH:2
BRDA:28,0,0,0
BRDA:28,0,1,0
BRDA:30,1,0,0
BRDA:30,1,1,0
BRDA:36,2,0,0
BRDA:36,2,1,0
BRDA:41,3,0,0
BRDA:41,3,1,0
BRDA:41,3,2,0
BRDA:47,4,0,0
BRDA:47,4,1,0
BRDA:47,5,0,0
BRDA:47,5,1,0
BRDA:47,5,2,0
BRDA:56,6,0,0
BRDA:56,6,1,0
BRDA:60,7,0,0
BRDA:60,7,1,0
BRDA:70,8,0,0
BRDA:70,8,1,0
BRDA:123,9,0,0
BRDA:123,9,1,0
BRDA:143,10,0,0
BRDA:143,10,1,0
BRDA:148,11,0,0
BRDA:148,11,1,0
BRDA:149,12,0,0
BRDA:149,12,1,0
BRDA:153,13,0,0
BRDA:153,13,1,0
BRDA:159,14,0,0
BRDA:159,14,1,0
BRDA:160,15,0,0
BRDA:160,15,1,0
BRDA:164,16,0,0
BRDA:164,16,1,0
BRDA:195,17,0,0
BRDA:195,17,1,0
BRDA:196,18,0,0
BRDA:196,18,1,0
BRF:40
BRH:0
end_of_record
TN:
SF:src\components\onboarding\TagPicker.tsx
FN:16,TagPicker
FN:22,(anonymous_1)
FN:27,(anonymous_2)
FN:40,(anonymous_3)
FN:45,(anonymous_4)
FN:54,TagChip
FNF:6
FNH:0
FNDA:0,TagPicker
FNDA:0,(anonymous_1)
FNDA:0,(anonymous_2)
FNDA:0,(anonymous_3)
FNDA:0,(anonymous_4)
FNDA:0,TagChip
DA:17,0
DA:23,0
DA:27,0
DA:41,0
DA:45,0
DA:63,0
DA:81,1
LF:7
LH:1
BRDA:65,0,0,0
BRDA:65,0,1,0
BRDA:72,1,0,0
BRDA:72,1,1,0
BRDA:74,2,0,0
BRDA:74,2,1,0
BRF:6
BRH:0
end_of_record
TN:
SF:src\components\onboarding\TierSelector.tsx
FN:16,TierSelector
FN:19,handleSelect
FN:33,(anonymous_2)
FN:40,(anonymous_3)
FNF:4
FNH:0
FNDA:0,TierSelector
FNDA:0,handleSelect
FNDA:0,(anonymous_2)
FNDA:0,(anonymous_3)
DA:17,0
DA:20,0
DA:21,0
DA:24,0
DA:34,0
DA:35,0
DA:36,0
DA:40,0
DA:73,1
LF:9
LH:1
BRDA:17,0,0,0
BRDA:17,0,1,0
BRDA:39,1,0,0
BRDA:39,1,1,0
BRDA:44,2,0,0
BRDA:44,2,1,0
BRDA:48,3,0,0
BRDA:48,3,1,0
BRDA:55,4,0,0
BRDA:55,4,1,0
BRF:10
BRH:0
end_of_record
TN:
SF:src\components\onboarding\WeightGoalStep.tsx
FN:51,WeightGoalStep
FN:55,computeBmi
FN:63,handleContinue
FN:78,(anonymous_3)
FN:88,(anonymous_4)
FN:99,handleSkip
FN:109,(anonymous_6)
FN:116,(anonymous_7)
FNF:8
FNH:0
FNDA:0,WeightGoalStep
FNDA:0,computeBmi
FNDA:0,handleContinue
FNDA:0,(anonymous_3)
FNDA:0,(anonymous_4)
FNDA:0,handleSkip
FNDA:0,(anonymous_6)
FNDA:0,(anonymous_7)
DA:22,1
DA:52,0
DA:53,0
DA:56,0
DA:57,0
DA:58,0
DA:59,0
DA:60,0
DA:64,0
DA:67,0
DA:68,0
DA:69,0
DA:70,0
DA:71,0
DA:78,0
DA:81,0
DA:82,0
DA:83,0
DA:88,0
DA:91,0
DA:96,0
DA:100,0
DA:103,0
DA:110,0
DA:116,0
DA:159,1
LF:26
LH:2
BRDA:56,0,0,0
BRDA:56,0,1,0
BRDA:56,1,0,0
BRDA:56,1,1,0
BRDA:59,2,0,0
BRDA:59,2,1,0
BRDA:64,3,0,0
BRDA:64,3,1,0
BRDA:67,4,0,0
BRDA:67,4,1,0
BRDA:67,5,0,0
BRDA:67,5,1,0
BRDA:69,6,0,0
BRDA:69,6,1,0
BRDA:70,7,0,0
BRDA:70,7,1,0
BRDA:82,8,0,0
BRDA:82,8,1,0
BRDA:114,9,0,0
BRDA:114,9,1,0
BRDA:123,10,0,0
BRDA:123,10,1,0
BRDA:130,11,0,0
BRDA:130,11,1,0
BRF:24
BRH:0
end_of_record
TN:
SF:src\constants\colors.ts
FNF:0
FNH:0
DA:1,6
LF:1
LH:1
BRF:0
BRH:0
end_of_record
TN:
SF:src\constants\formulas.ts
FNF:0
FNH:0
DA:18,13
DA:19,13
DA:20,13
DA:21,13
DA:22,13
DA:31,13
DA:67,13
DA:74,13
DA:75,13
DA:76,13
DA:77,13
DA:78,13
DA:79,13
DA:91,13
DA:106,13
DA:107,13
DA:117,13
DA:118,13
DA:119,13
DA:120,13
DA:127,13
DA:128,13
DA:134,13
DA:135,13
DA:136,13
DA:146,13
DA:147,13
DA:153,13
DA:157,13
LF:29
LH:29
BRF:0
BRH:0
end_of_record
TN:
SF:src\constants\healthTags.ts
FNF:0
FNH:0
DA:7,1
DA:9,1
DA:11,1
DA:13,1
LF:4
LH:4
BRF:0
BRH:0
end_of_record
TN:
SF:src\constants\supplementSuggestions.ts
FNF:0
FNH:0
DA:21,1
LF:1
LH:1
BRF:0
BRH:0
end_of_record
TN:
SF:src\constants\tags.ts
FN:212,getDefaultTagsForTier
FN:214,(anonymous_1)
FN:215,(anonymous_2)
FNF:3
FNH:0
FNDA:0,getDefaultTagsForTier
FNDA:0,(anonymous_1)
FNDA:0,(anonymous_2)
DA:19,3
DA:24,3
DA:32,3
DA:135,3
DA:210,3
DA:213,0
DA:214,0
DA:215,0
LF:8
LH:5
BRF:0
BRH:0
end_of_record
TN:
SF:src\constants\tiers.ts
FN:155,getTierDefinition
FN:156,(anonymous_1)
FN:158,(anonymous_2)
FNF:3
FNH:0
FNDA:0,getTierDefinition
FNDA:0,(anonymous_1)
FNDA:0,(anonymous_2)
DA:30,3
DA:153,3
DA:156,0
DA:157,0
DA:158,0
DA:160,0
LF:6
LH:2
BRDA:157,0,0,0
BRDA:157,0,1,0
BRF:2
BRH:0
end_of_record
TN:
SF:src\data\activities.ts
FN:78,getActivityById
FN:79,(anonymous_1)
FN:83,getActivitiesByCategory
FN:84,(anonymous_3)
FN:87,(anonymous_4)
FNF:5
FNH:5
FNDA:2,getActivityById
FNDA:27,(anonymous_1)
FNDA:1,getActivitiesByCategory
FNDA:8,(anonymous_3)
FNDA:208,(anonymous_4)
DA:22,8
DA:33,8
DA:79,27
DA:84,8
DA:87,208
LF:5
LH:5
BRF:0
BRH:0
end_of_record
TN:
SF:src\hooks\useCoach.ts
FN:16,generateId
FN:32,useCoach
FN:42,(anonymous_2)
FN:46,(anonymous_3)
FN:58,(anonymous_4)
FN:64,(anonymous_5)
FN:68,(anonymous_6)
FN:102,(anonymous_7)
FN:103,(anonymous_8)
FN:153,(anonymous_9)
FN:159,(anonymous_10)
FNF:11
FNH:0
FNDA:0,generateId
FNDA:0,useCoach
FNDA:0,(anonymous_2)
FNDA:0,(anonymous_3)
FNDA:0,(anonymous_4)
FNDA:0,(anonymous_5)
FNDA:0,(anonymous_6)
FNDA:0,(anonymous_7)
FNDA:0,(anonymous_8)
FNDA:0,(anonymous_9)
FNDA:0,(anonymous_10)
DA:14,1
DA:17,0
DA:33,0
DA:34,0
DA:35,0
DA:36,0
DA:37,0
DA:38,0
DA:39,0
DA:42,0
DA:43,0
DA:46,0
DA:47,0
DA:48,0
DA:49,0
DA:54,0
DA:55,0
DA:58,0
DA:60,0
DA:64,0
DA:65,0
DA:68,0
DA:69,0
DA:70,0
DA:72,0
DA:73,0
DA:76,0
DA:83,0
DA:84,0
DA:85,0
DA:87,0
DA:89,0
DA:90,0
DA:92,0
DA:94,0
DA:95,0
DA:100,0
DA:101,0
DA:102,0
DA:103,0
DA:106,0
DA:107,0
DA:111,0
DA:112,0
DA:113,0
DA:114,0
DA:119,0
DA:126,0
DA:129,0
DA:136,0
DA:137,0
DA:138,0
DA:141,0
DA:143,0
DA:144,0
DA:146,0
DA:149,0
DA:153,0
DA:154,0
DA:155,0
DA:156,0
DA:159,0
DA:160,0
DA:161,0
DA:164,0
LF:65
LH:1
BRDA:54,0,0,0
BRDA:54,0,1,0
BRDA:70,1,0,0
BRDA:70,1,1,0
BRDA:94,2,0,0
BRDA:94,2,1,0
BRDA:102,3,0,0
BRDA:102,3,1,0
BRDA:106,4,0,0
BRDA:106,4,1,0
BRDA:113,5,0,0
BRDA:113,5,1,0
BRDA:113,6,0,0
BRDA:113,6,1,0
BRDA:143,7,0,0
BRDA:143,7,1,0
BRF:16
BRH:0
end_of_record
TN:
SF:src\hooks\useLastEntry.ts
FN:7,lastEntryKey
FN:11,useLastEntry
FN:15,(anonymous_2)
FN:17,(anonymous_3)
FN:23,(anonymous_4)
FN:27,(anonymous_5)
FNF:6
FNH:0
FNDA:0,lastEntryKey
FNDA:0,useLastEntry
FNDA:0,(anonymous_2)
FNDA:0,(anonymous_3)
FNDA:0,(anonymous_4)
FNDA:0,(anonymous_5)
DA:8,0
DA:12,0
DA:13,0
DA:15,0
DA:16,0
DA:17,0
DA:18,0
DA:19,0
DA:20,0
DA:23,0
DA:26,0
DA:28,0
DA:29,0
DA:34,0
LF:14
LH:0
BRDA:18,0,0,0
BRDA:18,0,1,0
BRF:2
BRH:0
end_of_record
TN:
SF:src\hooks\useMilestone.ts
FN:47,useMilestone
FN:51,(anonymous_1)
FN:56,(anonymous_2)
FN:62,(anonymous_3)
FN:78,checkMilestones
FN:111,checkRecentPR
FN:126,(anonymous_6)
FN:136,(anonymous_7)
FN:158,isPersonalRecord
FN:194,formatDate
FN:206,getActiveMilestone
FNF:11
FNH:1
FNDA:0,useMilestone
FNDA:0,(anonymous_1)
FNDA:0,(anonymous_2)
FNDA:0,(anonymous_3)
FNDA:0,checkMilestones
FNDA:0,checkRecentPR
FNDA:0,(anonymous_6)
FNDA:0,(anonymous_7)
FNDA:0,isPersonalRecord
FNDA:0,formatDate
FNDA:23,getActiveMilestone
DA:16,4
DA:19,4
DA:48,0
DA:49,0
DA:51,0
DA:52,0
DA:53,0
DA:54,0
DA:56,0
DA:57,0
DA:58,0
DA:62,0
DA:63,0
DA:64,0
DA:65,0
DA:66,0
DA:68,0
DA:71,0
DA:79,0
DA:80,0
DA:84,0
DA:85,0
DA:86,0
DA:87,0
DA:88,0
DA:100,0
DA:104,0
DA:112,0
DA:113,0
DA:114,0
DA:115,0
DA:116,0
DA:117,0
DA:120,0
DA:121,0
DA:122,0
DA:124,0
DA:125,0
DA:126,0
DA:127,0
DA:130,0
DA:131,0
DA:133,0
DA:134,0
DA:136,0
DA:137,0
DA:140,0
DA:151,0
DA:163,0
DA:164,0
DA:166,0
DA:168,0
DA:170,0
DA:171,0
DA:173,0
DA:174,0
DA:175,0
DA:176,0
DA:177,0
DA:178,0
DA:187,0
DA:195,0
DA:207,23
DA:208,23
DA:211,23
DA:212,161
DA:213,161
DA:214,161
DA:215,1
DA:219,22
LF:70
LH:10
BRDA:52,0,0,0
BRDA:52,0,1,0
BRDA:63,1,0,0
BRDA:63,1,1,0
BRDA:64,2,0,0
BRDA:64,2,1,0
BRDA:65,3,0,0
BRDA:65,3,1,0
BRDA:79,4,0,0
BRDA:79,4,1,0
BRDA:87,5,0,0
BRDA:87,5,1,0
BRDA:87,6,0,0
BRDA:87,6,1,0
BRDA:93,7,0,0
BRDA:93,7,1,0
BRDA:104,8,0,0
BRDA:104,8,1,0
BRDA:122,9,0,0
BRDA:122,9,1,0
BRDA:122,10,0,0
BRDA:122,10,1,0
BRDA:127,11,0,0
BRDA:127,11,1,0
BRDA:131,12,0,0
BRDA:131,12,1,0
BRDA:134,13,0,0
BRDA:134,13,1,0
BRDA:137,14,0,0
BRDA:137,14,1,0
BRDA:168,15,0,0
BRDA:168,15,1,0
BRDA:171,16,0,0
BRDA:171,16,1,0
BRDA:175,17,0,0
BRDA:175,17,1,0
BRDA:177,18,0,0
BRDA:177,18,1,0
BRDA:187,19,0,0
BRDA:187,19,1,0
BRDA:207,20,0,23
BRDA:207,20,1,23
BRDA:214,21,0,1
BRDA:214,21,1,160
BRDA:214,22,0,161
BRDA:214,22,1,1
BRF:46
BRH:6
end_of_record
TN:
SF:src\hooks\useRecovery.ts
FN:19,useRecovery
FN:23,(anonymous_1)
FN:48,(anonymous_2)
FN:59,(anonymous_3)
FNF:4
FNH:0
FNDA:0,useRecovery
FNDA:0,(anonymous_1)
FNDA:0,(anonymous_2)
FNDA:0,(anonymous_3)
DA:20,0
DA:21,0
DA:23,0
DA:24,0
DA:25,0
DA:27,0
DA:28,0
DA:29,0
DA:30,0
DA:31,0
DA:32,0
DA:36,0
DA:37,0
DA:40,0
DA:42,0
DA:44,0
DA:48,0
DA:50,0
DA:51,0
DA:52,0
DA:53,0
DA:59,0
DA:60,0
DA:63,0
LF:24
LH:0
BRDA:29,0,0,0
BRDA:29,0,1,0
BRF:2
BRH:0
end_of_record
TN:
SF:src\services\anthropic.ts
FN:30,(anonymous_0)
FN:46,sendMessage
FN:113,(anonymous_2)
FNF:3
FNH:3
FNDA:3,(anonymous_0)
FNDA:4,sendMessage
FNDA:1,(anonymous_2)
DA:13,5
DA:14,5
DA:35,3
DA:36,3
DA:42,5
DA:51,4
DA:52,4
DA:53,2
DA:56,2
DA:58,2
DA:67,2
DA:68,2
DA:78,0
DA:85,2
DA:86,1
DA:87,1
DA:88,1
DA:90,1
DA:91,1
DA:92,1
DA:93,1
DA:98,1
DA:99,1
DA:101,0
DA:102,0
DA:104,0
DA:105,0
DA:108,0
DA:111,1
DA:113,1
DA:114,1
DA:115,0
DA:118,1
LF:33
LH:26
BRDA:52,0,0,2
BRDA:52,0,1,2
BRDA:56,1,0,2
BRDA:56,1,1,0
BRDA:85,2,0,1
BRDA:85,2,1,1
BRDA:92,3,0,1
BRDA:92,3,1,0
BRDA:93,4,0,1
BRDA:93,4,1,0
BRDA:98,5,0,1
BRDA:98,5,1,0
BRDA:101,6,0,0
BRDA:101,6,1,0
BRDA:104,7,0,0
BRDA:104,7,1,0
BRDA:114,8,0,0
BRDA:114,8,1,1
BRF:18
BRH:9
end_of_record
TN:
SF:src\services\apiKeyService.ts
FN:29,getApiKey
FN:33,setApiKey
FN:41,deleteApiKey
FN:45,isApiKeySet
FN:54,validateKeyFormat
FN:101,testApiKey
FN:103,(anonymous_6)
FNF:7
FNH:6
FNDA:10,getApiKey
FNDA:7,setApiKey
FNDA:3,deleteApiKey
FNDA:3,isApiKeySet
FNDA:14,validateKeyFormat
FNDA:5,testApiKey
FNDA:0,(anonymous_6)
DA:30,10
DA:34,7
DA:35,7
DA:36,1
DA:38,6
DA:42,3
DA:46,3
DA:47,3
DA:55,14
DA:57,14
DA:58,2
DA:66,12
DA:67,1
DA:76,11
DA:77,8
DA:81,3
DA:82,1
DA:86,2
DA:97,8
DA:98,8
DA:99,8
DA:102,5
DA:103,5
DA:105,5
DA:106,5
DA:121,4
DA:122,1
DA:123,1
DA:126,3
DA:127,1
DA:134,2
DA:135,1
DA:142,1
DA:143,1
DA:150,0
DA:156,1
DA:157,0
DA:163,1
DA:169,5
LF:39
LH:37
BRDA:35,0,0,1
BRDA:35,0,1,6
BRDA:36,1,0,1
BRDA:36,1,1,0
BRDA:47,2,0,3
BRDA:47,2,1,1
BRDA:57,3,0,2
BRDA:57,3,1,12
BRDA:66,4,0,1
BRDA:66,4,1,11
BRDA:76,5,0,8
BRDA:76,5,1,3
BRDA:81,6,0,1
BRDA:81,6,1,2
BRDA:121,7,0,1
BRDA:121,7,1,3
BRDA:126,8,0,1
BRDA:126,8,1,2
BRDA:134,9,0,1
BRDA:134,9,1,1
BRDA:134,10,0,2
BRDA:134,10,1,1
BRDA:142,11,0,1
BRDA:142,11,1,0
BRDA:156,12,0,0
BRDA:156,12,1,1
BRDA:156,13,0,1
BRDA:156,13,1,1
BRF:28
BRH:25
end_of_record
TN:
SF:src\services\authService.ts
FN:19,isLockEnabled
FN:24,setLockEnabled
FN:32,getAuthMethod
FN:38,setAuthMethod
FN:46,isBiometricAvailable
FN:68,authenticateBiometric
FN:81,hashPIN
FN:88,setPIN
FN:93,verifyPIN
FN:100,hasPIN
FN:113,onLockRequested
FN:115,(anonymous_11)
FN:119,lockApp
FN:120,(anonymous_13)
FN:127,clearAuthData
FNF:15
FNH:11
FNDA:4,isLockEnabled
FNDA:4,setLockEnabled
FNDA:4,getAuthMethod
FNDA:3,setAuthMethod
FNDA:3,isBiometricAvailable
FNDA:2,authenticateBiometric
FNDA:5,hashPIN
FNDA:3,setPIN
FNDA:3,verifyPIN
FNDA:3,hasPIN
FNDA:0,onLockRequested
FNDA:0,(anonymous_11)
FNDA:0,lockApp
FNDA:0,(anonymous_13)
FNDA:1,clearAuthData
DA:20,4
DA:21,4
DA:25,4
DA:33,4
DA:34,4
DA:35,2
DA:39,3
DA:50,3
DA:51,3
DA:53,3
DA:54,1
DA:57,2
DA:58,2
DA:59,2
DA:60,1
DA:61,1
DA:62,1
DA:65,2
DA:69,2
DA:74,2
DA:82,5
DA:89,3
DA:90,3
DA:94,3
DA:95,3
DA:96,2
DA:97,2
DA:101,3
DA:102,3
DA:110,2
DA:114,0
DA:115,0
DA:120,0
DA:128,1
DA:129,1
DA:130,1
LF:36
LH:33
BRDA:25,0,0,3
BRDA:25,0,1,1
BRDA:34,1,0,2
BRDA:34,1,1,2
BRDA:34,2,0,4
BRDA:34,2,1,3
BRDA:34,2,2,3
BRDA:53,3,0,1
BRDA:53,3,1,2
BRDA:53,4,0,3
BRDA:53,4,1,2
BRDA:59,5,0,1
BRDA:59,5,1,1
BRDA:61,6,0,1
BRDA:61,6,1,0
BRDA:95,7,0,1
BRDA:95,7,1,2
BRF:17
BRH:16
end_of_record
TN:
SF:src\services\fatsecret.ts
FN:15,getAccessToken
FN:48,apiCall
FN:110,parseFloat0
FN:114,parseFloatNull
FN:120,fsServingToNutritionPer100g
FN:143,fsServingsToSizes
FN:164,mapFsDetailToItem
FN:190,fatsecretSearch
FN:218,fatsecretGetFood
FN:233,fatsecretBarcodeLookup
FNF:10
FNH:0
FNDA:0,getAccessToken
FNDA:0,apiCall
FNDA:0,parseFloat0
FNDA:0,parseFloatNull
FNDA:0,fsServingToNutritionPer100g
FNDA:0,fsServingsToSizes
FNDA:0,mapFsDetailToItem
FNDA:0,fatsecretSearch
FNDA:0,fatsecretGetFood
FNDA:0,fatsecretBarcodeLookup
DA:6,2
DA:7,2
DA:10,2
DA:11,2
DA:13,2
DA:16,0
DA:17,0
DA:20,0
DA:25,0
DA:34,0
DA:35,0
DA:38,0
DA:39,0
DA:44,0
DA:49,0
DA:51,0
DA:56,0
DA:65,0
DA:66,0
DA:69,0
DA:111,0
DA:115,0
DA:116,0
DA:117,0
DA:121,0
DA:122,0
DA:124,0
DA:144,0
DA:148,0
DA:149,0
DA:150,0
DA:151,0
DA:152,0
DA:161,0
DA:165,0
DA:169,0
DA:170,0
DA:171,0
DA:173,0
DA:191,0
DA:197,0
DA:198,0
DA:200,0
DA:201,0
DA:203,0
DA:204,0
DA:205,0
DA:206,0
DA:212,0
DA:219,0
DA:224,0
DA:225,0
DA:227,0
DA:234,0
DA:235,0
DA:240,0
DA:241,0
DA:243,0
DA:245,0
DA:246,0
DA:248,0
DA:250,0
LF:62
LH:5
BRDA:16,0,0,0
BRDA:16,0,1,0
BRDA:16,1,0,0
BRDA:16,1,1,0
BRDA:34,2,0,0
BRDA:34,2,1,0
BRDA:65,3,0,0
BRDA:65,3,1,0
BRDA:111,4,0,0
BRDA:111,4,1,0
BRDA:111,5,0,0
BRDA:111,5,1,0
BRDA:115,6,0,0
BRDA:115,6,1,0
BRDA:117,7,0,0
BRDA:117,7,1,0
BRDA:121,8,0,0
BRDA:121,8,1,0
BRDA:121,9,0,0
BRDA:121,9,1,0
BRDA:129,10,0,0
BRDA:129,10,1,0
BRDA:130,11,0,0
BRDA:130,11,1,0
BRDA:132,12,0,0
BRDA:132,12,1,0
BRDA:133,13,0,0
BRDA:133,13,1,0
BRDA:134,14,0,0
BRDA:134,14,1,0
BRDA:135,15,0,0
BRDA:135,15,1,0
BRDA:136,16,0,0
BRDA:136,16,1,0
BRDA:137,17,0,0
BRDA:137,17,1,0
BRDA:138,18,0,0
BRDA:138,18,1,0
BRDA:139,19,0,0
BRDA:139,19,1,0
BRDA:149,20,0,0
BRDA:149,20,1,0
BRDA:150,21,0,0
BRDA:150,21,1,0
BRDA:151,22,0,0
BRDA:151,22,1,0
BRDA:165,23,0,0
BRDA:165,23,1,0
BRDA:177,24,0,0
BRDA:177,24,1,0
BRDA:181,25,0,0
BRDA:181,25,1,0
BRDA:198,26,0,0
BRDA:198,26,1,0
BRDA:200,27,0,0
BRDA:200,27,1,0
BRDA:206,28,0,0
BRDA:206,28,1,0
BRDA:225,29,0,0
BRDA:225,29,1,0
BRDA:241,30,0,0
BRDA:241,30,1,0
BRDA:245,31,0,0
BRDA:245,31,1,0
BRF:64
BRH:0
end_of_record
TN:
SF:src\services\notifications.ts
FN:20,configureNotifications
FN:23,(anonymous_1)
FN:51,requestPermissions
FN:68,getObservedBedtime
FN:90,(anonymous_4)
FN:101,getEODTriggerHour
FN:148,getUnloggedTags
FN:182,getRandomCopy
FN:190,scheduleEODNotification
FN:223,scheduleTierReminders
FN:276,(anonymous_10)
FN:303,cancelEODNotifications
FN:315,cancelDailyReminders
FN:327,cancelAllNotifications
FN:334,rescheduleAll
FN:353,configureReportChannel
FN:368,triggerDueReports
FN:437,sendReportNotification
FN:462,triggerCelebrationCheck
FN:490,formatDate
FNF:20
FNH:0
FNDA:0,configureNotifications
FNDA:0,(anonymous_1)
FNDA:0,requestPermissions
FNDA:0,getObservedBedtime
FNDA:0,(anonymous_4)
FNDA:0,getEODTriggerHour
FNDA:0,getUnloggedTags
FNDA:0,getRandomCopy
FNDA:0,scheduleEODNotification
FNDA:0,scheduleTierReminders
FNDA:0,(anonymous_10)
FNDA:0,cancelEODNotifications
FNDA:0,cancelDailyReminders
FNDA:0,cancelAllNotifications
FNDA:0,rescheduleAll
FNDA:0,configureReportChannel
FNDA:0,triggerDueReports
FNDA:0,sendReportNotification
FNDA:0,triggerCelebrationCheck
FNDA:0,formatDate
DA:22,0
DA:23,0
DA:32,0
DA:33,0
DA:40,0
DA:48,0
DA:52,0
DA:53,0
DA:55,0
DA:56,0
DA:69,0
DA:70,0
DA:72,0
DA:73,0
DA:74,0
DA:75,0
DA:76,0
DA:77,0
DA:79,0
DA:80,0
DA:81,0
DA:83,0
DA:84,0
DA:88,0
DA:90,0
DA:93,0
DA:102,0
DA:103,0
DA:106,0
DA:109,0
DA:110,0
DA:113,0
DA:115,0
DA:116,0
DA:118,0
DA:126,1
DA:149,0
DA:150,0
DA:152,0
DA:154,0
DA:155,0
DA:156,0
DA:158,0
DA:159,0
DA:161,0
DA:162,0
DA:166,0
DA:174,1
DA:183,0
DA:191,0
DA:192,0
DA:194,0
DA:195,0
DA:198,0
DA:200,0
DA:202,0
DA:216,0
DA:224,0
DA:225,0
DA:227,0
DA:228,0
DA:230,0
DA:231,0
DA:232,0
DA:235,0
DA:238,0
DA:241,0
DA:242,0
DA:243,0
DA:247,0
DA:253,0
DA:264,0
DA:265,0
DA:267,0
DA:269,0
DA:271,0
DA:274,0
DA:277,0
DA:280,0
DA:294,0
DA:297,0
DA:304,0
DA:305,0
DA:306,0
DA:307,0
DA:316,0
DA:317,0
DA:318,0
DA:319,0
DA:328,0
DA:335,0
DA:337,0
DA:338,0
DA:340,0
DA:341,0
DA:342,0
DA:343,0
DA:354,0
DA:355,0
DA:369,0
DA:370,0
DA:372,0
DA:373,0
DA:376,0
DA:377,0
DA:378,0
DA:379,0
DA:383,0
DA:384,0
[...]
BRDA:241,42,1,0
BRDA:245,43,0,0
BRDA:245,43,1,0
BRDA:270,44,0,0
BRDA:270,44,1,0
BRDA:277,45,0,0
BRDA:277,45,1,0
BRDA:282,46,0,0
BRDA:282,46,1,0
BRDA:289,47,0,0
BRDA:289,47,1,0
BRDA:302,48,0,0
BRDA:302,48,1,0
BRDA:303,49,0,0
BRDA:303,49,1,0
BRDA:304,50,0,0
BRDA:304,50,1,0
BRDA:305,51,0,0
BRDA:305,51,1,0
BRDA:306,52,0,0
BRDA:306,52,1,0
BRDA:307,53,0,0
BRDA:307,53,1,0
BRDA:332,54,0,0
BRDA:332,54,1,0
BRDA:342,55,0,0
BRDA:342,55,1,0
BRDA:342,56,0,0
BRDA:342,56,1,0
BRDA:347,57,0,0
BRDA:347,57,1,0
BRDA:355,58,0,0
BRDA:355,58,1,0
BRDA:368,59,0,0
BRDA:368,59,1,0
BRDA:369,60,0,0
BRDA:369,60,1,0
BRDA:370,61,0,0
BRDA:370,61,1,0
BRDA:371,62,0,0
BRDA:371,62,1,0
BRDA:372,63,0,0
BRDA:372,63,1,0
BRDA:373,64,0,0
BRDA:373,64,1,0
BRDA:374,65,0,0
BRDA:374,65,1,0
BRDA:375,66,0,0
BRDA:375,66,1,0
BRDA:410,67,0,0
BRDA:410,67,1,0
BRDA:411,68,0,0
BRDA:411,68,1,0
BRDA:412,69,0,0
BRDA:412,69,1,0
BRDA:418,70,0,0
BRDA:418,70,1,0
BRDA:420,71,0,0
BRDA:420,71,1,0
BRDA:421,72,0,0
BRDA:421,72,1,0
BRDA:429,73,0,0
BRDA:429,73,1,0
BRDA:429,74,0,0
BRDA:429,74,1,0
BRDA:434,75,0,0
BRDA:434,75,1,0
BRDA:447,76,0,0
BRDA:447,76,1,0
BRDA:448,77,0,0
BRDA:448,77,1,0
BRDA:476,78,0,0
BRDA:476,78,1,0
BRDA:481,79,0,0
BRDA:481,79,1,0
BRDA:482,80,0,0
BRDA:482,80,1,0
BRDA:483,81,0,0
BRDA:483,81,1,0
BRDA:497,82,0,0
BRDA:497,82,1,0
BRDA:498,83,0,0
BRDA:498,83,1,0
BRDA:502,84,0,0
BRDA:502,84,1,0
BRDA:516,85,0,0
BRDA:516,85,1,0
BRDA:516,86,0,0
BRDA:516,86,1,0
BRDA:548,87,0,0
BRDA:548,87,1,0
BRDA:556,88,0,0
BRDA:556,88,1,0
BRDA:556,89,0,0
BRDA:556,89,1,0
BRDA:556,89,2,0
BRDA:615,90,0,1
BRDA:615,90,1,1
BRDA:617,91,0,0
BRDA:617,91,1,1
BRDA:617,92,0,1
BRDA:617,92,1,1
BRDA:617,92,2,1
BRDA:617,92,3,0
BRDA:622,93,0,0
BRDA:622,93,1,1
BRDA:628,94,0,0
BRDA:628,94,1,1
BRDA:634,95,0,0
BRDA:634,95,1,0
BRDA:634,96,0,0
BRDA:634,96,1,0
BRDA:637,97,0,0
BRDA:637,97,1,0
BRDA:637,98,0,0
BRDA:637,98,1,0
BRDA:640,99,0,0
BRDA:640,99,1,0
BRDA:640,100,0,0
BRDA:640,100,1,0
BRDA:645,101,0,0
BRDA:645,101,1,0
BRDA:645,102,0,0
BRDA:645,102,1,0
BRDA:645,102,2,0
BRF:213
BRH:8
end_of_record
TN:
SF:src\services\secureStorageService.ts
FN:41,getSecure
FN:54,setSecure
FN:58,deleteSecure
FN:66,getPreference
FN:79,setPreference
FNF:5
FNH:5
FNDA:30,getSecure
FNDA:21,setSecure
FNDA:7,deleteSecure
FNDA:7,getPreference
FNDA:5,setPreference
DA:12,12
DA:26,12
DA:42,30
DA:43,30
DA:50,0
DA:55,21
DA:59,7
DA:67,7
DA:68,7
DA:75,0
DA:80,5
LF:11
LH:9
BRF:0
BRH:0
end_of_record
TN:
SF:src\services\tagFilterService.ts
FN:22,getVisibleTags
FN:27,(anonymous_1)
FN:35,(anonymous_2)
FN:47,isTagVisibleForUser
FN:65,getSuggestedSupplements
FN:99,(anonymous_5)
FNF:6
FNH:6
FNDA:7,getVisibleTags
FNDA:27,(anonymous_1)
FNDA:27,(anonymous_2)
FNDA:8,isTagVisibleForUser
FNDA:9,getSuggestedSupplements
FNDA:100,(anonymous_5)
DA:23,7
DA:25,5
DA:26,2
DA:28,27
DA:33,3
DA:34,2
DA:36,27
DA:41,1
DA:48,8
DA:50,6
DA:51,3
DA:54,3
DA:55,2
DA:58,1
DA:69,9
DA:71,8
DA:73,8
DA:75,8
DA:76,64
DA:79,17
DA:80,17
DA:82,12
DA:86,8
DA:87,8
DA:89,8
DA:90,57
DA:91,57
DA:92,57
DA:96,8
DA:99,8
DA:100,100
DA:101,100
DA:102,53
DA:105,8
LF:34
LH:34
BRDA:23,0,0,2
BRDA:23,0,1,5
BRDA:23,1,0,7
BRDA:23,1,1,6
BRDA:25,2,0,2
BRDA:25,2,1,3
BRDA:28,3,0,27
BRDA:28,3,1,27
BRDA:33,4,0,2
BRDA:33,4,1,1
BRDA:36,5,0,27
BRDA:36,5,1,27
BRDA:48,6,0,2
BRDA:48,6,1,6
BRDA:48,7,0,8
BRDA:48,7,1,7
BRDA:50,8,0,3
BRDA:50,8,1,3
BRDA:54,9,0,2
BRDA:54,9,1,1
BRDA:69,10,0,1
BRDA:69,10,1,8
BRDA:71,11,0,8
BRDA:71,11,1,0
BRDA:76,12,0,47
BRDA:76,12,1,17
BRDA:79,13,0,17
BRDA:79,13,1,9
BRDA:80,14,0,5
BRDA:80,14,1,12
BRDA:91,15,0,57
BRDA:91,15,1,0
BRDA:91,16,0,57
BRDA:91,16,1,0
BRDA:101,17,0,47
BRDA:101,17,1,53
BRF:36
BRH:33
end_of_record
TN:
SF:src\services\usda.ts
FN:88,extractNutrientValue
FN:94,(anonymous_1)
FN:106,parseNutrition
FN:126,parseServingSizes
FN:160,(anonymous_4)
FN:175,mapSearchFoodToItem
FN:197,mapDetailFoodToItem
FN:222,usdaSearch
FN:241,usdaBrandedBarcodeLookup
FN:258,usdaGetFood
FNF:10
FNH:6
FNDA:15,extractNutrientValue
FNDA:62,(anonymous_1)
FNDA:1,parseNutrition
FNDA:1,parseServingSizes
FNDA:0,(anonymous_4)
FNDA:1,mapSearchFoodToItem
FNDA:0,mapDetailFoodToItem
FNDA:2,usdaSearch
FNDA:0,usdaBrandedBarcodeLookup
FNDA:0,usdaGetFood
DA:6,3
DA:9,3
DA:70,3
DA:92,15
DA:93,17
DA:95,62
DA:99,17
DA:100,4
DA:103,11
DA:107,1
DA:131,1
DA:134,1
DA:141,1
DA:142,1
DA:144,0
DA:148,0
DA:157,1
DA:158,0
DA:159,0
DA:160,0
DA:162,0
DA:163,0
DA:172,1
DA:176,1
DA:177,1
DA:183,1
DA:198,0
DA:199,0
DA:205,0
DA:226,2
DA:228,2
DA:229,2
DA:230,0
DA:233,2
DA:234,2
DA:244,0
DA:246,0
DA:247,0
DA:248,0
DA:251,0
DA:252,0
DA:259,0
DA:261,0
DA:262,0
DA:263,0
DA:266,0
DA:267,0
LF:47
LH:24
BRDA:95,0,0,62
BRDA:95,0,1,58
BRDA:95,0,2,58
BRDA:95,0,3,0
BRDA:99,1,0,4
BRDA:99,1,1,13
BRDA:100,2,0,4
BRDA:100,2,1,0
BRDA:100,2,2,0
BRDA:108,3,0,1
BRDA:108,3,1,0
BRDA:109,4,0,1
BRDA:109,4,1,0
BRDA:110,5,0,1
BRDA:110,5,1,0
BRDA:111,6,0,1
BRDA:111,6,1,0
BRDA:141,7,0,1
BRDA:141,7,1,0
BRDA:144,8,0,0
BRDA:144,8,1,0
BRDA:145,9,0,0
BRDA:145,9,1,0
BRDA:152,10,0,0
BRDA:152,10,1,0
BRDA:157,11,0,0
BRDA:157,11,1,1
BRDA:157,12,0,1
BRDA:157,12,1,0
BRDA:158,13,0,0
BRDA:158,13,1,0
BRDA:162,14,0,0
BRDA:162,14,1,0
BRDA:187,15,0,1
BRDA:187,15,1,1
BRDA:187,15,2,1
BRDA:188,16,0,1
BRDA:188,16,1,1
BRDA:191,17,0,0
BRDA:191,17,1,1
BRDA:209,18,0,0
BRDA:209,18,1,0
BRDA:209,18,2,0
BRDA:210,19,0,0
BRDA:210,19,1,0
BRDA:213,20,0,0
BRDA:213,20,1,0
BRDA:214,21,0,0
BRDA:214,21,1,0
BRDA:224,22,0,1
BRDA:229,23,0,0
BRDA:229,23,1,2
BRDA:247,24,0,0
BRDA:247,24,1,0
BRDA:262,25,0,0
BRDA:262,25,1,0
BRF:56
BRH:21
end_of_record
TN:
SF:src\types\coach.ts
FNF:0
FNH:0
LF:0
LH:0
BRF:0
BRH:0
end_of_record
TN:
SF:src\types\food.ts
FNF:0
FNH:0
LF:0
LH:0
BRF:0
BRH:0
end_of_record
TN:
SF:src\types\index.ts
FNF:0
FNH:0
DA:166,1
LF:1
LH:1
BRF:0
BRH:0
end_of_record
TN:
SF:src\types\marketplace.ts
FNF:0
FNH:0
LF:0
LH:0
BRF:0
BRH:0
end_of_record
TN:
SF:src\types\profile.ts
FNF:0
FNH:0
LF:0
LH:0
BRF:0
BRH:0
end_of_record
TN:
SF:src\types\strength.ts
FNF:0
FNH:0
LF:0
LH:0
BRF:0
BRH:0
end_of_record
TN:
SF:src\types\tags.ts
FNF:0
FNH:0
LF:0
LH:0
BRF:0
BRH:0
end_of_record
TN:
SF:src\types\workout.ts
FNF:0
FNH:0
LF:0
LH:0
BRF:0
BRH:0
end_of_record
TN:
SF:src\utils\audit.ts
FN:31,getAuditKey
FN:42,logAuditEvent
FN:69,getAuditEntries
FN:82,listAuditKeys
FN:85,(anonymous_4)
FNF:5
FNH:5
FNDA:6,getAuditKey
FNDA:4,logAuditEvent
FNDA:2,getAuditEntries
FNDA:1,listAuditKeys
FNDA:1,(anonymous_4)
DA:32,6
DA:33,6
DA:34,6
DA:35,6
DA:46,4
DA:47,4
DA:49,4
DA:55,4
DA:56,4
DA:57,4
DA:58,4
DA:59,4
DA:70,2
DA:71,2
DA:72,2
DA:73,2
DA:75,0
DA:83,1
DA:84,1
DA:85,1
DA:87,0
LF:21
LH:19
BRDA:44,0,0,0
BRDA:57,1,0,1
BRDA:57,1,1,3
BRDA:73,2,0,2
BRDA:73,2,1,0
BRF:5
BRH:3
end_of_record
TN:
SF:src\utils\calories.ts
FN:30,lbsToKg
FN:35,kgToLbs
FN:40,inchesToCm
FN:45,cmToInches
FN:50,feetInchesToInches
FN:74,calculateBmr
FN:105,calculateBmrImperial
FN:130,calculateTdee
FN:160,calculateCalorieTarget
FN:193,getCalorieFloor
FN:216,getMetActivity
FN:221,searchMetActivities
FN:223,(anonymous_12)
FN:229,calculateCalorieBurn
FN:238,calculateCalorieBurnImperial
FN:264,estimateWeeklyWeightChange
FN:276,computeAge
FNF:17
FNH:11
FNDA:53,lbsToKg
FNDA:0,kgToLbs
FNDA:24,inchesToCm
FNDA:0,cmToInches
FNDA:0,feetInchesToInches
FNDA:28,calculateBmr
FNDA:0,calculateBmrImperial
FNDA:28,calculateTdee
FNDA:31,calculateCalorieTarget
FNDA:37,getCalorieFloor
FNDA:0,getMetActivity
FNDA:2,searchMetActivities
FNDA:52,(anonymous_12)
FNDA:31,calculateCalorieBurn
FNDA:29,calculateCalorieBurnImperial
FNDA:0,estimateWeeklyWeightChange
FNDA:23,computeAge
DA:31,53
DA:36,0
DA:41,24
DA:46,0
DA:51,0
DA:75,28
DA:76,0
DA:80,28
DA:84,28
DA:85,17
DA:88,11
DA:89,10
DA:93,1
DA:94,0
DA:99,1
DA:100,1
DA:101,1
DA:112,0
DA:131,28
DA:169,31
DA:171,11
DA:172,11
DA:173,11
DA:174,11
DA:177,1
DA:178,1
DA:179,1
DA:183,19
DA:184,19
DA:188,31
DA:189,31
DA:194,37
DA:195,23
DA:197,3
DA:198,0
DA:201,3
DA:217,0
DA:222,2
DA:223,2
DA:224,52
DA:234,31
DA:243,29
DA:268,0
DA:277,23
DA:278,23
DA:279,23
DA:280,23
DA:281,23
DA:282,23
DA:284,23
DA:292,8
LF:51
LH:42
BRDA:75,0,0,0
BRDA:75,0,1,28
BRDA:84,1,0,17
BRDA:84,1,1,11
BRDA:88,2,0,10
BRDA:88,2,1,1
BRDA:93,3,0,0
BRDA:93,3,1,1
BRDA:93,4,0,1
BRDA:93,4,1,0
BRDA:94,5,0,0
BRDA:94,5,1,0
BRDA:169,6,0,11
BRDA:169,6,1,1
BRDA:169,6,2,19
BRDA:169,6,3,19
BRDA:171,7,0,11
BRDA:171,7,1,0
BRDA:177,8,0,1
BRDA:177,8,1,0
BRDA:194,9,0,14
BRDA:194,9,1,23
BRDA:195,10,0,20
BRDA:195,10,1,3
BRDA:197,11,0,0
BRDA:197,11,1,3
BRDA:197,12,0,3
BRDA:197,12,1,0
BRDA:198,13,0,0
BRDA:198,13,1,0
BRDA:278,14,0,23
BRDA:278,14,1,23
BRDA:281,15,0,23
BRDA:281,15,1,0
BRDA:281,16,0,23
BRDA:281,16,1,0
BRDA:281,16,2,0
BRF:37
BRH:23
end_of_record
TN:
SF:src\utils\consistency.ts
FN:9,formatDate
FN:23,computeConsistency
FN:89,consistencyPct
FNF:3
FNH:3
FNDA:667,formatDate
FNDA:23,computeConsistency
FNDA:23,consistencyPct
DA:7,5
DA:10,667
DA:24,23
DA:25,23
DA:28,23
DA:29,23
DA:30,644
DA:31,644
DA:32,644
DA:34,23
DA:37,23
DA:38,23
DA:40,23
DA:42,21
DA:43,21
DA:44,21
DA:48,23
DA:51,23
DA:52,23
DA:53,44
DA:54,21
DA:56,23
DA:61,23
DA:63,23
DA:66,23
DA:67,23
DA:68,21
DA:69,21
DA:70,21
DA:74,23
DA:83,23
DA:85,23
DA:90,23
LF:33
LH:33
BRDA:43,0,0,21
BRDA:43,0,1,0
BRDA:43,1,0,21
BRDA:43,1,1,21
BRDA:53,2,0,21
BRDA:53,2,1,23
BRDA:63,3,0,23
BRDA:63,3,1,22
BRDA:69,4,0,21
BRDA:69,4,1,0
BRDA:78,5,0,11
BRDA:78,5,1,12
BRDA:78,6,0,12
BRDA:78,6,1,11
BRF:14
BRH:12
end_of_record
TN:
SF:src\utils\dayBoundary.ts
FN:22,setDayBoundaryHour
FN:26,getDayBoundaryHour
FN:33,initDayBoundary
FN:47,todayDateString
FN:60,getEODBoundaryHour
FNF:5
FNH:1
FNDA:0,setDayBoundaryHour
FNDA:0,getDayBoundaryHour
FNDA:0,initDayBoundary
FNDA:23,todayDateString
FNDA:0,getEODBoundaryHour
DA:10,6
DA:20,6
DA:23,0
DA:27,0
DA:34,0
DA:35,0
DA:36,0
DA:37,0
DA:39,0
DA:48,23
DA:49,23
DA:50,0
DA:52,23
DA:61,0
DA:63,0
DA:64,0
DA:66,0
LF:17
LH:5
BRDA:36,0,0,0
BRDA:36,0,1,0
BRDA:36,1,0,0
BRDA:36,1,1,0
BRDA:36,1,2,0
BRDA:36,1,3,0
BRDA:49,2,0,0
BRDA:49,2,1,23
BRDA:49,3,0,23
BRDA:49,3,1,0
BRDA:61,4,0,0
BRDA:61,4,1,0
BRDA:64,5,0,0
BRDA:64,5,1,0
BRF:14
BRH:2
end_of_record
TN:
SF:src\utils\encryption.ts
FN:19,generateSalt
FN:30,deriveKey
FN:41,encrypt
FN:54,decrypt
FN:66,generateRandomKey
FNF:5
FNH:5
FNDA:5,generateSalt
FNDA:4,deriveKey
FNDA:4,encrypt
FNDA:2,decrypt
FNDA:1,generateRandomKey
DA:11,1
DA:12,1
DA:13,1
DA:14,1
DA:20,5
DA:34,4
DA:45,4
DA:46,4
DA:47,4
DA:59,2
DA:67,1
LF:11
LH:11
BRF:0
BRH:0
end_of_record
TN:
SF:src\utils\foodwaterfall.ts
FN:40,barcodeLookup
FN:88,textSearchWaterfall
FN:142,parallelFoodSearch
FNF:3
FNH:0
FNDA:0,barcodeLookup
FNDA:0,textSearchWaterfall
FNDA:0,parallelFoodSearch
DA:42,0
DA:43,0
DA:44,0
DA:45,0
DA:52,0
DA:53,0
DA:54,0
DA:55,0
DA:62,0
DA:63,0
DA:64,0
DA:65,0
DA:72,0
DA:73,0
DA:74,0
DA:75,0
DA:81,0
DA:90,0
DA:91,0
DA:92,0
DA:93,0
DA:100,0
DA:101,0
DA:102,0
DA:103,0
DA:110,0
DA:111,0
DA:112,0
DA:113,0
DA:122,0
DA:123,0
DA:124,0
DA:127,0
DA:134,0
DA:143,0
DA:150,0
DA:157,0
DA:158,0
DA:160,0
DA:161,0
DA:163,0
DA:164,0
DA:166,0
DA:167,0
DA:170,0
LF:45
LH:0
BRDA:44,0,0,0
BRDA:44,0,1,0
BRDA:54,1,0,0
BRDA:54,1,1,0
BRDA:64,2,0,0
BRDA:64,2,1,0
BRDA:74,3,0,0
BRDA:74,3,1,0
BRDA:92,4,0,0
BRDA:92,4,1,0
BRDA:102,5,0,0
BRDA:102,5,1,0
BRDA:112,6,0,0
BRDA:112,6,1,0
BRDA:124,7,0,0
BRDA:124,7,1,0
BRDA:157,8,0,0
BRDA:157,8,1,0
BRDA:160,9,0,0
BRDA:160,9,1,0
BRDA:163,10,0,0
BRDA:163,10,1,0
BRDA:166,11,0,0
BRDA:166,11,1,0
BRF:24
BRH:0
end_of_record
TN:
SF:src\utils\ingredients.ts
FN:82,loadIngredientFlags
FN:90,saveIngredientFlags
FN:99,detectFlaggedIngredients
FN:122,getEnabledFlags
FN:123,(anonymous_4)
FNF:5
FNH:3
FNDA:0,loadIngredientFlags
FNDA:0,saveIngredientFlags
FNDA:3,detectFlaggedIngredients
FNDA:1,getEnabledFlags
FNDA:3,(anonymous_4)
DA:8,1
DA:77,1
DA:83,0
DA:84,0
DA:91,0
DA:92,0
DA:103,3
DA:104,2
DA:106,2
DA:107,2
DA:108,3
DA:109,2
DA:110,3
DA:111,1
DA:112,1
DA:116,2
DA:123,3
LF:17
LH:13
BRDA:84,0,0,0
BRDA:84,0,1,0
BRDA:103,1,0,1
BRDA:103,1,1,2
BRDA:108,2,0,1
BRDA:108,2,1,2
BRDA:110,3,0,1
BRDA:110,3,1,2
BRF:8
BRH:6
end_of_record
TN:
SF:src\utils\mood_trend.ts
FN:28,pastDateString
FN:38,evaluateMoodTrend
FN:53,(anonymous_2)
FN:55,(anonymous_3)
FN:57,(anonymous_4)
FNF:5
FNH:5
FNDA:161,pastDateString
FNDA:23,evaluateMoodTrend
FNDA:1,(anonymous_2)
FNDA:1,(anonymous_3)
FNDA:1,(anonymous_4)
DA:29,161
DA:30,161
DA:31,161
DA:39,23
DA:42,23
DA:44,23
DA:45,161
DA:46,161
DA:48,161
DA:49,160
DA:50,160
DA:53,1
DA:55,1
DA:56,1
DA:57,1
DA:60,1
DA:65,23
DA:66,161
DA:67,0
DA:68,0
DA:76,23
DA:77,23
DA:78,155
DA:79,1
DA:80,0
DA:82,1
DA:85,23
DA:86,0
DA:92,23
DA:93,23
DA:94,155
DA:95,1
DA:96,0
DA:98,1
DA:101,23
DA:102,0
DA:106,23
LF:37
LH:31
BRDA:48,0,0,160
BRDA:48,0,1,1
BRDA:48,1,0,161
BRDA:48,1,1,1
BRDA:56,2,0,1
BRDA:56,2,1,0
BRDA:66,3,0,0
BRDA:66,3,1,161
BRDA:66,4,0,161
BRDA:66,4,1,1
BRDA:78,5,0,154
BRDA:78,5,1,1
BRDA:79,6,0,0
BRDA:79,6,1,1
BRDA:85,7,0,0
BRDA:85,7,1,23
BRDA:85,8,0,23
BRDA:85,8,1,0
BRDA:94,9,0,154
BRDA:94,9,1,1
BRDA:95,10,0,0
BRDA:95,10,1,1
BRDA:101,11,0,0
BRDA:101,11,1,23
BRF:24
BRH:17
end_of_record
TN:
SF:src\utils\recovery.ts
FN:31,scoreSleepQuality
FN:39,scoreSleepDuration
FN:52,scoreHrv
FN:71,scoreRestingHr
FN:94,scoreTrainingLoad
FN:107,scoreAlcohol
FN:117,getPrecedingDates
FN:132,compute7DayBaselines
FN:136,(anonymous_8)
FN:167,computeRecoveryScore
FN:227,(anonymous_10)
FN:237,(anonymous_11)
FN:246,(anonymous_12)
FN:250,(anonymous_13)
FN:252,(anonymous_14)
FN:270,(anonymous_15)
FNF:16
FNH:16
FNDA:25,scoreSleepQuality
FNDA:24,scoreSleepDuration
FNDA:8,scoreHrv
FNDA:8,scoreRestingHr
FNDA:22,scoreTrainingLoad
FNDA:24,scoreAlcohol
FNDA:25,getPrecedingDates
FNDA:25,compute7DayBaselines
FNDA:175,(anonymous_8)
FNDA:25,computeRecoveryScore
FNDA:22,(anonymous_10)
FNDA:11,(anonymous_11)
FNDA:150,(anonymous_12)
FNDA:111,(anonymous_13)
FNDA:150,(anonymous_14)
FNDA:144,(anonymous_15)
DA:19,3
DA:20,3
DA:32,25
DA:40,24
DA:41,24
DA:42,23
DA:43,21
DA:44,2
DA:45,1
DA:53,8
DA:55,6
DA:57,2
DA:58,2
DA:59,1
DA:60,1
DA:61,1
DA:62,0
DA:63,0
DA:72,8
DA:74,6
DA:75,6
DA:76,0
DA:77,0
DA:78,0
DA:80,2
DA:81,2
DA:82,1
DA:83,1
DA:84,1
DA:85,1
DA:86,0
DA:95,22
DA:96,22
DA:97,0
DA:99,0
DA:100,0
DA:108,24
DA:109,4
DA:110,3
DA:111,2
DA:118,25
DA:119,25
DA:120,25
DA:121,175
DA:122,175
DA:123,175
DA:125,25
DA:135,25
DA:136,175
DA:137,25
DA:139,25
DA:140,25
DA:141,25
DA:142,25
DA:144,25
DA:145,175
DA:146,28
DA:147,14
DA:148,14
DA:150,28
DA:151,14
DA:152,14
DA:157,25
DA:169,25
DA:170,25
DA:171,25
DA:175,25
DA:184,25
DA:187,25
DA:188,25
DA:195,25
DA:196,25
DA:197,24
DA:198,24
DA:199,24
DA:200,24
DA:203,25
DA:210,25
DA:211,25
DA:218,25
DA:219,25
DA:226,25
DA:227,22
DA:229,25
DA:236,25
DA:237,11
DA:239,25
DA:246,150
DA:247,25
DA:250,111
DA:252,25
DA:253,150
DA:255,150
DA:258,150
DA:260,150
DA:269,25
DA:270,144
DA:273,25
LF:98
LH:89
BRDA:40,0,0,0
BRDA:40,0,1,24
BRDA:41,1,0,1
BRDA:41,1,1,23
BRDA:42,2,0,2
BRDA:42,2,1,21
BRDA:43,3,0,19
BRDA:43,3,1,2
BRDA:44,4,0,1
BRDA:44,4,1,1
BRDA:53,5,0,6
BRDA:53,5,1,2
BRDA:53,6,0,8
BRDA:53,6,1,2
BRDA:58,7,0,1
BRDA:58,7,1,1
BRDA:59,8,0,0
BRDA:59,8,1,1
BRDA:60,9,0,0
BRDA:60,9,1,1
BRDA:61,10,0,1
BRDA:61,10,1,0
BRDA:62,11,0,0
BRDA:62,11,1,0
BRDA:72,12,0,6
BRDA:72,12,1,2
BRDA:72,13,0,8
BRDA:72,13,1,2
BRDA:74,14,0,0
BRDA:74,14,1,6
BRDA:75,15,0,6
BRDA:75,15,1,0
BRDA:76,16,0,0
BRDA:76,16,1,0
BRDA:77,17,0,0
BRDA:77,17,1,0
BRDA:81,18,0,1
BRDA:81,18,1,1
BRDA:82,19,0,0
BRDA:82,19,1,1
BRDA:83,20,0,0
BRDA:83,20,1,1
BRDA:84,21,0,0
BRDA:84,21,1,1
BRDA:85,22,0,1
BRDA:85,22,1,0
BRDA:95,23,0,0
BRDA:95,23,1,22
BRDA:96,24,0,22
BRDA:96,24,1,0
BRDA:96,25,0,22
BRDA:96,25,1,22
BRDA:97,26,0,0
BRDA:97,26,1,0
BRDA:99,27,0,0
BRDA:99,27,1,0
BRDA:108,28,0,20
BRDA:108,28,1,4
BRDA:109,29,0,1
BRDA:109,29,1,3
BRDA:110,30,0,1
BRDA:110,30,1,2
BRDA:145,31,0,28
BRDA:145,31,1,147
BRDA:146,32,0,14
BRDA:146,32,1,14
BRDA:150,33,0,14
BRDA:150,33,1,14
BRDA:158,34,0,2
BRDA:158,34,1,23
BRDA:159,35,0,2
BRDA:159,35,1,23
BRDA:187,36,0,25
BRDA:187,36,1,0
BRDA:191,37,0,25
BRDA:191,37,1,0
BRDA:196,38,0,24
BRDA:196,38,1,1
BRDA:196,39,0,25
BRDA:196,39,1,24
BRDA:199,40,0,24
BRDA:199,40,1,0
BRDA:206,41,0,24
BRDA:206,41,1,1
BRDA:210,42,0,25
BRDA:210,42,1,17
BRDA:214,43,0,8
BRDA:214,43,1,17
BRDA:218,44,0,25
BRDA:218,44,1,17
BRDA:222,45,0,8
BRDA:222,45,1,17
BRDA:226,46,0,22
BRDA:226,46,1,3
BRDA:227,47,0,22
BRDA:227,47,1,0
BRDA:232,48,0,22
BRDA:232,48,1,3
BRDA:236,49,0,24
BRDA:236,49,1,1
BRDA:242,50,0,24
BRDA:242,50,1,1
BRDA:255,51,0,111
BRDA:255,51,1,39
BRDA:255,52,0,150
BRDA:255,52,1,111
BRDA:258,53,0,111
BRDA:258,53,1,39
BRDA:263,54,0,150
BRDA:263,54,1,39
BRDA:269,55,0,24
BRDA:269,55,1,1
BRF:112
BRH:86
end_of_record
TN:
SF:src\utils\servingmath.ts
FN:10,scaleNutrient
FN:19,roundForDisplay
FN:28,formatNutrient
FN:38,computeMultiplier
FN:46,scaleNutrition
FN:75,displayNutrition
FN:103,formatQuantity
FNF:7
FNH:5
FNDA:33,scaleNutrient
FNDA:3,roundForDisplay
FNDA:0,formatNutrient
FNDA:6,computeMultiplier
FNDA:3,scaleNutrition
FNDA:0,displayNutrition
FNDA:5,formatQuantity
DA:11,33
DA:12,27
DA:20,3
DA:21,2
DA:29,0
DA:30,0
DA:31,0
DA:39,6
DA:51,3
DA:53,3
DA:76,0
DA:96,1
DA:104,5
DA:109,5
DA:110,2
DA:111,0
LF:16
LH:11
BRDA:11,0,0,6
BRDA:11,0,1,27
BRDA:20,1,0,1
BRDA:20,1,1,2
BRDA:28,2,0,0
BRDA:29,3,0,0
BRDA:29,3,1,0
BRDA:31,4,0,0
BRDA:31,4,1,0
BRDA:109,5,0,3
BRDA:109,5,1,2
BRDA:110,6,0,2
BRDA:110,6,1,0
BRF:13
BRH:7
end_of_record
TN:
SF:src\utils\storage.ts
FN:117,dateKey
FN:126,(anonymous_1)
FN:156,enforceItemCap
FN:172,invalidateKeyCache
FN:195,asyncWithTimeout
FN:203,(anonymous_5)
FN:206,onTimeout
FN:214,(anonymous_7)
FN:218,rafCheck
FN:252,storageGet
FN:278,storageSet
FN:318,storageDelete
FN:337,storageList
FN:345,(anonymous_13)
FN:360,storageGetMultiple
FN:385,storageDeleteMultiple
FN:403,storageClearAll
FN:425,storageAppend
FN:430,(anonymous_18)
FNF:19
FNH:12
FNDA:2761,dateKey
FNDA:1,(anonymous_1)
FNDA:36,enforceItemCap
FNDA:39,invalidateKeyCache
FNDA:818,asyncWithTimeout
FNDA:818,(anonymous_5)
FNDA:0,onTimeout
FNDA:0,(anonymous_7)
FNDA:0,rafCheck
FNDA:781,storageGet
FNDA:36,storageSet
FNDA:3,storageDelete
FNDA:49,storageList
FNDA:195,(anonymous_13)
FNDA:26,storageGetMultiple
FNDA:0,storageDeleteMultiple
FNDA:0,storageClearAll
FNDA:0,storageAppend
FNDA:0,(anonymous_18)
DA:13,17
DA:118,2761
DA:132,1
DA:133,1
DA:142,17
DA:143,17
DA:146,17
DA:157,36
DA:158,36
DA:159,0
DA:161,0
DA:168,17
DA:169,17
DA:170,17
DA:173,39
DA:180,17
DA:201,818
DA:203,818
DA:204,818
DA:207,0
DA:208,0
DA:209,0
DA:210,0
DA:214,818
DA:219,0
DA:220,0
DA:221,0
DA:223,0
DA:224,0
DA:225,0
DA:226,0
DA:228,0
DA:230,818
DA:233,818
DA:234,818
DA:235,818
DA:237,818
DA:242,17
DA:253,781
DA:254,781
DA:260,781
DA:261,624
DA:263,157
DA:265,0
DA:279,36
DA:281,36
DA:282,36
DA:285,36
DA:287,36
DA:288,0
DA:295,36
DA:296,0
DA:299,36
DA:302,36
DA:304,0
DA:305,0
DA:319,3
DA:320,3
DA:322,3
DA:324,0
DA:338,49
DA:340,49
DA:341,49
DA:342,27
DA:343,27
DA:345,195
DA:347,0
DA:361,26
DA:362,26
DA:363,26
DA:364,26
DA:365,178
DA:366,148
DA:368,30
DA:371,26
DA:373,0
DA:386,0
DA:387,0
DA:388,0
DA:390,0
DA:404,0
DA:405,0
DA:406,0
DA:407,0
DA:409,0
DA:411,0
DA:427,0
DA:428,0
DA:430,0
DA:431,0
DA:432,0
DA:433,0
DA:436,0
DA:437,0
DA:438,0
DA:440,0
LF:96
LH:54
BRDA:158,0,0,36
BRDA:158,0,1,0
BRDA:158,1,0,36
BRDA:158,1,1,0
BRDA:159,2,0,0
BRDA:159,2,1,0
BRDA:207,3,0,0
BRDA:207,3,1,0
BRDA:209,4,0,0
BRDA:209,4,1,0
BRDA:219,5,0,0
BRDA:219,5,1,0
BRDA:223,6,0,0
BRDA:223,6,1,0
BRDA:260,7,0,624
BRDA:260,7,1,157
BRDA:287,8,0,0
BRDA:287,8,1,36
BRDA:295,9,0,0
BRDA:295,9,1,36
BRDA:304,10,0,0
BRDA:304,10,1,0
BRDA:341,11,0,27
BRDA:341,11,1,22
BRDA:341,12,0,49
BRDA:341,12,1,22
BRDA:365,13,0,148
BRDA:365,13,1,30
BRDA:406,14,0,0
BRDA:406,14,1,0
BRDA:428,15,0,0
BRDA:428,15,1,0
BRDA:431,16,0,0
BRDA:431,16,1,0
BRF:34
BRH:12
end_of_record
TN:
SF:src\utils\tokenEstimator.ts
FN:8,estimateTokens
FNF:1
FNH:1
FNDA:3,estimateTokens
DA:9,3
LF:1
LH:1
BRF:0
BRH:0
end_of_record
TN:
SF:src\utils\tracking.ts
FN:12,requestTrackingPermission
FN:24,isTrackingAllowed
FNF:2
FNH:0
FNDA:0,requestTrackingPermission
FNDA:0,isTrackingAllowed
DA:10,1
DA:13,0
DA:14,0
DA:15,0
DA:16,0
DA:19,0
DA:20,0
DA:25,0
DA:26,0
DA:28,0
DA:29,0
DA:30,0
DA:31,0
DA:32,0
DA:34,0
LF:15
LH:1
BRDA:15,0,0,0
BRDA:15,0,1,0
BRDA:25,1,0,0
BRDA:25,1,1,0
BRDA:30,2,0,0
BRDA:30,2,1,0
BRDA:31,3,0,0
BRDA:31,3,1,0
BRF:8
BRH:0
end_of_record
